#
# A fatal error has been detected by the Java Runtime Environment:
#
#  EXCEPTION_ACCESS_VIOLATION (0xc0000005) at pc=0x1002790a, pid=44624, tid=21140
#
# JRE version: 7.0_04-b22
# Java VM: Java HotSpot(TM) Client VM (23.0-b21 mixed mode, sharing windows-x86 )
# Problematic frame:
# C  [tessdll.dll+0x2790a]  TessDllBeginPageBPP+0x25f8a
#
# Core dump written. Default location: C:\Users\Michael\git\DonQuizote\DonQuizote\hs_err_pid44624.mdmp
#
# If you would like to submit a bug report, please visit:
#   http://bugreport.sun.com/bugreport/crash.jsp
# The crash happened outside the Java Virtual Machine in native code.
# See problematic frame for where to report the bug.
#

---------------  T H R E A D  ---------------

Current thread (0x0489e400):  JavaThread "AWT-EventQueue-0" [_thread_in_native, id=21140, stack(0x05260000,0x052b0000)]

siginfo: ExceptionCode=0xc0000005, reading address 0x616e6f00

Registers:
EAX=0x616e6f00, EBX=0x00000000, ECX=0x06203350, EDX=0x049a0048
ESP=0x052ae6fc, EBP=0x052ae838, ESI=0x06203348, EDI=0x00000017
EIP=0x1002790a, EFLAGS=0x00010246

Top of Stack: (sp=0x052ae6fc)
0x052ae6fc:   ef183367 01317568 000000d9 06203348
0x052ae70c:   616e6f00 ffffffff 052ae734 73fa3a58
0x052ae71c:   01310000 00000000 00000010 00000017
0x052ae72c:   000000d9 01317568 052ae74c 73fa3b58
0x052ae73c:   00000010 00000000 052ae768 10082706
0x052ae74c:   ffffffff 100011a3 616e6f00 ef18333b
0x052ae75c:   01317568 061d90c8 06203348 052ae7b8
0x052ae76c:   10080bd3 00000001 100015cd ef18331b 

Instructions: (pc=0x1002790a)
0x100278ea:   50 8d 44 24 48 64 a3 00 00 00 00 8b f1 89 74 24
0x100278fa:   0c 8d 4e 08 33 db 89 19 8b 44 24 58 89 44 24 10
0x1002790a:   8b 10 89 54 24 14 89 5c 24 50 39 18 74 14 8b 00
0x1002791a:   8b 10 89 54 24 18 3b d3 74 0e 8b 02 89 44 24 1c 


Register to memory mapping:

EAX=0x616e6f00 is an unknown value
EBX=0x00000000 is an unknown value
ECX=0x06203350 is an unknown value
EDX=0x049a0048 is an unknown value
ESP=0x052ae6fc is pointing into the stack for thread: 0x0489e400
EBP=0x052ae838 is pointing into the stack for thread: 0x0489e400
ESI=0x06203348 is an unknown value
EDI=0x00000017 is an unknown value


Stack: [0x05260000,0x052b0000],  sp=0x052ae6fc,  free space=313k
Native frames: (J=compiled Java code, j=interpreted, Vv=VM code, C=native code)
C  [tessdll.dll+0x2790a]  TessDllBeginPageBPP+0x25f8a
j  net.gencsoy.tesjeract.Tesjeract.recognizeAllWords(Ljava/nio/ByteBuffer;)[Lnet/gencsoy/tesjeract/EANYCodeChar;+0
j  donQuizote_v2.TesjeractOCR.recognise(Ljava/awt/image/BufferedImage;)Ljava/lang/String;+50
j  donQuizote_v2.DonQuizote.getQAString()[Ljava/lang/String;+59
j  donQuizote_v2.DonQuizote.answerQuestion()Ljava/lang/String;+13
j  donQuizote_v2.DQWindow$2.actionPerformed(Ljava/awt/event/ActionEvent;)V+7
j  javax.swing.AbstractButton.fireActionPerformed(Ljava/awt/event/ActionEvent;)V+84
j  javax.swing.AbstractButton$Handler.actionPerformed(Ljava/awt/event/ActionEvent;)V+5
j  javax.swing.DefaultButtonModel.fireActionPerformed(Ljava/awt/event/ActionEvent;)V+35
j  javax.swing.DefaultButtonModel.setPressed(Z)V+117
j  javax.swing.plaf.basic.BasicButtonListener.mouseReleased(Ljava/awt/event/MouseEvent;)V+35
j  java.awt.Component.processMouseEvent(Ljava/awt/event/MouseEvent;)V+64
j  javax.swing.JComponent.processMouseEvent(Ljava/awt/event/MouseEvent;)V+23
j  java.awt.Component.processEvent(Ljava/awt/AWTEvent;)V+81
j  java.awt.Container.processEvent(Ljava/awt/AWTEvent;)V+18
j  java.awt.Component.dispatchEventImpl(Ljava/awt/AWTEvent;)V+581
j  java.awt.Container.dispatchEventImpl(Ljava/awt/AWTEvent;)V+42
j  java.awt.Component.dispatchEvent(Ljava/awt/AWTEvent;)V+2
j  java.awt.LightweightDispatcher.retargetMouseEvent(Ljava/awt/Component;ILjava/awt/event/MouseEvent;)V+327
j  java.awt.LightweightDispatcher.processMouseEvent(Ljava/awt/event/MouseEvent;)Z+139
j  java.awt.LightweightDispatcher.dispatchEvent(Ljava/awt/AWTEvent;)Z+50
j  java.awt.Container.dispatchEventImpl(Ljava/awt/AWTEvent;)V+12
j  java.awt.Window.dispatchEventImpl(Ljava/awt/AWTEvent;)V+19
j  java.awt.Component.dispatchEvent(Ljava/awt/AWTEvent;)V+2
j  java.awt.EventQueue.dispatchEventImpl(Ljava/awt/AWTEvent;Ljava/lang/Object;)V+41
j  java.awt.EventQueue.access$000(Ljava/awt/EventQueue;Ljava/awt/AWTEvent;Ljava/lang/Object;)V+3
j  java.awt.EventQueue$3.run()Ljava/lang/Void;+12
j  java.awt.EventQueue$3.run()Ljava/lang/Object;+1
v  ~StubRoutines::call_stub
V  [jvm.dll+0x1296da]
V  [jvm.dll+0x1d837e]
V  [jvm.dll+0x12975d]
V  [jvm.dll+0xd914a]
C  [java.dll+0x102f]  Java_java_security_AccessController_doPrivileged__Ljava_security_PrivilegedAction_2Ljava_security_AccessControlContext_2+0x17
j  java.security.ProtectionDomain$1.doIntersectionPrivilege(Ljava/security/PrivilegedAction;Ljava/security/AccessControlContext;Ljava/security/AccessControlContext;)Ljava/lang/Object;+28
j  java.security.ProtectionDomain$1.doIntersectionPrivilege(Ljava/security/PrivilegedAction;Ljava/security/AccessControlContext;)Ljava/lang/Object;+6
j  java.awt.EventQueue$4.run()Ljava/lang/Void;+11
j  java.awt.EventQueue$4.run()Ljava/lang/Object;+1
v  ~StubRoutines::call_stub
V  [jvm.dll+0x1296da]
V  [jvm.dll+0x1d837e]
V  [jvm.dll+0x12975d]
V  [jvm.dll+0xd914a]
C  [java.dll+0x102f]  Java_java_security_AccessController_doPrivileged__Ljava_security_PrivilegedAction_2Ljava_security_AccessControlContext_2+0x17
j  java.security.ProtectionDomain$1.doIntersectionPrivilege(Ljava/security/PrivilegedAction;Ljava/security/AccessControlContext;Ljava/security/AccessControlContext;)Ljava/lang/Object;+28
j  java.awt.EventQueue.dispatchEvent(Ljava/awt/AWTEvent;)V+73
j  java.awt.EventDispatchThread.pumpOneEventForFilters(I)V+245
j  java.awt.EventDispatchThread.pumpEventsForFilter(ILjava/awt/Conditional;Ljava/awt/EventFilter;)V+48
j  java.awt.EventDispatchThread.pumpEventsForHierarchy(ILjava/awt/Conditional;Ljava/awt/Component;)V+11
j  java.awt.EventDispatchThread.pumpEvents(ILjava/awt/Conditional;)V+4
j  java.awt.EventDispatchThread.pumpEvents(Ljava/awt/Conditional;)V+3
j  java.awt.EventDispatchThread.run()V+9
v  ~StubRoutines::call_stub
V  [jvm.dll+0x1296da]
V  [jvm.dll+0x1d837e]
V  [jvm.dll+0x1298c3]
V  [jvm.dll+0x129927]
V  [jvm.dll+0xd24af]
V  [jvm.dll+0x149987]
V  [jvm.dll+0x149af0]
V  [jvm.dll+0x17df89]
C  [msvcr100.dll+0x5c6de]  endthreadex+0x3a
C  [msvcr100.dll+0x5c788]  endthreadex+0xe4
C  [kernel32.dll+0x13677]  BaseThreadInitThunk+0x12
C  [ntdll.dll+0x39f42]  RtlInitializeExceptionChain+0x63
C  [ntdll.dll+0x39f15]  RtlInitializeExceptionChain+0x36

Java frames: (J=compiled Java code, j=interpreted, Vv=VM code)
j  net.gencsoy.tesjeract.Tesjeract.recognizeAllWords(Ljava/nio/ByteBuffer;)[Lnet/gencsoy/tesjeract/EANYCodeChar;+0
j  donQuizote_v2.TesjeractOCR.recognise(Ljava/awt/image/BufferedImage;)Ljava/lang/String;+50
j  donQuizote_v2.DonQuizote.getQAString()[Ljava/lang/String;+59
j  donQuizote_v2.DonQuizote.answerQuestion()Ljava/lang/String;+13
j  donQuizote_v2.DQWindow$2.actionPerformed(Ljava/awt/event/ActionEvent;)V+7
j  javax.swing.AbstractButton.fireActionPerformed(Ljava/awt/event/ActionEvent;)V+84
j  javax.swing.AbstractButton$Handler.actionPerformed(Ljava/awt/event/ActionEvent;)V+5
j  javax.swing.DefaultButtonModel.fireActionPerformed(Ljava/awt/event/ActionEvent;)V+35
j  javax.swing.DefaultButtonModel.setPressed(Z)V+117
j  javax.swing.plaf.basic.BasicButtonListener.mouseReleased(Ljava/awt/event/MouseEvent;)V+35
j  java.awt.Component.processMouseEvent(Ljava/awt/event/MouseEvent;)V+64
j  javax.swing.JComponent.processMouseEvent(Ljava/awt/event/MouseEvent;)V+23
j  java.awt.Component.processEvent(Ljava/awt/AWTEvent;)V+81
j  java.awt.Container.processEvent(Ljava/awt/AWTEvent;)V+18
j  java.awt.Component.dispatchEventImpl(Ljava/awt/AWTEvent;)V+581
j  java.awt.Container.dispatchEventImpl(Ljava/awt/AWTEvent;)V+42
j  java.awt.Component.dispatchEvent(Ljava/awt/AWTEvent;)V+2
j  java.awt.LightweightDispatcher.retargetMouseEvent(Ljava/awt/Component;ILjava/awt/event/MouseEvent;)V+327
j  java.awt.LightweightDispatcher.processMouseEvent(Ljava/awt/event/MouseEvent;)Z+139
j  java.awt.LightweightDispatcher.dispatchEvent(Ljava/awt/AWTEvent;)Z+50
j  java.awt.Container.dispatchEventImpl(Ljava/awt/AWTEvent;)V+12
j  java.awt.Window.dispatchEventImpl(Ljava/awt/AWTEvent;)V+19
j  java.awt.Component.dispatchEvent(Ljava/awt/AWTEvent;)V+2
j  java.awt.EventQueue.dispatchEventImpl(Ljava/awt/AWTEvent;Ljava/lang/Object;)V+41
j  java.awt.EventQueue.access$000(Ljava/awt/EventQueue;Ljava/awt/AWTEvent;Ljava/lang/Object;)V+3
j  java.awt.EventQueue$3.run()Ljava/lang/Void;+12
j  java.awt.EventQueue$3.run()Ljava/lang/Object;+1
v  ~StubRoutines::call_stub
j  java.security.AccessController.doPrivileged(Ljava/security/PrivilegedAction;Ljava/security/AccessControlContext;)Ljava/lang/Object;+0
j  java.security.ProtectionDomain$1.doIntersectionPrivilege(Ljava/security/PrivilegedAction;Ljava/security/AccessControlContext;Ljava/security/AccessControlContext;)Ljava/lang/Object;+28
j  java.security.ProtectionDomain$1.doIntersectionPrivilege(Ljava/security/PrivilegedAction;Ljava/security/AccessControlContext;)Ljava/lang/Object;+6
j  java.awt.EventQueue$4.run()Ljava/lang/Void;+11
j  java.awt.EventQueue$4.run()Ljava/lang/Object;+1
v  ~StubRoutines::call_stub
j  java.security.AccessController.doPrivileged(Ljava/security/PrivilegedAction;Ljava/security/AccessControlContext;)Ljava/lang/Object;+0
j  java.security.ProtectionDomain$1.doIntersectionPrivilege(Ljava/security/PrivilegedAction;Ljava/security/AccessControlContext;Ljava/security/AccessControlContext;)Ljava/lang/Object;+28
j  java.awt.EventQueue.dispatchEvent(Ljava/awt/AWTEvent;)V+73
j  java.awt.EventDispatchThread.pumpOneEventForFilters(I)V+245
j  java.awt.EventDispatchThread.pumpEventsForFilter(ILjava/awt/Conditional;Ljava/awt/EventFilter;)V+48
j  java.awt.EventDispatchThread.pumpEventsForHierarchy(ILjava/awt/Conditional;Ljava/awt/Component;)V+11
j  java.awt.EventDispatchThread.pumpEvents(ILjava/awt/Conditional;)V+4
j  java.awt.EventDispatchThread.pumpEvents(Ljava/awt/Conditional;)V+3
j  java.awt.EventDispatchThread.run()V+9
v  ~StubRoutines::call_stub

---------------  P R O C E S S  ---------------

Java Threads: ( => current thread )
  0x048a0000 JavaThread "SwingWorker-pool-1-thread-2" daemon [_thread_blocked, id=38980, stack(0x05f40000,0x05f90000)]
  0x0489fc00 JavaThread "SwingWorker-pool-1-thread-1" daemon [_thread_blocked, id=29592, stack(0x05eb0000,0x05f00000)]
  0x0489f400 JavaThread "TimerQueue" daemon [_thread_blocked, id=32468, stack(0x05d60000,0x05db0000)]
  0x0489f000 JavaThread "DestroyJavaVM" [_thread_blocked, id=20604, stack(0x00ac0000,0x00b10000)]
  0x0489e800 JavaThread "Abandoned connection cleanup thread" daemon [_thread_blocked, id=16920, stack(0x05aa0000,0x05af0000)]
=>0x0489e400 JavaThread "AWT-EventQueue-0" [_thread_in_native, id=21140, stack(0x05260000,0x052b0000)]
  0x0489dc00 JavaThread "AWT-Windows" daemon [_thread_in_native, id=32656, stack(0x00e90000,0x00ee0000)]
  0x0489d400 JavaThread "AWT-Shutdown" [_thread_blocked, id=2748, stack(0x04d60000,0x04db0000)]
  0x0489d000 JavaThread "Java2D Disposer" daemon [_thread_blocked, id=38160, stack(0x04b60000,0x04bb0000)]
  0x00aab400 JavaThread "Service Thread" daemon [_thread_blocked, id=36392, stack(0x011e0000,0x01230000)]
  0x00a97c00 JavaThread "C1 CompilerThread0" daemon [_thread_blocked, id=25616, stack(0x01190000,0x011e0000)]
  0x00a96800 JavaThread "Attach Listener" daemon [_thread_blocked, id=36080, stack(0x01030000,0x01080000)]
  0x00a93800 JavaThread "Signal Dispatcher" daemon [_thread_blocked, id=43740, stack(0x00e40000,0x00e90000)]
  0x00a7ec00 JavaThread "Finalizer" daemon [_thread_blocked, id=41584, stack(0x00fe0000,0x01030000)]
  0x00a7d400 JavaThread "Reference Handler" daemon [_thread_blocked, id=26152, stack(0x00f20000,0x00f70000)]

Other Threads:
  0x00a7c000 VMThread [stack: 0x00da0000,0x00df0000] [id=44436]
  0x047b8c00 WatcherThread [stack: 0x00f90000,0x00fe0000] [id=45276]

VM state:not at safepoint (normal execution)

VM Mutex/Monitor currently owned by a thread: None

Heap
 def new generation   total 4928K, used 451K [0x24800000, 0x24d50000, 0x29d50000)
  eden space 4416K,   1% used [0x24800000, 0x2480dfd0, 0x24c50000)
  from space 512K,  77% used [0x24c50000, 0x24cb2fa8, 0x24cd0000)
  to   space 512K,   0% used [0x24cd0000, 0x24cd0000, 0x24d50000)
 tenured generation   total 10944K, used 10690K [0x29d50000, 0x2a800000, 0x34800000)
   the space 10944K,  97% used [0x29d50000, 0x2a7c0a50, 0x2a7c0c00, 0x2a800000)
 compacting perm gen  total 12288K, used 7036K [0x34800000, 0x35400000, 0x38800000)
   the space 12288K,  57% used [0x34800000, 0x34edf2f8, 0x34edf400, 0x35400000)
    ro space 10240K,  42% used [0x38800000, 0x38c3e578, 0x38c3e600, 0x39200000)
    rw space 12288K,  54% used [0x39200000, 0x3987f0e8, 0x3987f200, 0x39e00000)

Code Cache  [0x027a0000, 0x02910000, 0x047a0000)
 total_blobs=770 nmethods=528 adapters=177 free_code_cache=31321Kb largest_free_block=32072256

Compilation events (10 events):
Event: 64.818 Thread 0x00a97c00  527             sun.java2d.pipe.LoopPipe::fillRect (32 bytes)
Event: 64.819 Thread 0x00a97c00 nmethod 527 0x02908148 code [0x02908250, 0x0290832c]
Event: 64.819 Thread 0x00a97c00  529   !         sun.java2d.SunGraphics2D::fillRect (74 bytes)
Event: 64.820 Thread 0x00a97c00 nmethod 529 0x02908448 code [0x02908570, 0x02908784]
Event: 64.894 Thread 0x00a97c00  530             donQuizote_v2.QuizController::invertTable (32 bytes)
Event: 64.895 Thread 0x00a97c00 nmethod 530 0x02908a08 code [0x02908b00, 0x02908c20]
Event: 65.394 Thread 0x00a97c00  531             java.awt.image.SinglePixelPackedSampleModel::getNumDataElements (2 bytes)
Event: 65.395 Thread 0x00a97c00 nmethod 531 0x02908cc8 code [0x02908dc0, 0x02908e40]
Event: 65.395 Thread 0x00a97c00  532             sun.awt.image.IntegerComponentRaster::<init> (272 bytes)
Event: 65.398 Thread 0x00a97c00 nmethod 532 0x02908e88 code [0x02909020, 0x029095a8]

GC Heap History (10 events):
Event: 22.043 GC heap before
{Heap before GC invocations=3 (full 0):
 def new generation   total 4928K, used 4854K [0x24800000, 0x24d50000, 0x29d50000)
  eden space 4416K, 100% used [0x24800000, 0x24c50000, 0x24c50000)
  from space 512K,  85% used [0x24cd0000, 0x24d3d850, 0x24d50000)
  to   space 512K,   0% used [0x24c50000, 0x24c50000, 0x24cd0000)
 tenured generation   total 10944K, used 2700K [0x29d50000, 0x2a800000, 0x34800000)
   the space 10944K,  24% used [0x29d50000, 0x29ff3010, 0x29ff3200, 0x2a800000)
 compacting perm gen  total 12288K, used 5312K [0x34800000, 0x35400000, 0x38800000)
   the space 12288K,  43% used [0x34800000, 0x34d30208, 0x34d30400, 0x35400000)
    ro space 10240K,  42% used [0x38800000, 0x38c3e578, 0x38c3e600, 0x39200000)
    rw space 12288K,  54% used [0x39200000, 0x3987f0e8, 0x3987f200, 0x39e00000)
Event: 22.058 GC heap after
Heap after GC invocations=4 (full 0):
 def new generation   total 4928K, used 512K [0x24800000, 0x24d50000, 0x29d50000)
  eden space 4416K,   0% used [0x24800000, 0x24800000, 0x24c50000)
  from space 512K, 100% used [0x24c50000, 0x24cd0000, 0x24cd0000)
  to   space 512K,   0% used [0x24cd0000, 0x24cd0000, 0x24d50000)
 tenured generation   total 10944K, used 3299K [0x29d50000, 0x2a800000, 0x34800000)
   the space 10944K,  30% used [0x29d50000, 0x2a088de0, 0x2a088e00, 0x2a800000)
 compacting perm gen  total 12288K, used 5312K [0x34800000, 0x35400000, 0x38800000)
   the space 12288K,  43% used [0x34800000, 0x34d30208, 0x34d30400, 0x35400000)
    ro space 10240K,  42% used [0x38800000, 0x38c3e578, 0x38c3e600, 0x39200000)
    rw space 12288K,  54% used [0x39200000, 0x3987f0e8, 0x3987f200, 0x39e00000)
}
Event: 22.335 GC heap before
{Heap before GC invocations=4 (full 0):
 def new generation   total 4928K, used 4928K [0x24800000, 0x24d50000, 0x29d50000)
  eden space 4416K, 100% used [0x24800000, 0x24c50000, 0x24c50000)
  from space 512K, 100% used [0x24c50000, 0x24cd0000, 0x24cd0000)
  to   space 512K,   0% used [0x24cd0000, 0x24cd0000, 0x24d50000)
 tenured generation   total 10944K, used 3299K [0x29d50000, 0x2a800000, 0x34800000)
   the space 10944K,  30% used [0x29d50000, 0x2a088de0, 0x2a088e00, 0x2a800000)
 compacting perm gen  total 12288K, used 6231K [0x34800000, 0x35400000, 0x38800000)
   the space 12288K,  50% used [0x34800000, 0x34e15cb0, 0x34e15e00, 0x35400000)
    ro space 10240K,  42% used [0x38800000, 0x38c3e578, 0x38c3e600, 0x39200000)
    rw space 12288K,  54% used [0x39200000, 0x3987f0e8, 0x3987f200, 0x39e00000)
Event: 22.353 GC heap after
Heap after GC invocations=5 (full 0):
 def new generation   total 4928K, used 512K [0x24800000, 0x24d50000, 0x29d50000)
  eden space 4416K,   0% used [0x24800000, 0x24800000, 0x24c50000)
  from space 512K, 100% used [0x24cd0000, 0x24d50000, 0x24d50000)
  to   space 512K,   0% used [0x24c50000, 0x24c50000, 0x24cd0000)
 tenured generation   total 10944K, used 4178K [0x29d50000, 0x2a800000, 0x34800000)
   the space 10944K,  38% used [0x29d50000, 0x2a164ac8, 0x2a164c00, 0x2a800000)
 compacting perm gen  total 12288K, used 6231K [0x34800000, 0x35400000, 0x38800000)
   the space 12288K,  50% used [0x34800000, 0x34e15cb0, 0x34e15e00, 0x35400000)
    ro space 10240K,  42% used [0x38800000, 0x38c3e578, 0x38c3e600, 0x39200000)
    rw space 12288K,  54% used [0x39200000, 0x3987f0e8, 0x3987f200, 0x39e00000)
}
Event: 22.672 GC heap before
{Heap before GC invocations=5 (full 0):
 def new generation   total 4928K, used 4928K [0x24800000, 0x24d50000, 0x29d50000)
  eden space 4416K, 100% used [0x24800000, 0x24c50000, 0x24c50000)
  from space 512K, 100% used [0x24cd0000, 0x24d50000, 0x24d50000)
  to   space 512K,   0% used [0x24c50000, 0x24c50000, 0x24cd0000)
 tenured generation   total 10944K, used 4178K [0x29d50000, 0x2a800000, 0x34800000)
   the space 10944K,  38% used [0x29d50000, 0x2a164ac8, 0x2a164c00, 0x2a800000)
 compacting perm gen  total 12288K, used 6634K [0x34800000, 0x35400000, 0x38800000)
   the space 12288K,  53% used [0x34800000, 0x34e7aa40, 0x34e7ac00, 0x35400000)
    ro space 10240K,  42% used [0x38800000, 0x38c3e578, 0x38c3e600, 0x39200000)
    rw space 12288K,  54% used [0x39200000, 0x3987f0e8, 0x3987f200, 0x39e00000)
Event: 22.689 GC heap after
Heap after GC invocations=6 (full 0):
 def new generation   total 4928K, used 512K [0x24800000, 0x24d50000, 0x29d50000)
  eden space 4416K,   0% used [0x24800000, 0x24800000, 0x24c50000)
  from space 512K, 100% used [0x24c50000, 0x24cd0000, 0x24cd0000)
  to   space 512K,   0% used [0x24cd0000, 0x24cd0000, 0x24d50000)
 tenured generation   total 10944K, used 5241K [0x29d50000, 0x2a800000, 0x34800000)
   the space 10944K,  47% used [0x29d50000, 0x2a26e4a8, 0x2a26e600, 0x2a800000)
 compacting perm gen  total 12288K, used 6634K [0x34800000, 0x35400000, 0x38800000)
   the space 12288K,  53% used [0x34800000, 0x34e7aa40, 0x34e7ac00, 0x35400000)
    ro space 10240K,  42% used [0x38800000, 0x38c3e578, 0x38c3e600, 0x39200000)
    rw space 12288K,  54% used [0x39200000, 0x3987f0e8, 0x3987f200, 0x39e00000)
}
Event: 51.476 GC heap before
{Heap before GC invocations=6 (full 0):
 def new generation   total 4928K, used 4212K [0x24800000, 0x24d50000, 0x29d50000)
  eden space 4416K,  83% used [0x24800000, 0x24b9d388, 0x24c50000)
  from space 512K, 100% used [0x24c50000, 0x24cd0000, 0x24cd0000)
  to   space 512K,   0% used [0x24cd0000, 0x24cd0000, 0x24d50000)
 tenured generation   total 10944K, used 5241K [0x29d50000, 0x2a800000, 0x34800000)
   the space 10944K,  47% used [0x29d50000, 0x2a26e4a8, 0x2a26e600, 0x2a800000)
 compacting perm gen  total 12288K, used 7011K [0x34800000, 0x35400000, 0x38800000)
   the space 12288K,  57% used [0x34800000, 0x34ed8fe8, 0x34ed9000, 0x35400000)
    ro space 10240K,  42% used [0x38800000, 0x38c3e578, 0x38c3e600, 0x39200000)
    rw space 12288K,  54% used [0x39200000, 0x3987f0e8, 0x3987f200, 0x39e00000)
Event: 51.488 GC heap after
Heap after GC invocations=7 (full 0):
 def new generation   total 4928K, used 250K [0x24800000, 0x24d50000, 0x29d50000)
  eden space 4416K,   0% used [0x24800000, 0x24800000, 0x24c50000)
  from space 512K,  49% used [0x24cd0000, 0x24d0ebd8, 0x24d50000)
  to   space 512K,   0% used [0x24c50000, 0x24c50000, 0x24cd0000)
 tenured generation   total 10944K, used 5570K [0x29d50000, 0x2a800000, 0x34800000)
   the space 10944K,  50% used [0x29d50000, 0x2a2c0a40, 0x2a2c0c00, 0x2a800000)
 compacting perm gen  total 12288K, used 7011K [0x34800000, 0x35400000, 0x38800000)
   the space 12288K,  57% used [0x34800000, 0x34ed8fe8, 0x34ed9000, 0x35400000)
    ro space 10240K,  42% used [0x38800000, 0x38c3e578, 0x38c3e600, 0x39200000)
    rw space 12288K,  54% used [0x39200000, 0x3987f0e8, 0x3987f200, 0x39e00000)
}
Event: 65.387 GC heap before
{Heap before GC invocations=7 (full 0):
 def new generation   total 4928K, used 4666K [0x24800000, 0x24d50000, 0x29d50000)
  eden space 4416K, 100% used [0x24800000, 0x24c50000, 0x24c50000)
  from space 512K,  49% used [0x24cd0000, 0x24d0ebd8, 0x24d50000)
  to   space 512K,   0% used [0x24c50000, 0x24c50000, 0x24cd0000)
 tenured generation   total 10944K, used 10690K [0x29d50000, 0x2a800000, 0x34800000)
   the space 10944K,  97% used [0x29d50000, 0x2a7c0a50, 0x2a7c0c00, 0x2a800000)
 compacting perm gen  total 12288K, used 7036K [0x34800000, 0x35400000, 0x38800000)
   the space 12288K,  57% used [0x34800000, 0x34edf2f8, 0x34edf400, 0x35400000)
    ro space 10240K,  42% used [0x38800000, 0x38c3e578, 0x38c3e600, 0x39200000)
    rw space 12288K,  54% used [0x39200000, 0x3987f0e8, 0x3987f200, 0x39e00000)
Event: 65.393 GC heap after
Heap after GC invocations=8 (full 0):
 def new generation   total 4928K, used 395K [0x24800000, 0x24d50000, 0x29d50000)
  eden space 4416K,   0% used [0x24800000, 0x24800000, 0x24c50000)
  from space 512K,  77% used [0x24c50000, 0x24cb2fa8, 0x24cd0000)
  to   space 512K,   0% used [0x24cd0000, 0x24cd0000, 0x24d50000)
 tenured generation   total 10944K, used 10690K [0x29d50000, 0x2a800000, 0x34800000)
   the space 10944K,  97% used [0x29d50000, 0x2a7c0a50, 0x2a7c0c00, 0x2a800000)
 compacting perm gen  total 12288K, used 7036K [0x34800000, 0x35400000, 0x38800000)
   the space 12288K,  57% used [0x34800000, 0x34edf2f8, 0x34edf400, 0x35400000)
    ro space 10240K,  42% used [0x38800000, 0x38c3e578, 0x38c3e600, 0x39200000)
    rw space 12288K,  54% used [0x39200000, 0x3987f0e8, 0x3987f200, 0x39e00000)
}

Deoptimization events (0 events):
No events

Internal exceptions (10 events):
Event: 22.919 Thread 0x0489e400 Threw 0x249adc40 at C:\jdk7u2_32P\jdk7u4\hotspot\src\share\vm\classfile\systemDictionary.cpp:179
Event: 22.951 Thread 0x0489e400 Threw 0x249e0958 at C:\jdk7u2_32P\jdk7u4\hotspot\src\share\vm\classfile\systemDictionary.cpp:179
Event: 22.978 Thread 0x0489e400 Threw 0x24a39728 at C:\jdk7u2_32P\jdk7u4\hotspot\src\share\vm\classfile\systemDictionary.cpp:179
Event: 23.025 Thread 0x0489e400 Threw 0x24a6edf0 at C:\jdk7u2_32P\jdk7u4\hotspot\src\share\vm\classfile\systemDictionary.cpp:179
Event: 23.047 Thread 0x0489e400 Threw 0x24ac8928 at C:\jdk7u2_32P\jdk7u4\hotspot\src\share\vm\classfile\systemDictionary.cpp:179
Event: 23.077 Thread 0x0489e400 Threw 0x24afb778 at C:\jdk7u2_32P\jdk7u4\hotspot\src\share\vm\classfile\systemDictionary.cpp:179
Event: 23.097 Thread 0x0489e400 Threw 0x24b51b80 at C:\jdk7u2_32P\jdk7u4\hotspot\src\share\vm\prims\jvm.cpp:1170
Event: 23.097 Thread 0x0489e400 Threw 0x24b51b80 at C:\jdk7u2_32P\jdk7u4\hotspot\src\share\vm\prims\jvm.cpp:1170
Event: 60.459 Thread 0x0489e400 Threw 0x24abd4b8 at C:\jdk7u2_32P\jdk7u4\hotspot\src\share\vm\prims\jvm.cpp:1166
Event: 60.460 Thread 0x0489e400 Threw 0x24abf490 at C:\jdk7u2_32P\jdk7u4\hotspot\src\share\vm\prims\jvm.cpp:1166

Events (10 events):
Event: 64.888 Executing VM operation: RevokeBias done
Event: 64.888 Thread 0x048a0800 Thread exited: 0x048a0800
Event: 65.387 Executing VM operation: GenCollectForAllocation
Event: 65.393 Executing VM operation: GenCollectForAllocation done
Event: 65.393 Executing VM operation: RevokeBias
Event: 65.394 Executing VM operation: RevokeBias done
Event: 65.394 Executing VM operation: RevokeBias
Event: 65.394 Executing VM operation: RevokeBias done
Event: 65.399 Executing VM operation: RevokeBias
Event: 65.399 Executing VM operation: RevokeBias done


Dynamic libraries:
0x01370000 - 0x0139f000 	C:\Program Files (x86)\Java\jre7\bin\javaw.exe
0x77170000 - 0x772f0000 	C:\Windows\SysWOW64\ntdll.dll
0x769c0000 - 0x76ad0000 	C:\Windows\syswow64\kernel32.dll
0x76c90000 - 0x76cd7000 	C:\Windows\syswow64\KERNELBASE.dll
0x755d0000 - 0x75670000 	C:\Windows\syswow64\ADVAPI32.dll
0x74d40000 - 0x74dec000 	C:\Windows\syswow64\msvcrt.dll
0x75b90000 - 0x75ba9000 	C:\Windows\SysWOW64\sechost.dll
0x75a20000 - 0x75b10000 	C:\Windows\syswow64\RPCRT4.dll
0x74cd0000 - 0x74d30000 	C:\Windows\syswow64\SspiCli.dll
0x74cc0000 - 0x74ccc000 	C:\Windows\syswow64\CRYPTBASE.dll
0x75680000 - 0x75780000 	C:\Windows\syswow64\USER32.dll
0x74eb0000 - 0x74f40000 	C:\Windows\syswow64\GDI32.dll
0x76850000 - 0x7685a000 	C:\Windows\syswow64\LPK.dll
0x74fb0000 - 0x7504d000 	C:\Windows\syswow64\USP10.dll
0x623c0000 - 0x6255e000 	C:\Windows\WinSxS\x86_microsoft.windows.common-controls_6595b64144ccf1df_6.0.7600.16385_none_421189da2b7fabfc\COMCTL32.dll
0x76c30000 - 0x76c87000 	C:\Windows\syswow64\SHLWAPI.dll
0x74f50000 - 0x74fb0000 	C:\Windows\system32\IMM32.DLL
0x76b40000 - 0x76c0c000 	C:\Windows\syswow64\MSCTF.dll
0x645e0000 - 0x6469e000 	C:\Program Files (x86)\Java\jre7\bin\msvcr100.dll
0x77cb0000 - 0x77ffa000 	C:\Program Files (x86)\Java\jre7\bin\client\jvm.dll
0x748f0000 - 0x748f7000 	C:\Windows\system32\WSOCK32.dll
0x76b00000 - 0x76b35000 	C:\Windows\syswow64\WS2_32.dll
0x74f40000 - 0x74f46000 	C:\Windows\syswow64\NSI.dll
0x747d0000 - 0x74802000 	C:\Windows\system32\WINMM.dll
0x77140000 - 0x77145000 	C:\Windows\syswow64\PSAPI.DLL
0x61310000 - 0x6131c000 	C:\Program Files (x86)\Java\jre7\bin\verify.dll
0x612f0000 - 0x61310000 	C:\Program Files (x86)\Java\jre7\bin\java.dll
0x5e210000 - 0x5e223000 	C:\Program Files (x86)\Java\jre7\bin\zip.dll
0x10000000 - 0x10119000 	C:\Program Files (x86)\tesseract-2.04\tessdll.dll
0x73f40000 - 0x73fe3000 	C:\Windows\WinSxS\x86_microsoft.vc90.crt_1fc8b3b9a1e18e3b_9.0.30729.4926_none_508ed732bcbc0e5a\MSVCR90.dll
0x72450000 - 0x724de000 	C:\Windows\WinSxS\x86_microsoft.vc90.crt_1fc8b3b9a1e18e3b_9.0.30729.4926_none_508ed732bcbc0e5a\MSVCP90.dll
0x68ec0000 - 0x68ecc000 	C:\Users\Michael\Coding\Libraries\tesjeract-0.3.3\tesjeract.dll
0x6c060000 - 0x6c1a2000 	C:\Program Files (x86)\Java\jre7\bin\awt.dll
0x74e20000 - 0x74eaf000 	C:\Windows\syswow64\OLEAUT32.dll
0x76860000 - 0x769bc000 	C:\Windows\syswow64\ole32.dll
0x75c00000 - 0x76849000 	C:\Windows\syswow64\SHELL32.dll
0x69540000 - 0x69553000 	C:\Windows\system32\DWMAPI.DLL
0x69930000 - 0x6995a000 	C:\Program Files (x86)\Java\jre7\bin\fontmanager.dll
0x5d580000 - 0x5d594000 	C:\Program Files (x86)\Java\jre7\bin\net.dll
0x73ee0000 - 0x73f1c000 	C:\Windows\system32\mswsock.dll
0x73ec0000 - 0x73ec6000 	C:\Windows\System32\wship6.dll
0x612e0000 - 0x612ef000 	C:\Program Files (x86)\Java\jre7\bin\nio.dll
0x75220000 - 0x752a3000 	C:\Windows\syswow64\CLBCatQ.DLL
0x5a670000 - 0x5a76b000 	C:\Windows\system32\WindowsCodecs.dll
0x73e70000 - 0x73ebb000 	C:\Windows\system32\apphelp.dll
0x00df0000 - 0x00e12000 	C:\Users\Michael\AppData\Roaming\Dropbox\bin\DropboxExt.17.dll
0x72360000 - 0x7244b000 	C:\Windows\system32\dbghelp.dll
0x0bf60000 - 0x0bf91000 	C:\Windows\system32\EhStorShell.dll
0x75880000 - 0x75a1d000 	C:\Windows\syswow64\SETUPAPI.dll
0x76d40000 - 0x76d67000 	C:\Windows\syswow64\CFGMGR32.dll
0x76c10000 - 0x76c22000 	C:\Windows\syswow64\DEVOBJ.dll
0x59420000 - 0x59515000 	C:\Windows\system32\PROPSYS.dll
0x5a7c0000 - 0x5a82f000 	C:\Windows\system32\ntshrui.dll
0x748a0000 - 0x748b9000 	C:\Windows\system32\srvcli.dll
0x73770000 - 0x7377b000 	C:\Windows\system32\cscapi.dll
0x6e400000 - 0x6e40a000 	C:\Windows\system32\slc.dll
0x661b0000 - 0x661e1000 	C:\Program Files (x86)\Java\jre7\bin\t2k.dll
0x73ed0000 - 0x73ed5000 	C:\Windows\System32\wshtcpip.dll
0x74020000 - 0x74064000 	C:\Windows\system32\DNSAPI.dll
0x74860000 - 0x7487c000 	C:\Windows\system32\IPHLPAPI.DLL
0x74850000 - 0x74857000 	C:\Windows\system32\WINNSI.DLL
0x74010000 - 0x74016000 	C:\Windows\system32\rasadhlp.dll
0x6d2b0000 - 0x6d2e8000 	C:\Windows\System32\fwpuclnt.dll
0x64410000 - 0x6449e000 	C:\Program Files (x86)\Java\jre7\bin\mlib_image.dll
0x6f2f0000 - 0x6f306000 	C:\Windows\system32\CRYPTSP.dll
0x6f2b0000 - 0x6f2eb000 	C:\Windows\system32\rsaenh.dll
0x6e130000 - 0x6e147000 	C:\Windows\system32\USERENV.dll
0x71480000 - 0x7148b000 	C:\Windows\system32\profapi.dll
0x72260000 - 0x72270000 	C:\Windows\system32\NLAapi.dll
0x71b30000 - 0x71b38000 	C:\Windows\System32\winrnr.dll
0x71b10000 - 0x71b20000 	C:\Windows\system32\napinsp.dll
0x5c980000 - 0x5c9a0000 	C:\Program Files (x86)\Java\jre7\bin\sunec.dll
0x715b0000 - 0x715b9000 	C:\Program Files (x86)\Java\jre7\bin\sunmscapi.dll
0x752b0000 - 0x753ce000 	C:\Windows\syswow64\CRYPT32.dll
0x74d30000 - 0x74d3c000 	C:\Windows\syswow64\MSASN1.dll

VM Arguments:
jvm_args: -Djava.library.path=C:\Users\Michael\Coding\Libraries\tesjeract-0.3.3;C:\Users\skellystudios\Dev\Itbox\Asprise-OCR-Java-MacOSX_SnowLeopard-4.0.zip Folder;C:\Program Files (x86)\tesseract-2.04 -Dfile.encoding=Cp1252 
java_command: donQuizote_v2.DonQuizote
Launcher Type: SUN_STANDARD

Environment Variables:
PATH=C:/Program Files (x86)/Java/jre7/bin/client;C:/Program Files (x86)/Java/jre7/bin;C:/Program Files (x86)/Java/jre7/lib/i386;C:\Program Files (x86)\PHP\;C:\Windows\system32;C:\Windows;C:\Windows\System32\Wbem;C:\Windows\System32\WindowsPowerShell\v1.0\;C:\Program Files (x86)\apache-ant-1.8.3\bin\;C:\Program Files (x86)\tesseract-2.04;C:\Program Files (x86)\Java\jdk1.7.0_04\bin;C:\Program Files (x86)\Java\jre7\bin;C:\Program Files\Lynx;C:\Ruby193\bin;C:\Program Files\Microsoft\Web Platform Installer\;C:\Program Files (x86)\Microsoft ASP.NET\ASP.NET Web Pages\v1.0\;C:\Program Files\Microsoft SQL Server\110\Tools\Binn\;C:\Program Files (x86)\eclipse;
USERNAME=Michael
OS=Windows_NT
PROCESSOR_IDENTIFIER=AMD64 Family 16 Model 2 Stepping 3, AuthenticAMD



---------------  S Y S T E M  ---------------

OS: Windows NT 6.1 , 64 bit Build 7600 

CPU:total 8 (4 cores per cpu, 1 threads per core) family 16 model 2 stepping 3, cmov, cx8, fxsr, mmx, sse, sse2, sse3, popcnt, mmxext, 3dnowpref, lzcnt, sse4a, tsc, tscinvbit, tscinv

Memory: 4k page, physical 2097148k(2097148k free), swap 33549684k(16338828k free)

vm_info: Java HotSpot(TM) Client VM (23.0-b21) for windows-x86 JRE (1.7.0_04-b22), built on May  3 2012 00:03:48 by "java_re" with unknown MS VC++:1600

time: Mon Jan 07 19:48:54 2013
elapsed time: 66 seconds

