#
# A fatal error has been detected by the Java Runtime Environment:
#
#  EXCEPTION_ACCESS_VIOLATION (0xc0000005) at pc=0x1002790a, pid=4332, tid=20856
#
# JRE version: 7.0_04-b22
# Java VM: Java HotSpot(TM) Client VM (23.0-b21 mixed mode, sharing windows-x86 )
# Problematic frame:
# C  [tessdll.dll+0x2790a]  TessDllBeginPageBPP+0x25f8a
#
# Core dump written. Default location: C:\Users\Michael\git\DonQuizote\DonQuizote\hs_err_pid4332.mdmp
#
# If you would like to submit a bug report, please visit:
#   http://bugreport.sun.com/bugreport/crash.jsp
# The crash happened outside the Java Virtual Machine in native code.
# See problematic frame for where to report the bug.
#

---------------  T H R E A D  ---------------

Current thread (0x049be000):  JavaThread "AWT-EventQueue-0" [_thread_in_native, id=20856, stack(0x050f0000,0x05140000)]

siginfo: ExceptionCode=0xc0000005, reading address 0x616e6f00

Registers:
EAX=0x616e6f00, EBX=0x00000000, ECX=0x04b1f0e0, EDX=0x04a10048
ESP=0x0513e42c, EBP=0x0513e568, ESI=0x04b1f0d8, EDI=0x0000001c
EIP=0x1002790a, EFLAGS=0x00010246

Top of Stack: (sp=0x0513e42c)
0x0513e42c:   aa7884e3 04b17568 00000108 04b1f0d8
0x0513e43c:   616e6f00 ffffffff 0513e464 73fa3a58
0x0513e44c:   04b10000 00000000 00000010 0000001c
0x0513e45c:   00000108 04b17568 0513e47c 73fa3b58
0x0513e46c:   00000010 00000000 0513e498 10082706
0x0513e47c:   ffffffff 100011a3 616e6f00 aa78845f
0x0513e48c:   04b17568 04a47c10 04b1f0d8 0513e4e8
0x0513e49c:   10080bd3 00000001 100015cd aa78847f 

Instructions: (pc=0x1002790a)
0x100278ea:   50 8d 44 24 48 64 a3 00 00 00 00 8b f1 89 74 24
0x100278fa:   0c 8d 4e 08 33 db 89 19 8b 44 24 58 89 44 24 10
0x1002790a:   8b 10 89 54 24 14 89 5c 24 50 39 18 74 14 8b 00
0x1002791a:   8b 10 89 54 24 18 3b d3 74 0e 8b 02 89 44 24 1c 


Register to memory mapping:

EAX=0x616e6f00 is an unknown value
EBX=0x00000000 is an unknown value
ECX=0x04b1f0e0 is an unknown value
EDX=0x04a10048 is an unknown value
ESP=0x0513e42c is pointing into the stack for thread: 0x049be000
EBP=0x0513e568 is pointing into the stack for thread: 0x049be000
ESI=0x04b1f0d8 is an unknown value
EDI=0x0000001c is an unknown value


Stack: [0x050f0000,0x05140000],  sp=0x0513e42c,  free space=313k
Native frames: (J=compiled Java code, j=interpreted, Vv=VM code, C=native code)
C  [tessdll.dll+0x2790a]  TessDllBeginPageBPP+0x25f8a
j  net.gencsoy.tesjeract.Tesjeract.recognizeAllWords(Ljava/nio/ByteBuffer;)[Lnet/gencsoy/tesjeract/EANYCodeChar;+0
j  donQuizote_v2.TesjeractOCR.recognise(Ljava/awt/image/BufferedImage;)Ljava/lang/String;+50
j  donQuizote_v2.DonQuizote.getQAString()[Ljava/lang/String;+59
j  donQuizote_v2.DonQuizote.answerQuestion()Ljava/lang/String;+13
j  donQuizote_v2.DonQuizote.doAction()V+388
j  donQuizote_v2.DonQuizote.startProcessing()V+4
j  donQuizote_v2.DQWindow$6.actionPerformed(Ljava/awt/event/ActionEvent;)V+7
j  javax.swing.AbstractButton.fireActionPerformed(Ljava/awt/event/ActionEvent;)V+84
j  javax.swing.AbstractButton$Handler.actionPerformed(Ljava/awt/event/ActionEvent;)V+5
j  javax.swing.DefaultButtonModel.fireActionPerformed(Ljava/awt/event/ActionEvent;)V+35
j  javax.swing.DefaultButtonModel.setPressed(Z)V+117
j  javax.swing.plaf.basic.BasicButtonListener.mouseReleased(Ljava/awt/event/MouseEvent;)V+35
j  java.awt.Component.processMouseEvent(Ljava/awt/event/MouseEvent;)V+64
j  javax.swing.JComponent.processMouseEvent(Ljava/awt/event/MouseEvent;)V+23
j  java.awt.Component.processEvent(Ljava/awt/AWTEvent;)V+81
j  java.awt.Container.processEvent(Ljava/awt/AWTEvent;)V+18
j  java.awt.Component.dispatchEventImpl(Ljava/awt/AWTEvent;)V+581
j  java.awt.Container.dispatchEventImpl(Ljava/awt/AWTEvent;)V+42
j  java.awt.Component.dispatchEvent(Ljava/awt/AWTEvent;)V+2
j  java.awt.LightweightDispatcher.retargetMouseEvent(Ljava/awt/Component;ILjava/awt/event/MouseEvent;)V+327
j  java.awt.LightweightDispatcher.processMouseEvent(Ljava/awt/event/MouseEvent;)Z+139
j  java.awt.LightweightDispatcher.dispatchEvent(Ljava/awt/AWTEvent;)Z+50
j  java.awt.Container.dispatchEventImpl(Ljava/awt/AWTEvent;)V+12
j  java.awt.Window.dispatchEventImpl(Ljava/awt/AWTEvent;)V+19
j  java.awt.Component.dispatchEvent(Ljava/awt/AWTEvent;)V+2
j  java.awt.EventQueue.dispatchEventImpl(Ljava/awt/AWTEvent;Ljava/lang/Object;)V+41
j  java.awt.EventQueue.access$000(Ljava/awt/EventQueue;Ljava/awt/AWTEvent;Ljava/lang/Object;)V+3
j  java.awt.EventQueue$3.run()Ljava/lang/Void;+12
j  java.awt.EventQueue$3.run()Ljava/lang/Object;+1
v  ~StubRoutines::call_stub
V  [jvm.dll+0x1296da]
V  [jvm.dll+0x1d837e]
V  [jvm.dll+0x12975d]
V  [jvm.dll+0xd914a]
C  [java.dll+0x102f]  Java_java_security_AccessController_doPrivileged__Ljava_security_PrivilegedAction_2Ljava_security_AccessControlContext_2+0x17
j  java.security.ProtectionDomain$1.doIntersectionPrivilege(Ljava/security/PrivilegedAction;Ljava/security/AccessControlContext;Ljava/security/AccessControlContext;)Ljava/lang/Object;+28
j  java.security.ProtectionDomain$1.doIntersectionPrivilege(Ljava/security/PrivilegedAction;Ljava/security/AccessControlContext;)Ljava/lang/Object;+6
j  java.awt.EventQueue$4.run()Ljava/lang/Void;+11
j  java.awt.EventQueue$4.run()Ljava/lang/Object;+1
v  ~StubRoutines::call_stub
V  [jvm.dll+0x1296da]
V  [jvm.dll+0x1d837e]
V  [jvm.dll+0x12975d]
V  [jvm.dll+0xd914a]
C  [java.dll+0x102f]  Java_java_security_AccessController_doPrivileged__Ljava_security_PrivilegedAction_2Ljava_security_AccessControlContext_2+0x17
j  java.security.ProtectionDomain$1.doIntersectionPrivilege(Ljava/security/PrivilegedAction;Ljava/security/AccessControlContext;Ljava/security/AccessControlContext;)Ljava/lang/Object;+28
j  java.awt.EventQueue.dispatchEvent(Ljava/awt/AWTEvent;)V+73
j  java.awt.EventDispatchThread.pumpOneEventForFilters(I)V+245
j  java.awt.EventDispatchThread.pumpEventsForFilter(ILjava/awt/Conditional;Ljava/awt/EventFilter;)V+48
j  java.awt.EventDispatchThread.pumpEventsForHierarchy(ILjava/awt/Conditional;Ljava/awt/Component;)V+11
j  java.awt.EventDispatchThread.pumpEvents(ILjava/awt/Conditional;)V+4
j  java.awt.EventDispatchThread.pumpEvents(Ljava/awt/Conditional;)V+3
j  java.awt.EventDispatchThread.run()V+9
v  ~StubRoutines::call_stub
V  [jvm.dll+0x1296da]
V  [jvm.dll+0x1d837e]
V  [jvm.dll+0x1298c3]
V  [jvm.dll+0x129927]
V  [jvm.dll+0xd24af]
V  [jvm.dll+0x149987]
V  [jvm.dll+0x149af0]
V  [jvm.dll+0x17df89]
C  [msvcr100.dll+0x5c6de]  endthreadex+0x3a
C  [msvcr100.dll+0x5c788]  endthreadex+0xe4
C  [kernel32.dll+0x13677]  BaseThreadInitThunk+0x12
C  [ntdll.dll+0x39f42]  RtlInitializeExceptionChain+0x63
C  [ntdll.dll+0x39f15]  RtlInitializeExceptionChain+0x36

Java frames: (J=compiled Java code, j=interpreted, Vv=VM code)
j  net.gencsoy.tesjeract.Tesjeract.recognizeAllWords(Ljava/nio/ByteBuffer;)[Lnet/gencsoy/tesjeract/EANYCodeChar;+0
j  donQuizote_v2.TesjeractOCR.recognise(Ljava/awt/image/BufferedImage;)Ljava/lang/String;+50
j  donQuizote_v2.DonQuizote.getQAString()[Ljava/lang/String;+59
j  donQuizote_v2.DonQuizote.answerQuestion()Ljava/lang/String;+13
j  donQuizote_v2.DonQuizote.doAction()V+388
j  donQuizote_v2.DonQuizote.startProcessing()V+4
j  donQuizote_v2.DQWindow$6.actionPerformed(Ljava/awt/event/ActionEvent;)V+7
j  javax.swing.AbstractButton.fireActionPerformed(Ljava/awt/event/ActionEvent;)V+84
j  javax.swing.AbstractButton$Handler.actionPerformed(Ljava/awt/event/ActionEvent;)V+5
j  javax.swing.DefaultButtonModel.fireActionPerformed(Ljava/awt/event/ActionEvent;)V+35
j  javax.swing.DefaultButtonModel.setPressed(Z)V+117
j  javax.swing.plaf.basic.BasicButtonListener.mouseReleased(Ljava/awt/event/MouseEvent;)V+35
j  java.awt.Component.processMouseEvent(Ljava/awt/event/MouseEvent;)V+64
j  javax.swing.JComponent.processMouseEvent(Ljava/awt/event/MouseEvent;)V+23
j  java.awt.Component.processEvent(Ljava/awt/AWTEvent;)V+81
j  java.awt.Container.processEvent(Ljava/awt/AWTEvent;)V+18
j  java.awt.Component.dispatchEventImpl(Ljava/awt/AWTEvent;)V+581
j  java.awt.Container.dispatchEventImpl(Ljava/awt/AWTEvent;)V+42
j  java.awt.Component.dispatchEvent(Ljava/awt/AWTEvent;)V+2
j  java.awt.LightweightDispatcher.retargetMouseEvent(Ljava/awt/Component;ILjava/awt/event/MouseEvent;)V+327
j  java.awt.LightweightDispatcher.processMouseEvent(Ljava/awt/event/MouseEvent;)Z+139
j  java.awt.LightweightDispatcher.dispatchEvent(Ljava/awt/AWTEvent;)Z+50
j  java.awt.Container.dispatchEventImpl(Ljava/awt/AWTEvent;)V+12
j  java.awt.Window.dispatchEventImpl(Ljava/awt/AWTEvent;)V+19
j  java.awt.Component.dispatchEvent(Ljava/awt/AWTEvent;)V+2
j  java.awt.EventQueue.dispatchEventImpl(Ljava/awt/AWTEvent;Ljava/lang/Object;)V+41
j  java.awt.EventQueue.access$000(Ljava/awt/EventQueue;Ljava/awt/AWTEvent;Ljava/lang/Object;)V+3
j  java.awt.EventQueue$3.run()Ljava/lang/Void;+12
j  java.awt.EventQueue$3.run()Ljava/lang/Object;+1
v  ~StubRoutines::call_stub
j  java.security.AccessController.doPrivileged(Ljava/security/PrivilegedAction;Ljava/security/AccessControlContext;)Ljava/lang/Object;+0
j  java.security.ProtectionDomain$1.doIntersectionPrivilege(Ljava/security/PrivilegedAction;Ljava/security/AccessControlContext;Ljava/security/AccessControlContext;)Ljava/lang/Object;+28
j  java.security.ProtectionDomain$1.doIntersectionPrivilege(Ljava/security/PrivilegedAction;Ljava/security/AccessControlContext;)Ljava/lang/Object;+6
j  java.awt.EventQueue$4.run()Ljava/lang/Void;+11
j  java.awt.EventQueue$4.run()Ljava/lang/Object;+1
v  ~StubRoutines::call_stub
j  java.security.AccessController.doPrivileged(Ljava/security/PrivilegedAction;Ljava/security/AccessControlContext;)Ljava/lang/Object;+0
j  java.security.ProtectionDomain$1.doIntersectionPrivilege(Ljava/security/PrivilegedAction;Ljava/security/AccessControlContext;Ljava/security/AccessControlContext;)Ljava/lang/Object;+28
j  java.awt.EventQueue.dispatchEvent(Ljava/awt/AWTEvent;)V+73
j  java.awt.EventDispatchThread.pumpOneEventForFilters(I)V+245
j  java.awt.EventDispatchThread.pumpEventsForFilter(ILjava/awt/Conditional;Ljava/awt/EventFilter;)V+48
j  java.awt.EventDispatchThread.pumpEventsForHierarchy(ILjava/awt/Conditional;Ljava/awt/Component;)V+11
j  java.awt.EventDispatchThread.pumpEvents(ILjava/awt/Conditional;)V+4
j  java.awt.EventDispatchThread.pumpEvents(Ljava/awt/Conditional;)V+3
j  java.awt.EventDispatchThread.run()V+9
v  ~StubRoutines::call_stub

---------------  P R O C E S S  ---------------

Java Threads: ( => current thread )
  0x056d4000 JavaThread "SwingWorker-pool-1-thread-1" daemon [_thread_blocked, id=47280, stack(0x05bf0000,0x05c40000)]
  0x056e8400 JavaThread "TimerQueue" daemon [_thread_blocked, id=44228, stack(0x05aa0000,0x05af0000)]
  0x0090b400 JavaThread "DestroyJavaVM" [_thread_blocked, id=26436, stack(0x00ab0000,0x00b00000)]
  0x04a02000 JavaThread "Abandoned connection cleanup thread" daemon [_thread_blocked, id=44572, stack(0x05af0000,0x05b40000)]
=>0x049be000 JavaThread "AWT-EventQueue-0" [_thread_in_native, id=20856, stack(0x050f0000,0x05140000)]
  0x048bdc00 JavaThread "AWT-Windows" daemon [_thread_in_native, id=8960, stack(0x04ce0000,0x04d30000)]
  0x048bd400 JavaThread "AWT-Shutdown" [_thread_blocked, id=22480, stack(0x04be0000,0x04c30000)]
  0x048bd000 JavaThread "Java2D Disposer" daemon [_thread_blocked, id=43300, stack(0x04c70000,0x04cc0000)]
  0x00c3d000 JavaThread "Service Thread" daemon [_thread_blocked, id=3168, stack(0x047c0000,0x04810000)]
  0x00c37c00 JavaThread "C1 CompilerThread0" daemon [_thread_blocked, id=6000, stack(0x00e90000,0x00ee0000)]
  0x00c36c00 JavaThread "Attach Listener" daemon [_thread_blocked, id=37020, stack(0x01150000,0x011a0000)]
  0x00c33800 JavaThread "Signal Dispatcher" daemon [_thread_blocked, id=5092, stack(0x010d0000,0x01120000)]
  0x00c22000 JavaThread "Finalizer" daemon [_thread_blocked, id=20524, stack(0x01000000,0x01050000)]
  0x00c1d400 JavaThread "Reference Handler" daemon [_thread_blocked, id=43308, stack(0x00ef0000,0x00f40000)]

Other Threads:
  0x00c1c000 VMThread [stack: 0x00c80000,0x00cd0000] [id=14380]
  0x04818400 WatcherThread [stack: 0x012a0000,0x012f0000] [id=48044]

VM state:not at safepoint (normal execution)

VM Mutex/Monitor currently owned by a thread: None

Heap
 def new generation   total 4928K, used 486K [0x24800000, 0x24d50000, 0x29d50000)
  eden space 4416K,   3% used [0x24800000, 0x2482aec8, 0x24c50000)
  from space 512K,  61% used [0x24c50000, 0x24c9ebe8, 0x24cd0000)
  to   space 512K,   0% used [0x24cd0000, 0x24cd0000, 0x24d50000)
 tenured generation   total 10944K, used 2900K [0x29d50000, 0x2a800000, 0x34800000)
   the space 10944K,  26% used [0x29d50000, 0x2a025100, 0x2a025200, 0x2a800000)
 compacting perm gen  total 12288K, used 3796K [0x34800000, 0x35400000, 0x38800000)
   the space 12288K,  30% used [0x34800000, 0x34bb5050, 0x34bb5200, 0x35400000)
    ro space 10240K,  42% used [0x38800000, 0x38c3e578, 0x38c3e600, 0x39200000)
    rw space 12288K,  54% used [0x39200000, 0x3987f0e8, 0x3987f200, 0x39e00000)

Code Cache  [0x02730000, 0x02830000, 0x04730000)
 total_blobs=490 nmethods=250 adapters=175 free_code_cache=31744Kb largest_free_block=32506816

Compilation events (10 events):
Event: 43.008 Thread 0x00c37c00  243   !         java.util.jar.Attributes::read (410 bytes)
Event: 43.012 Thread 0x00c37c00 nmethod 243 0x0282ca88 code [0x0282cda0, 0x0282dc74]
Event: 43.147 Thread 0x00c37c00  244             java.nio.Buffer::checkIndex (22 bytes)
Event: 43.148 Thread 0x00c37c00 nmethod 244 0x0282ef08 code [0x0282f010, 0x0282f10c]
Event: 43.148 Thread 0x00c37c00  245             java.util.HashMap::clear (39 bytes)
Event: 43.148 Thread 0x00c37c00 nmethod 245 0x0282f188 code [0x0282f280, 0x0282f350]
Event: 43.207 Thread 0x00c37c00  246             java.awt.Rectangle::<init> (26 bytes)
Event: 43.207 Thread 0x00c37c00 nmethod 246 0x0282f408 code [0x0282f500, 0x0282f590]
Event: 43.210 Thread 0x00c37c00  247             sun.awt.image.IntegerInterleavedRaster::getDataElements (154 bytes)
Event: 43.220 Thread 0x00c37c00 nmethod 247 0x0282f5c8 code [0x0282f6f0, 0x0282fa68]

GC Heap History (8 events):
Event: 2.255 GC heap before
{Heap before GC invocations=0 (full 0):
 def new generation   total 4928K, used 4416K [0x24800000, 0x24d50000, 0x29d50000)
  eden space 4416K, 100% used [0x24800000, 0x24c50000, 0x24c50000)
  from space 512K,   0% used [0x24c50000, 0x24c50000, 0x24cd0000)
  to   space 512K,   0% used [0x24cd0000, 0x24cd0000, 0x24d50000)
 tenured generation   total 10944K, used 0K [0x29d50000, 0x2a800000, 0x34800000)
   the space 10944K,   0% used [0x29d50000, 0x29d50000, 0x29d50200, 0x2a800000)
 compacting perm gen  total 12288K, used 2085K [0x34800000, 0x35400000, 0x38800000)
   the space 12288K,  16% used [0x34800000, 0x34a09670, 0x34a09800, 0x35400000)
    ro space 10240K,  42% used [0x38800000, 0x38c3e578, 0x38c3e600, 0x39200000)
    rw space 12288K,  54% used [0x39200000, 0x3987f0e8, 0x3987f200, 0x39e00000)
Event: 2.278 GC heap after
Heap after GC invocations=1 (full 0):
 def new generation   total 4928K, used 512K [0x24800000, 0x24d50000, 0x29d50000)
  eden space 4416K,   0% used [0x24800000, 0x24800000, 0x24c50000)
  from space 512K, 100% used [0x24cd0000, 0x24d50000, 0x24d50000)
  to   space 512K,   0% used [0x24c50000, 0x24c50000, 0x24cd0000)
 tenured generation   total 10944K, used 1118K [0x29d50000, 0x2a800000, 0x34800000)
   the space 10944K,  10% used [0x29d50000, 0x29e67a38, 0x29e67c00, 0x2a800000)
 compacting perm gen  total 12288K, used 2085K [0x34800000, 0x35400000, 0x38800000)
   the space 12288K,  16% used [0x34800000, 0x34a09670, 0x34a09800, 0x35400000)
    ro space 10240K,  42% used [0x38800000, 0x38c3e578, 0x38c3e600, 0x39200000)
    rw space 12288K,  54% used [0x39200000, 0x3987f0e8, 0x3987f200, 0x39e00000)
}
Event: 2.931 GC heap before
{Heap before GC invocations=1 (full 0):
 def new generation   total 4928K, used 4928K [0x24800000, 0x24d50000, 0x29d50000)
  eden space 4416K, 100% used [0x24800000, 0x24c50000, 0x24c50000)
  from space 512K, 100% used [0x24cd0000, 0x24d50000, 0x24d50000)
  to   space 512K,   0% used [0x24c50000, 0x24c50000, 0x24cd0000)
 tenured generation   total 10944K, used 1118K [0x29d50000, 0x2a800000, 0x34800000)
   the space 10944K,  10% used [0x29d50000, 0x29e67a38, 0x29e67c00, 0x2a800000)
 compacting perm gen  total 12288K, used 3277K [0x34800000, 0x35400000, 0x38800000)
   the space 12288K,  26% used [0x34800000, 0x34b337c0, 0x34b33800, 0x35400000)
    ro space 10240K,  42% used [0x38800000, 0x38c3e578, 0x38c3e600, 0x39200000)
    rw space 12288K,  54% used [0x39200000, 0x3987f0e8, 0x3987f200, 0x39e00000)
Event: 2.949 GC heap after
Heap after GC invocations=2 (full 0):
 def new generation   total 4928K, used 512K [0x24800000, 0x24d50000, 0x29d50000)
  eden space 4416K,   0% used [0x24800000, 0x24800000, 0x24c50000)
  from space 512K, 100% used [0x24c50000, 0x24cd0000, 0x24cd0000)
  to   space 512K,   0% used [0x24cd0000, 0x24cd0000, 0x24d50000)
 tenured generation   total 10944K, used 2197K [0x29d50000, 0x2a800000, 0x34800000)
   the space 10944K,  20% used [0x29d50000, 0x29f75798, 0x29f75800, 0x2a800000)
 compacting perm gen  total 12288K, used 3277K [0x34800000, 0x35400000, 0x38800000)
   the space 12288K,  26% used [0x34800000, 0x34b337c0, 0x34b33800, 0x35400000)
    ro space 10240K,  42% used [0x38800000, 0x38c3e578, 0x38c3e600, 0x39200000)
    rw space 12288K,  54% used [0x39200000, 0x3987f0e8, 0x3987f200, 0x39e00000)
}
Event: 37.346 GC heap before
{Heap before GC invocations=2 (full 0):
 def new generation   total 4928K, used 4928K [0x24800000, 0x24d50000, 0x29d50000)
  eden space 4416K, 100% used [0x24800000, 0x24c50000, 0x24c50000)
  from space 512K, 100% used [0x24c50000, 0x24cd0000, 0x24cd0000)
  to   space 512K,   0% used [0x24cd0000, 0x24cd0000, 0x24d50000)
 tenured generation   total 10944K, used 2197K [0x29d50000, 0x2a800000, 0x34800000)
   the space 10944K,  20% used [0x29d50000, 0x29f75798, 0x29f75800, 0x2a800000)
 compacting perm gen  total 12288K, used 3538K [0x34800000, 0x35400000, 0x38800000)
   the space 12288K,  28% used [0x34800000, 0x34b74b40, 0x34b74c00, 0x35400000)
    ro space 10240K,  42% used [0x38800000, 0x38c3e578, 0x38c3e600, 0x39200000)
    rw space 12288K,  54% used [0x39200000, 0x3987f0e8, 0x3987f200, 0x39e00000)
Event: 37.360 GC heap after
Heap after GC invocations=3 (full 0):
 def new generation   total 4928K, used 289K [0x24800000, 0x24d50000, 0x29d50000)
  eden space 4416K,   0% used [0x24800000, 0x24800000, 0x24c50000)
  from space 512K,  56% used [0x24cd0000, 0x24d186b0, 0x24d50000)
  to   space 512K,   0% used [0x24c50000, 0x24c50000, 0x24cd0000)
 tenured generation   total 10944K, used 2698K [0x29d50000, 0x2a800000, 0x34800000)
   the space 10944K,  24% used [0x29d50000, 0x29ff2bd0, 0x29ff2c00, 0x2a800000)
 compacting perm gen  total 12288K, used 3538K [0x34800000, 0x35400000, 0x38800000)
   the space 12288K,  28% used [0x34800000, 0x34b74b40, 0x34b74c00, 0x35400000)
    ro space 10240K,  42% used [0x38800000, 0x38c3e578, 0x38c3e600, 0x39200000)
    rw space 12288K,  54% used [0x39200000, 0x3987f0e8, 0x3987f200, 0x39e00000)
}
Event: 43.211 GC heap before
{Heap before GC invocations=3 (full 0):
 def new generation   total 4928K, used 4704K [0x24800000, 0x24d50000, 0x29d50000)
  eden space 4416K,  99% used [0x24800000, 0x24c4fc68, 0x24c50000)
  from space 512K,  56% used [0x24cd0000, 0x24d186b0, 0x24d50000)
  to   space 512K,   0% used [0x24c50000, 0x24c50000, 0x24cd0000)
 tenured generation   total 10944K, used 2698K [0x29d50000, 0x2a800000, 0x34800000)
   the space 10944K,  24% used [0x29d50000, 0x29ff2bd0, 0x29ff2c00, 0x2a800000)
 compacting perm gen  total 12288K, used 3796K [0x34800000, 0x35400000, 0x38800000)
   the space 12288K,  30% used [0x34800000, 0x34bb5050, 0x34bb5200, 0x35400000)
    ro space 10240K,  42% used [0x38800000, 0x38c3e578, 0x38c3e600, 0x39200000)
    rw space 12288K,  54% used [0x39200000, 0x3987f0e8, 0x3987f200, 0x39e00000)
Event: 43.219 GC heap after
Heap after GC invocations=4 (full 0):
 def new generation   total 4928K, used 314K [0x24800000, 0x24d50000, 0x29d50000)
  eden space 4416K,   0% used [0x24800000, 0x24800000, 0x24c50000)
  from space 512K,  61% used [0x24c50000, 0x24c9ebe8, 0x24cd0000)
  to   space 512K,   0% used [0x24cd0000, 0x24cd0000, 0x24d50000)
 tenured generation   total 10944K, used 2900K [0x29d50000, 0x2a800000, 0x34800000)
   the space 10944K,  26% used [0x29d50000, 0x2a025100, 0x2a025200, 0x2a800000)
 compacting perm gen  total 12288K, used 3796K [0x34800000, 0x35400000, 0x38800000)
   the space 12288K,  30% used [0x34800000, 0x34bb5050, 0x34bb5200, 0x35400000)
    ro space 10240K,  42% used [0x38800000, 0x38c3e578, 0x38c3e600, 0x39200000)
    rw space 12288K,  54% used [0x39200000, 0x3987f0e8, 0x3987f200, 0x39e00000)
}

Deoptimization events (0 events):
No events

Internal exceptions (10 events):
Event: 21.826 Thread 0x049be000 Threw 0x24b5fc68 at C:\jdk7u2_32P\jdk7u4\hotspot\src\share\vm\prims\jvm.cpp:1166
Event: 21.827 Thread 0x049be000 Threw 0x24b64810 at C:\jdk7u2_32P\jdk7u4\hotspot\src\share\vm\prims\jvm.cpp:1166
Event: 21.834 Thread 0x049be000 Threw 0x24b691c0 at C:\jdk7u2_32P\jdk7u4\hotspot\src\share\vm\prims\jvm.cpp:1166
Event: 21.837 Thread 0x049be000 Threw 0x24b71ae0 at C:\jdk7u2_32P\jdk7u4\hotspot\src\share\vm\prims\jvm.cpp:1166
Event: 21.839 Thread 0x049be000 Threw 0x24b77f58 at C:\jdk7u2_32P\jdk7u4\hotspot\src\share\vm\prims\jvm.cpp:1166
Event: 21.849 Thread 0x049be000 Threw 0x24b7df88 at C:\jdk7u2_32P\jdk7u4\hotspot\src\share\vm\prims\jvm.cpp:1166
Event: 42.869 Thread 0x049be000 Threw 0x24a014b8 at C:\jdk7u2_32P\jdk7u4\hotspot\src\share\vm\prims\jvm.cpp:1166
Event: 42.871 Thread 0x04893800 Threw 0x24a235a8 at C:\jdk7u2_32P\jdk7u4\hotspot\src\share\vm\prims\jvm.cpp:1166
Event: 43.007 Thread 0x049be000 Threw 0x24b891c0 at C:\jdk7u2_32P\jdk7u4\hotspot\src\share\vm\prims\jvm.cpp:1166
Event: 43.146 Thread 0x049be000 Threw 0x24bd2928 at C:\jdk7u2_32P\jdk7u4\hotspot\src\share\vm\prims\jvm.cpp:1166

Events (10 events):
Event: 43.236 Executing VM operation: RevokeBias
Event: 43.236 Executing VM operation: RevokeBias done
Event: 43.236 Executing VM operation: RevokeBias
Event: 43.236 Executing VM operation: RevokeBias done
Event: 43.236 Executing VM operation: RevokeBias
Event: 43.236 Executing VM operation: RevokeBias done
Event: 43.236 Executing VM operation: BulkRevokeBias
Event: 43.236 Executing VM operation: BulkRevokeBias done
Event: 43.236 Executing VM operation: RevokeBias
Event: 43.236 Executing VM operation: RevokeBias done


Dynamic libraries:
0x01300000 - 0x0132f000 	C:\Program Files (x86)\Java\jre7\bin\javaw.exe
0x77170000 - 0x772f0000 	C:\Windows\SysWOW64\ntdll.dll
0x769c0000 - 0x76ad0000 	C:\Windows\syswow64\kernel32.dll
0x76c90000 - 0x76cd7000 	C:\Windows\syswow64\KERNELBASE.dll
0x755d0000 - 0x75670000 	C:\Windows\syswow64\ADVAPI32.dll
0x74d40000 - 0x74dec000 	C:\Windows\syswow64\msvcrt.dll
0x75b90000 - 0x75ba9000 	C:\Windows\SysWOW64\sechost.dll
0x75a20000 - 0x75b10000 	C:\Windows\syswow64\RPCRT4.dll
0x74cd0000 - 0x74d30000 	C:\Windows\syswow64\SspiCli.dll
0x74cc0000 - 0x74ccc000 	C:\Windows\syswow64\CRYPTBASE.dll
0x75680000 - 0x75780000 	C:\Windows\syswow64\USER32.dll
0x74eb0000 - 0x74f40000 	C:\Windows\syswow64\GDI32.dll
0x76850000 - 0x7685a000 	C:\Windows\syswow64\LPK.dll
0x74fb0000 - 0x7504d000 	C:\Windows\syswow64\USP10.dll
0x623c0000 - 0x6255e000 	C:\Windows\WinSxS\x86_microsoft.windows.common-controls_6595b64144ccf1df_6.0.7600.16385_none_421189da2b7fabfc\COMCTL32.dll
0x76c30000 - 0x76c87000 	C:\Windows\syswow64\SHLWAPI.dll
0x74f50000 - 0x74fb0000 	C:\Windows\system32\IMM32.DLL
0x76b40000 - 0x76c0c000 	C:\Windows\syswow64\MSCTF.dll
0x5bd40000 - 0x5bdfe000 	C:\Program Files (x86)\Java\jre7\bin\msvcr100.dll
0x77cb0000 - 0x77ffa000 	C:\Program Files (x86)\Java\jre7\bin\client\jvm.dll
0x748f0000 - 0x748f7000 	C:\Windows\system32\WSOCK32.dll
0x76b00000 - 0x76b35000 	C:\Windows\syswow64\WS2_32.dll
0x74f40000 - 0x74f46000 	C:\Windows\syswow64\NSI.dll
0x747d0000 - 0x74802000 	C:\Windows\system32\WINMM.dll
0x77140000 - 0x77145000 	C:\Windows\syswow64\PSAPI.DLL
0x61310000 - 0x6131c000 	C:\Program Files (x86)\Java\jre7\bin\verify.dll
0x612f0000 - 0x61310000 	C:\Program Files (x86)\Java\jre7\bin\java.dll
0x5e210000 - 0x5e223000 	C:\Program Files (x86)\Java\jre7\bin\zip.dll
0x10000000 - 0x10119000 	C:\Program Files (x86)\tesseract-2.04\tessdll.dll
0x73f40000 - 0x73fe3000 	C:\Windows\WinSxS\x86_microsoft.vc90.crt_1fc8b3b9a1e18e3b_9.0.30729.4926_none_508ed732bcbc0e5a\MSVCR90.dll
0x72450000 - 0x724de000 	C:\Windows\WinSxS\x86_microsoft.vc90.crt_1fc8b3b9a1e18e3b_9.0.30729.4926_none_508ed732bcbc0e5a\MSVCP90.dll
0x68ec0000 - 0x68ecc000 	C:\Users\Michael\Coding\Libraries\tesjeract-0.3.3\tesjeract.dll
0x6c060000 - 0x6c1a2000 	C:\Program Files (x86)\Java\jre7\bin\awt.dll
0x74e20000 - 0x74eaf000 	C:\Windows\syswow64\OLEAUT32.dll
0x76860000 - 0x769bc000 	C:\Windows\syswow64\ole32.dll
0x75c00000 - 0x76849000 	C:\Windows\syswow64\SHELL32.dll
0x69540000 - 0x69553000 	C:\Windows\system32\DWMAPI.DLL
0x66210000 - 0x6623a000 	C:\Program Files (x86)\Java\jre7\bin\fontmanager.dll
0x5d580000 - 0x5d594000 	C:\Program Files (x86)\Java\jre7\bin\net.dll
0x73ee0000 - 0x73f1c000 	C:\Windows\system32\mswsock.dll
0x73ec0000 - 0x73ec6000 	C:\Windows\System32\wship6.dll
0x612e0000 - 0x612ef000 	C:\Program Files (x86)\Java\jre7\bin\nio.dll
0x75220000 - 0x752a3000 	C:\Windows\syswow64\CLBCatQ.DLL
0x5a670000 - 0x5a76b000 	C:\Windows\system32\WindowsCodecs.dll
0x73e70000 - 0x73ebb000 	C:\Windows\system32\apphelp.dll
0x00fc0000 - 0x00fe2000 	C:\Users\Michael\AppData\Roaming\Dropbox\bin\DropboxExt.17.dll
0x72360000 - 0x7244b000 	C:\Windows\system32\dbghelp.dll
0x0bf60000 - 0x0bf91000 	C:\Windows\system32\EhStorShell.dll
0x75880000 - 0x75a1d000 	C:\Windows\syswow64\SETUPAPI.dll
0x76d40000 - 0x76d67000 	C:\Windows\syswow64\CFGMGR32.dll
0x76c10000 - 0x76c22000 	C:\Windows\syswow64\DEVOBJ.dll
0x59420000 - 0x59515000 	C:\Windows\system32\PROPSYS.dll
0x5a7c0000 - 0x5a82f000 	C:\Windows\system32\ntshrui.dll
0x748a0000 - 0x748b9000 	C:\Windows\system32\srvcli.dll
0x73770000 - 0x7377b000 	C:\Windows\system32\cscapi.dll
0x6e400000 - 0x6e40a000 	C:\Windows\system32\slc.dll
0x65e00000 - 0x65e31000 	C:\Program Files (x86)\Java\jre7\bin\t2k.dll
0x73ed0000 - 0x73ed5000 	C:\Windows\System32\wshtcpip.dll
0x74020000 - 0x74064000 	C:\Windows\system32\DNSAPI.dll
0x74860000 - 0x7487c000 	C:\Windows\system32\IPHLPAPI.DLL
0x74850000 - 0x74857000 	C:\Windows\system32\WINNSI.DLL
0x74010000 - 0x74016000 	C:\Windows\system32\rasadhlp.dll
0x6d2b0000 - 0x6d2e8000 	C:\Windows\System32\fwpuclnt.dll
0x5d850000 - 0x5d8de000 	C:\Program Files (x86)\Java\jre7\bin\mlib_image.dll
0x6f2f0000 - 0x6f306000 	C:\Windows\system32\CRYPTSP.dll
0x6f2b0000 - 0x6f2eb000 	C:\Windows\system32\rsaenh.dll
0x6e130000 - 0x6e147000 	C:\Windows\system32\USERENV.dll
0x71480000 - 0x7148b000 	C:\Windows\system32\profapi.dll
0x72260000 - 0x72270000 	C:\Windows\system32\NLAapi.dll
0x71b30000 - 0x71b38000 	C:\Windows\System32\winrnr.dll
0x71b10000 - 0x71b20000 	C:\Windows\system32\napinsp.dll

VM Arguments:
jvm_args: -Djava.library.path=C:\Users\Michael\Coding\Libraries\tesjeract-0.3.3;C:\Users\skellystudios\Dev\Itbox\Asprise-OCR-Java-MacOSX_SnowLeopard-4.0.zip Folder;C:\Program Files (x86)\tesseract-2.04 -Dfile.encoding=Cp1252 
java_command: donQuizote_v2.DonQuizote
Launcher Type: SUN_STANDARD

Environment Variables:
PATH=C:/Program Files (x86)/Java/jre7/bin/client;C:/Program Files (x86)/Java/jre7/bin;C:/Program Files (x86)/Java/jre7/lib/i386;C:\Program Files (x86)\PHP\;C:\Windows\system32;C:\Windows;C:\Windows\System32\Wbem;C:\Windows\System32\WindowsPowerShell\v1.0\;C:\Program Files (x86)\apache-ant-1.8.3\bin\;C:\Program Files (x86)\tesseract-2.04;C:\Program Files (x86)\Java\jdk1.7.0_04\bin;C:\Program Files (x86)\Java\jre7\bin;C:\Program Files\Lynx;C:\Ruby193\bin;C:\Program Files\Microsoft\Web Platform Installer\;C:\Program Files (x86)\Microsoft ASP.NET\ASP.NET Web Pages\v1.0\;C:\Program Files\Microsoft SQL Server\110\Tools\Binn\;C:\Program Files (x86)\eclipse;
USERNAME=Michael
OS=Windows_NT
PROCESSOR_IDENTIFIER=AMD64 Family 16 Model 2 Stepping 3, AuthenticAMD



---------------  S Y S T E M  ---------------

OS: Windows NT 6.1 , 64 bit Build 7600 

CPU:total 8 (4 cores per cpu, 1 threads per core) family 16 model 2 stepping 3, cmov, cx8, fxsr, mmx, sse, sse2, sse3, popcnt, mmxext, 3dnowpref, lzcnt, sse4a, tsc, tscinvbit, tscinv

Memory: 4k page, physical 2097148k(2097148k free), swap 33549684k(16088564k free)

vm_info: Java HotSpot(TM) Client VM (23.0-b21) for windows-x86 JRE (1.7.0_04-b22), built on May  3 2012 00:03:48 by "java_re" with unknown MS VC++:1600

time: Mon Jan 07 23:50:20 2013
elapsed time: 44 seconds

