#
# A fatal error has been detected by the Java Runtime Environment:
#
#  Internal Error (0xc06d007e), pid=9356, tid=64856
#
# JRE version: 7.0_04-b22
# Java VM: Java HotSpot(TM) Client VM (23.0-b21 mixed mode windows-x86 )
# Problematic frame:
# C  0x765ab9bc
#
# Failed to write core dump. 
#
# If you would like to submit a bug report, please visit:
#   http://bugreport.sun.com/bugreport/crash.jsp
# The crash happened outside the Java Virtual Machine in native code.
# See problematic frame for where to report the bug.
#

---------------  T H R E A D  ---------------

Current thread (0x002bac00):  JavaThread "main" [_thread_in_native, id=64856, stack(0x00b60000,0x00bb0000)]

siginfo: ExceptionCode=0xc06d007e, ExceptionInformation=0x00baed98 

Registers:
EAX=0x00baed24, EBX=0x00000000, ECX=0x00000001, EDX=0x00000000
ESP=0x00baed24, EBP=0x00baed74, ESI=0x5e212774, EDI=0x00000000
EIP=0x765ab9bc, EFLAGS=0x00000216

Top of Stack: (sp=0x00baed24)
0x00baed24:   c06d007e 00000000 00000000 765ab9bc
0x00baed34:   00000001 00baed98 77d7e687 0036eaf8
0x00baed44:   00000000 00baed60 765b22f1 00baed58
0x00baed54:   5e212774 00000000 00000000 00baed80
0x00baed64:   764b4bf7 5e204580 00000000 00000000
0x00baed74:   00baeddc 5e1e0aab c06d007e 00000000
0x00baed84:   00000001 00baede8 76847467 00d99ae8
0x00baed94:   00000000 00000024 5e212774 5e2288fc 

Instructions: (pc=0x765ab9bc)
0x765ab99c:   02 50 ff 75 14 8d 45 c4 50 e8 28 ad 02 00 83 c4
0x765ab9ac:   0c eb 03 89 45 c0 8d 45 b0 50 ff 15 5c 11 5a 76
0x765ab9bc:   c9 c2 10 00 cc cc cc cc cc 8b ff 55 8b ec 56 8b
0x765ab9cc:   75 08 83 fe f4 72 18 83 fe f6 77 13 8d 45 08 50 


Register to memory mapping:

EAX=0x00baed24 is pointing into the stack for thread: 0x002bac00
EBX=0x00000000 is an unknown value
ECX=0x00000001 is an unknown value
EDX=0x00000000 is an unknown value
ESP=0x00baed24 is pointing into the stack for thread: 0x002bac00
EBP=0x00baed74 is pointing into the stack for thread: 0x002bac00
ESI=0x5e212774 is an unknown value
EDI=0x00000000 is an unknown value


Stack: [0x00b60000,0x00bb0000],  sp=0x00baed24,  free space=315k
Native frames: (J=compiled Java code, j=interpreted, Vv=VM code, C=native code)
C  0x765ab9bc
C  0x5e1e0aab
C  0x5e1e0866
C  0x5e1a6471
j  sun.awt.windows.WDesktopProperties.getWindowsParameters()V+0
j  sun.awt.windows.WDesktopProperties.getProperties()Ljava/util/Map;+15
j  sun.awt.windows.WToolkit.updateProperties()V+13
j  sun.awt.windows.WToolkit.lazilyInitWProps()V+20
j  sun.awt.windows.WToolkit.lazilyLoadDesktopProperty(Ljava/lang/String;)Ljava/lang/Object;+122
j  java.awt.Toolkit.getDesktopProperty(Ljava/lang/String;)Ljava/lang/Object;+69
j  javax.swing.UIManager.<clinit>()V+105
v  ~StubRoutines::call_stub
C  0x6ca296da
C  0x6cad837e
C  0x6ca2975d
C  0x6c98ac28
C  0x6c98b6e0
C  0x6c98bae2
C  0x6c98be79
C  0x6c95716c
C  0x6c9579ed
C  0x6c957c80
C  0x6c953c09
j  javax.swing.text.JTextComponent.updateUI()V+2
j  javax.swing.text.JTextComponent.<init>()V+62
j  javax.swing.JTextArea.<init>(Ljavax/swing/text/Document;Ljava/lang/String;II)V+1
j  javax.swing.JTextArea.<init>(II)V+5
j  donQuizote_v1.OcrTest.<init>()V+133
j  donQuizote_v1.DonQuizote.main([Ljava/lang/String;)V+4
v  ~StubRoutines::call_stub
C  0x6ca296da
C  0x6cad837e
C  0x6ca2975d
C  0x6c9ae214
C  0x6c9b85a7
C  0x01101fea
C  0x0110a0eb
C  0x0110a175
C  0x764b3677
C  0x77d89f42
C  0x77d89f15

Java frames: (J=compiled Java code, j=interpreted, Vv=VM code)
j  sun.awt.windows.WDesktopProperties.getWindowsParameters()V+0
j  sun.awt.windows.WDesktopProperties.getProperties()Ljava/util/Map;+15
j  sun.awt.windows.WToolkit.updateProperties()V+13
j  sun.awt.windows.WToolkit.lazilyInitWProps()V+20
j  sun.awt.windows.WToolkit.lazilyLoadDesktopProperty(Ljava/lang/String;)Ljava/lang/Object;+122
j  java.awt.Toolkit.getDesktopProperty(Ljava/lang/String;)Ljava/lang/Object;+69
j  javax.swing.UIManager.<clinit>()V+105
v  ~StubRoutines::call_stub
j  javax.swing.text.JTextComponent.updateUI()V+2
j  javax.swing.text.JTextComponent.<init>()V+62
j  javax.swing.JTextArea.<init>(Ljavax/swing/text/Document;Ljava/lang/String;II)V+1
j  javax.swing.JTextArea.<init>(II)V+5
j  donQuizote_v1.OcrTest.<init>()V+133
j  donQuizote_v1.DonQuizote.main([Ljava/lang/String;)V+4
v  ~StubRoutines::call_stub

---------------  P R O C E S S  ---------------

Java Threads: ( => current thread )
  0x00df5400 JavaThread "AWT-Windows" daemon [_thread_in_native, id=42644, stack(0x046f0000,0x04740000)]
  0x00df4800 JavaThread "AWT-Shutdown" [_thread_blocked, id=14280, stack(0x04c00000,0x04c50000)]
  0x00df0000 JavaThread "Java2D Disposer" daemon [_thread_blocked, id=52692, stack(0x04ba0000,0x04bf0000)]
  0x00d35800 JavaThread "Service Thread" daemon [_thread_blocked, id=54240, stack(0x048d0000,0x04920000)]
  0x00d30c00 JavaThread "C1 CompilerThread0" daemon [_thread_blocked, id=44848, stack(0x04630000,0x04680000)]
  0x00d2f800 JavaThread "Attach Listener" daemon [_thread_blocked, id=14908, stack(0x04780000,0x047d0000)]
  0x00d2c400 JavaThread "Signal Dispatcher" daemon [_thread_blocked, id=42524, stack(0x01040000,0x01090000)]
  0x00cd9800 JavaThread "Finalizer" daemon [_thread_blocked, id=51528, stack(0x00ed0000,0x00f20000)]
  0x00cd4c00 JavaThread "Reference Handler" daemon [_thread_blocked, id=29068, stack(0x00f80000,0x00fd0000)]
=>0x002bac00 JavaThread "main" [_thread_in_native, id=64856, stack(0x00b60000,0x00bb0000)]

Other Threads:
  0x00cce000 VMThread [stack: 0x00b10000,0x00b60000] [id=27616]
  0x00d52400 WatcherThread [stack: 0x04860000,0x048b0000] [id=17988]

VM state:not at safepoint (normal execution)

VM Mutex/Monitor currently owned by a thread: None

Heap
 def new generation   total 4928K, used 549K [0x24800000, 0x24d50000, 0x29d50000)
  eden space 4416K,  12% used [0x24800000, 0x24889430, 0x24c50000)
  from space 512K,   0% used [0x24c50000, 0x24c50000, 0x24cd0000)
  to   space 512K,   0% used [0x24cd0000, 0x24cd0000, 0x24d50000)
 tenured generation   total 10944K, used 0K [0x29d50000, 0x2a800000, 0x34800000)
   the space 10944K,   0% used [0x29d50000, 0x29d50000, 0x29d50200, 0x2a800000)
 compacting perm gen  total 12288K, used 2945K [0x34800000, 0x35400000, 0x38800000)
   the space 12288K,  23% used [0x34800000, 0x34ae0500, 0x34ae0600, 0x35400000)
No shared spaces configured.

Code Cache  [0x02530000, 0x025c8000, 0x04530000)
 total_blobs=169 nmethods=6 adapters=99 free_code_cache=32175Kb largest_free_block=32947328

Compilation events (10 events):
Event: 0.441 Thread 0x00d30c00    2             java.lang.String::charAt (33 bytes)
Event: 0.442 Thread 0x00d30c00 nmethod 2 0x025c0108 code [0x025c0210, 0x025c033c]
Event: 0.465 Thread 0x00d30c00    3             java.lang.String::indexOf (87 bytes)
Event: 0.466 Thread 0x00d30c00 nmethod 3 0x025c0448 code [0x025c0550, 0x025c068c]
Event: 0.495 Thread 0x00d30c00    4             java.lang.String::lastIndexOf (68 bytes)
Event: 0.496 Thread 0x00d30c00 nmethod 4 0x025c07c8 code [0x025c08d0, 0x025c09ec]
Event: 0.504 Thread 0x00d30c00    5             java.lang.Object::<init> (1 bytes)
Event: 0.505 Thread 0x00d30c00 nmethod 5 0x025c0c48 code [0x025c0d40, 0x025c0dd0]
Event: 0.516 Thread 0x00d30c00    6             java.lang.String::equals (88 bytes)
Event: 0.517 Thread 0x00d30c00 nmethod 6 0x025c0e48 code [0x025c0f60, 0x025c1100]

GC Heap History (0 events):
No events

Deoptimization events (0 events):
No events

Internal exceptions (6 events):
Event: 0.264 Thread 0x002bac00 Threw 0x2480aa50 at C:\jdk7u2_32P\jdk7u4\hotspot\src\share\vm\prims\jni.cpp:3993
Event: 0.447 Thread 0x002bac00 Threw 0x24844d78 at C:\jdk7u2_32P\jdk7u4\hotspot\src\share\vm\prims\jvm.cpp:1166
Event: 0.475 Thread 0x002bac00 Threw 0x2484a358 at C:\jdk7u2_32P\jdk7u4\hotspot\src\share\vm\prims\jvm.cpp:1166
Event: 0.517 Thread 0x002bac00 Threw 0x24856798 at C:\jdk7u2_32P\jdk7u4\hotspot\src\share\vm\prims\jni.cpp:715
Event: 0.518 Thread 0x002bac00 Threw 0x24857028 at C:\jdk7u2_32P\jdk7u4\hotspot\src\share\vm\prims\jni.cpp:715
Event: 0.749 Thread 0x002bac00 Threw 0x2486c418 at C:\jdk7u2_32P\jdk7u4\hotspot\src\share\vm\prims\jni.cpp:715

Events (10 events):
Event: 0.766 loading class 0x00df6998
Event: 0.766 loading class 0x00df6998 done
Event: 0.766 loading class 0x00ce3768
Event: 0.767 loading class 0x00ce3768 done
Event: 0.767 loading class 0x00ce1310
Event: 0.767 loading class 0x00ce1310 done
Event: 0.768 loading class 0x00d80778
Event: 0.769 loading class 0x00da0a08
Event: 0.770 loading class 0x00da0a08 done
Event: 0.770 loading class 0x00d80778 done


Dynamic libraries:

VM Arguments:
jvm_args: -Djava.library.path=C:\Users\Michael\Coding\Libraries\tesjeract-0.3.3;C:\Users\skellystudios\Dev\Itbox\Asprise-OCR-Java-MacOSX_SnowLeopard-4.0.zip Folder;C:\Program Files (x86)\tesseract-2.04 -Dfile.encoding=Cp1252 
java_command: donQuizote_v1.DonQuizote
Launcher Type: SUN_STANDARD

Environment Variables:



---------------  S Y S T E M  ---------------

OS: Windows NT 6.1 , 64 bit Build 7600 

CPU:total 8 (4 cores per cpu, 1 threads per core) family 16 model 2 stepping 3, cmov, cx8, fxsr, mmx, sse, sse2, sse3, popcnt, mmxext, 3dnowpref, lzcnt, sse4a, tsc, tscinvbit, tscinv

Memory: 4k page, physical 1048576k(1048576k free), swap 33549680k(13162680k free)

vm_info: Java HotSpot(TM) Client VM (23.0-b21) for windows-x86 JRE (1.7.0_04-b22), built on May  3 2012 00:03:48 by "java_re" with unknown MS VC++:1600

time: Fri May 25 16:20:56 2012
elapsed time: 0 seconds

