#
# A fatal error has been detected by the Java Runtime Environment:
#
#  EXCEPTION_ACCESS_VIOLATION (0xc0000005) at pc=0x1002790a, pid=2296, tid=47192
#
# JRE version: 7.0_04-b22
# Java VM: Java HotSpot(TM) Client VM (23.0-b21 mixed mode, sharing windows-x86 )
# Problematic frame:
# C  [tessdll.dll+0x2790a]  TessDllBeginPageBPP+0x25f8a
#
# Core dump written. Default location: C:\Users\Michael\git\DonQuizote\DonQuizote\hs_err_pid2296.mdmp
#
# If you would like to submit a bug report, please visit:
#   http://bugreport.sun.com/bugreport/crash.jsp
# The crash happened outside the Java Virtual Machine in native code.
# See problematic frame for where to report the bug.
#

---------------  T H R E A D  ---------------

Current thread (0x048a0c00):  JavaThread "AWT-EventQueue-0" [_thread_in_native, id=47192, stack(0x052b0000,0x05300000)]

siginfo: ExceptionCode=0xc0000005, reading address 0x616e6f00

Registers:
EAX=0x616e6f00, EBX=0x00000000, ECX=0x05ec81d0, EDX=0x049d0048
ESP=0x052fe93c, EBP=0x052fea78, ESI=0x05ec81c8, EDI=0x00000034
EIP=0x1002790a, EFLAGS=0x00010246

Top of Stack: (sp=0x052fe93c)
0x052fe93c:   6b32244f 04bc7520 00000196 05ec81c8
0x052fe94c:   616e6f00 ffffffff 052fe974 748c3a58
0x052fe95c:   04bc0000 00000000 00000010 00000034
0x052fe96c:   00000196 04bc7520 052fe98c 748c3b58
0x052fe97c:   00000010 00000000 052fe9a8 10082706
0x052fe98c:   ffffffff 100011a3 616e6f00 6b322493
0x052fe99c:   04bc7520 04a80be8 05ec81c8 052fe9f8
0x052fe9ac:   10080bd3 00000001 100015cd 6b3224b3 

Instructions: (pc=0x1002790a)
0x100278ea:   50 8d 44 24 48 64 a3 00 00 00 00 8b f1 89 74 24
0x100278fa:   0c 8d 4e 08 33 db 89 19 8b 44 24 58 89 44 24 10
0x1002790a:   8b 10 89 54 24 14 89 5c 24 50 39 18 74 14 8b 00
0x1002791a:   8b 10 89 54 24 18 3b d3 74 0e 8b 02 89 44 24 1c 


Register to memory mapping:

EAX=0x616e6f00 is an unknown value
EBX=0x00000000 is an unknown value
ECX=0x05ec81d0 is an unknown value
EDX=0x049d0048 is an unknown value
ESP=0x052fe93c is pointing into the stack for thread: 0x048a0c00
EBP=0x052fea78 is pointing into the stack for thread: 0x048a0c00
ESI=0x05ec81c8 is an unknown value
EDI=0x00000034 is an unknown value


Stack: [0x052b0000,0x05300000],  sp=0x052fe93c,  free space=314k
Native frames: (J=compiled Java code, j=interpreted, Vv=VM code, C=native code)
C  [tessdll.dll+0x2790a]  TessDllBeginPageBPP+0x25f8a
j  net.gencsoy.tesjeract.Tesjeract.recognizeAllWords(Ljava/nio/ByteBuffer;)[Lnet/gencsoy/tesjeract/EANYCodeChar;+0
j  donQuizote_v2.TesjeractOCR.recognise(Ljava/awt/image/BufferedImage;)Ljava/lang/String;+50
j  donQuizote_v2.DonQuizote.answerQuestion()V+42
j  donQuizote_v2.DQInterface$2.actionPerformed(Ljava/awt/event/ActionEvent;)V+7
j  javax.swing.AbstractButton.fireActionPerformed(Ljava/awt/event/ActionEvent;)V+84
j  javax.swing.AbstractButton$Handler.actionPerformed(Ljava/awt/event/ActionEvent;)V+5
j  javax.swing.DefaultButtonModel.fireActionPerformed(Ljava/awt/event/ActionEvent;)V+35
j  javax.swing.DefaultButtonModel.setPressed(Z)V+117
j  javax.swing.plaf.basic.BasicButtonListener.mouseReleased(Ljava/awt/event/MouseEvent;)V+35
j  java.awt.Component.processMouseEvent(Ljava/awt/event/MouseEvent;)V+64
j  javax.swing.JComponent.processMouseEvent(Ljava/awt/event/MouseEvent;)V+23
j  java.awt.Component.processEvent(Ljava/awt/AWTEvent;)V+81
j  java.awt.Container.processEvent(Ljava/awt/AWTEvent;)V+18
j  java.awt.Component.dispatchEventImpl(Ljava/awt/AWTEvent;)V+581
j  java.awt.Container.dispatchEventImpl(Ljava/awt/AWTEvent;)V+42
j  java.awt.Component.dispatchEvent(Ljava/awt/AWTEvent;)V+2
j  java.awt.LightweightDispatcher.retargetMouseEvent(Ljava/awt/Component;ILjava/awt/event/MouseEvent;)V+327
j  java.awt.LightweightDispatcher.processMouseEvent(Ljava/awt/event/MouseEvent;)Z+139
j  java.awt.LightweightDispatcher.dispatchEvent(Ljava/awt/AWTEvent;)Z+50
j  java.awt.Container.dispatchEventImpl(Ljava/awt/AWTEvent;)V+12
j  java.awt.Window.dispatchEventImpl(Ljava/awt/AWTEvent;)V+19
j  java.awt.Component.dispatchEvent(Ljava/awt/AWTEvent;)V+2
j  java.awt.EventQueue.dispatchEventImpl(Ljava/awt/AWTEvent;Ljava/lang/Object;)V+41
J  java.awt.EventQueue$3.run()Ljava/lang/Object;
V  [jvm.dll+0x1296da]
V  [jvm.dll+0x1d837e]
V  [jvm.dll+0x12975d]
V  [jvm.dll+0xd914a]
C  [java.dll+0x102f]  Java_java_security_AccessController_doPrivileged__Ljava_security_PrivilegedAction_2Ljava_security_AccessControlContext_2+0x17
J  java.security.ProtectionDomain$1.doIntersectionPrivilege(Ljava/security/PrivilegedAction;Ljava/security/AccessControlContext;Ljava/security/AccessControlContext;)Ljava/lang/Object;
j  java.awt.EventQueue$4.run()Ljava/lang/Void;+11
j  java.awt.EventQueue$4.run()Ljava/lang/Object;+1
v  ~StubRoutines::call_stub
V  [jvm.dll+0x1296da]
V  [jvm.dll+0x1d837e]
V  [jvm.dll+0x12975d]
V  [jvm.dll+0xd914a]
C  [java.dll+0x102f]  Java_java_security_AccessController_doPrivileged__Ljava_security_PrivilegedAction_2Ljava_security_AccessControlContext_2+0x17
J  java.security.ProtectionDomain$1.doIntersectionPrivilege(Ljava/security/PrivilegedAction;Ljava/security/AccessControlContext;Ljava/security/AccessControlContext;)Ljava/lang/Object;
J  java.awt.EventDispatchThread.pumpOneEventForFilters(I)V
j  java.awt.EventDispatchThread.pumpEventsForHierarchy(ILjava/awt/Conditional;Ljava/awt/Component;)V+11
j  java.awt.EventDispatchThread.pumpEvents(ILjava/awt/Conditional;)V+4
j  java.awt.EventDispatchThread.pumpEvents(Ljava/awt/Conditional;)V+3
j  java.awt.EventDispatchThread.run()V+9
v  ~StubRoutines::call_stub
V  [jvm.dll+0x1296da]
V  [jvm.dll+0x1d837e]
V  [jvm.dll+0x1298c3]
V  [jvm.dll+0x129927]
V  [jvm.dll+0xd24af]
V  [jvm.dll+0x149987]
V  [jvm.dll+0x149af0]
V  [jvm.dll+0x17df89]
C  [msvcr100.dll+0x5c6de]  endthreadex+0x3a
C  [msvcr100.dll+0x5c788]  endthreadex+0xe4
C  [kernel32.dll+0x13677]  BaseThreadInitThunk+0x12
C  [ntdll.dll+0x39f42]  RtlInitializeExceptionChain+0x63
C  [ntdll.dll+0x39f15]  RtlInitializeExceptionChain+0x36

Java frames: (J=compiled Java code, j=interpreted, Vv=VM code)
j  net.gencsoy.tesjeract.Tesjeract.recognizeAllWords(Ljava/nio/ByteBuffer;)[Lnet/gencsoy/tesjeract/EANYCodeChar;+0
j  donQuizote_v2.TesjeractOCR.recognise(Ljava/awt/image/BufferedImage;)Ljava/lang/String;+50
j  donQuizote_v2.DonQuizote.answerQuestion()V+42
j  donQuizote_v2.DQInterface$2.actionPerformed(Ljava/awt/event/ActionEvent;)V+7
j  javax.swing.AbstractButton.fireActionPerformed(Ljava/awt/event/ActionEvent;)V+84
j  javax.swing.AbstractButton$Handler.actionPerformed(Ljava/awt/event/ActionEvent;)V+5
j  javax.swing.DefaultButtonModel.fireActionPerformed(Ljava/awt/event/ActionEvent;)V+35
j  javax.swing.DefaultButtonModel.setPressed(Z)V+117
j  javax.swing.plaf.basic.BasicButtonListener.mouseReleased(Ljava/awt/event/MouseEvent;)V+35
j  java.awt.Component.processMouseEvent(Ljava/awt/event/MouseEvent;)V+64
j  javax.swing.JComponent.processMouseEvent(Ljava/awt/event/MouseEvent;)V+23
j  java.awt.Component.processEvent(Ljava/awt/AWTEvent;)V+81
j  java.awt.Container.processEvent(Ljava/awt/AWTEvent;)V+18
j  java.awt.Component.dispatchEventImpl(Ljava/awt/AWTEvent;)V+581
j  java.awt.Container.dispatchEventImpl(Ljava/awt/AWTEvent;)V+42
j  java.awt.Component.dispatchEvent(Ljava/awt/AWTEvent;)V+2
j  java.awt.LightweightDispatcher.retargetMouseEvent(Ljava/awt/Component;ILjava/awt/event/MouseEvent;)V+327
j  java.awt.LightweightDispatcher.processMouseEvent(Ljava/awt/event/MouseEvent;)Z+139
j  java.awt.LightweightDispatcher.dispatchEvent(Ljava/awt/AWTEvent;)Z+50
j  java.awt.Container.dispatchEventImpl(Ljava/awt/AWTEvent;)V+12
j  java.awt.Window.dispatchEventImpl(Ljava/awt/AWTEvent;)V+19
j  java.awt.Component.dispatchEvent(Ljava/awt/AWTEvent;)V+2
j  java.awt.EventQueue.dispatchEventImpl(Ljava/awt/AWTEvent;Ljava/lang/Object;)V+41
J  java.awt.EventQueue$3.run()Ljava/lang/Object;
v  ~StubRoutines::call_stub
J  java.security.AccessController.doPrivileged(Ljava/security/PrivilegedAction;Ljava/security/AccessControlContext;)Ljava/lang/Object;
J  java.security.ProtectionDomain$1.doIntersectionPrivilege(Ljava/security/PrivilegedAction;Ljava/security/AccessControlContext;Ljava/security/AccessControlContext;)Ljava/lang/Object;
j  java.security.ProtectionDomain$1.doIntersectionPrivilege(Ljava/security/PrivilegedAction;Ljava/security/AccessControlContext;)Ljava/lang/Object;+6
j  java.awt.EventQueue$4.run()Ljava/lang/Void;+11
j  java.awt.EventQueue$4.run()Ljava/lang/Object;+1
v  ~StubRoutines::call_stub
J  java.security.AccessController.doPrivileged(Ljava/security/PrivilegedAction;Ljava/security/AccessControlContext;)Ljava/lang/Object;
J  java.security.ProtectionDomain$1.doIntersectionPrivilege(Ljava/security/PrivilegedAction;Ljava/security/AccessControlContext;Ljava/security/AccessControlContext;)Ljava/lang/Object;
j  java.awt.EventQueue.dispatchEvent(Ljava/awt/AWTEvent;)V+73
J  java.awt.EventDispatchThread.pumpOneEventForFilters(I)V
j  java.awt.EventDispatchThread.pumpEventsForFilter(ILjava/awt/Conditional;Ljava/awt/EventFilter;)V+48
j  java.awt.EventDispatchThread.pumpEventsForHierarchy(ILjava/awt/Conditional;Ljava/awt/Component;)V+11
j  java.awt.EventDispatchThread.pumpEvents(ILjava/awt/Conditional;)V+4
j  java.awt.EventDispatchThread.pumpEvents(Ljava/awt/Conditional;)V+3
j  java.awt.EventDispatchThread.run()V+9
v  ~StubRoutines::call_stub

---------------  P R O C E S S  ---------------

Java Threads: ( => current thread )
  0x0671f400 JavaThread "SwingWorker-pool-1-thread-4" daemon [_thread_blocked, id=47860, stack(0x051b0000,0x05200000)]
  0x0672bc00 JavaThread "SwingWorker-pool-1-thread-3" daemon [_thread_blocked, id=33688, stack(0x060f0000,0x06140000)]
  0x047e7000 JavaThread "SwingWorker-pool-1-thread-2" daemon [_thread_blocked, id=32332, stack(0x059a0000,0x059f0000)]
  0x048cc800 JavaThread "SwingWorker-pool-1-thread-1" daemon [_thread_blocked, id=30744, stack(0x05850000,0x058a0000)]
  0x048c7800 JavaThread "TimerQueue" daemon [_thread_blocked, id=41240, stack(0x05750000,0x057a0000)]
  0x009aac00 JavaThread "DestroyJavaVM" [_thread_blocked, id=28048, stack(0x00950000,0x009a0000)]
=>0x048a0c00 JavaThread "AWT-EventQueue-0" [_thread_in_native, id=47192, stack(0x052b0000,0x05300000)]
  0x04854800 JavaThread "AWT-Windows" daemon [_thread_in_native, id=51224, stack(0x04e80000,0x04ed0000)]
  0x04854000 JavaThread "AWT-Shutdown" [_thread_blocked, id=35288, stack(0x04d60000,0x04db0000)]
  0x04835800 JavaThread "Java2D Disposer" daemon [_thread_blocked, id=10044, stack(0x04c00000,0x04c50000)]
  0x00aa7800 JavaThread "Service Thread" daemon [_thread_blocked, id=21216, stack(0x04780000,0x047d0000)]
  0x00a95c00 JavaThread "C1 CompilerThread0" daemon [_thread_blocked, id=13700, stack(0x045b0000,0x04600000)]
  0x00a94800 JavaThread "Attach Listener" daemon [_thread_blocked, id=46588, stack(0x04510000,0x04560000)]
  0x00a93800 JavaThread "Signal Dispatcher" daemon [_thread_blocked, id=38644, stack(0x04460000,0x044b0000)]
  0x00a7e400 JavaThread "Finalizer" daemon [_thread_blocked, id=15352, stack(0x04400000,0x04450000)]
  0x00a7cc00 JavaThread "Reference Handler" daemon [_thread_blocked, id=32216, stack(0x00d60000,0x00db0000)]

Other Threads:
  0x00a7b400 VMThread [stack: 0x00c80000,0x00cd0000] [id=30756]
  0x00aa8800 WatcherThread [stack: 0x00900000,0x00950000] [id=25724]

VM state:not at safepoint (normal execution)

VM Mutex/Monitor currently owned by a thread: None

Heap
 def new generation   total 4928K, used 59K [0x24800000, 0x24d50000, 0x29d50000)
  eden space 4416K,   0% used [0x24800000, 0x24805c80, 0x24c50000)
  from space 512K,   7% used [0x24cd0000, 0x24cd9220, 0x24d50000)
  to   space 512K,   0% used [0x24c50000, 0x24c50000, 0x24cd0000)
 tenured generation   total 10944K, used 9800K [0x29d50000, 0x2a800000, 0x34800000)
   the space 10944K,  89% used [0x29d50000, 0x2a6e2358, 0x2a6e2400, 0x2a800000)
 compacting perm gen  total 12288K, used 5388K [0x34800000, 0x35400000, 0x38800000)
   the space 12288K,  43% used [0x34800000, 0x34d43330, 0x34d43400, 0x35400000)
    ro space 10240K,  42% used [0x38800000, 0x38c3e578, 0x38c3e600, 0x39200000)
    rw space 12288K,  54% used [0x39200000, 0x3987f0e8, 0x3987f200, 0x39e00000)

Code Cache  [0x02220000, 0x023c0000, 0x04220000)
 total_blobs=813 nmethods=582 adapters=166 free_code_cache=31124Kb largest_free_block=31869440

Compilation events (10 events):
Event: 333.736 Thread 0x00a95c00  584             java.awt.AWTEvent::access$002 (7 bytes)
Event: 333.736 Thread 0x00a95c00 nmethod 584 0x023ba948 code [0x023baa40, 0x023baac0]
Event: 335.857 Thread 0x00a95c00  586             java.lang.Boolean::valueOf (14 bytes)
Event: 335.857 Thread 0x00a95c00 nmethod 586 0x023badc8 code [0x023baec0, 0x023baf40]
Event: 335.857 Thread 0x00a95c00  587             java.awt.Component::isVisible (5 bytes)
Event: 335.857 Thread 0x00a95c00 nmethod 587 0x023baf88 code [0x023bb080, 0x023bb100]
Event: 335.857 Thread 0x00a95c00  588             java.awt.Component::isVisible_NoClientCode (5 bytes)
Event: 335.857 Thread 0x00a95c00 nmethod 588 0x023bb148 code [0x023bb240, 0x023bb2c0]
Event: 336.055 Thread 0x00a95c00  589             javax.imageio.stream.FileCacheImageOutputStream::write (41 bytes)
Event: 336.056 Thread 0x00a95c00 nmethod 589 0x023bb308 code [0x023bb410, 0x023bb518]

GC Heap History (10 events):
Event: 324.744 GC heap before
{Heap before GC invocations=28 (full 0):
 def new generation   total 4928K, used 2760K [0x24800000, 0x24d50000, 0x29d50000)
  eden space 4416K,  61% used [0x24800000, 0x24aa3038, 0x24c50000)
  from space 512K,  11% used [0x24c50000, 0x24c5f118, 0x24cd0000)
  to   space 512K,   0% used [0x24cd0000, 0x24cd0000, 0x24d50000)
 tenured generation   total 10944K, used 9103K [0x29d50000, 0x2a800000, 0x34800000)
   the space 10944K,  83% used [0x29d50000, 0x2a633dd8, 0x2a633e00, 0x2a800000)
 compacting perm gen  total 12288K, used 5388K [0x34800000, 0x35400000, 0x38800000)
   the space 12288K,  43% used [0x34800000, 0x34d43330, 0x34d43400, 0x35400000)
    ro space 10240K,  42% used [0x38800000, 0x38c3e578, 0x38c3e600, 0x39200000)
    rw space 12288K,  54% used [0x39200000, 0x3987f0e8, 0x3987f200, 0x39e00000)
Event: 324.747 GC heap after
Heap after GC invocations=29 (full 0):
 def new generation   total 4928K, used 62K [0x24800000, 0x24d50000, 0x29d50000)
  eden space 4416K,   0% used [0x24800000, 0x24800000, 0x24c50000)
  from space 512K,  12% used [0x24cd0000, 0x24cdfb98, 0x24d50000)
  to   space 512K,   0% used [0x24c50000, 0x24c50000, 0x24cd0000)
 tenured generation   total 10944K, used 9103K [0x29d50000, 0x2a800000, 0x34800000)
   the space 10944K,  83% used [0x29d50000, 0x2a633dd8, 0x2a633e00, 0x2a800000)
 compacting perm gen  total 12288K, used 5388K [0x34800000, 0x35400000, 0x38800000)
   the space 12288K,  43% used [0x34800000, 0x34d43330, 0x34d43400, 0x35400000)
    ro space 10240K,  42% used [0x38800000, 0x38c3e578, 0x38c3e600, 0x39200000)
    rw space 12288K,  54% used [0x39200000, 0x3987f0e8, 0x3987f200, 0x39e00000)
}
Event: 327.148 GC heap before
{Heap before GC invocations=29 (full 0):
 def new generation   total 4928K, used 2738K [0x24800000, 0x24d50000, 0x29d50000)
  eden space 4416K,  60% used [0x24800000, 0x24a9cdc8, 0x24c50000)
  from space 512K,  12% used [0x24cd0000, 0x24cdfb98, 0x24d50000)
  to   space 512K,   0% used [0x24c50000, 0x24c50000, 0x24cd0000)
 tenured generation   total 10944K, used 9103K [0x29d50000, 0x2a800000, 0x34800000)
   the space 10944K,  83% used [0x29d50000, 0x2a633dd8, 0x2a633e00, 0x2a800000)
 compacting perm gen  total 12288K, used 5388K [0x34800000, 0x35400000, 0x38800000)
   the space 12288K,  43% used [0x34800000, 0x34d43330, 0x34d43400, 0x35400000)
    ro space 10240K,  42% used [0x38800000, 0x38c3e578, 0x38c3e600, 0x39200000)
    rw space 12288K,  54% used [0x39200000, 0x3987f0e8, 0x3987f200, 0x39e00000)
Event: 327.151 GC heap after
Heap after GC invocations=30 (full 0):
 def new generation   total 4928K, used 62K [0x24800000, 0x24d50000, 0x29d50000)
  eden space 4416K,   0% used [0x24800000, 0x24800000, 0x24c50000)
  from space 512K,  12% used [0x24c50000, 0x24c5fbc8, 0x24cd0000)
  to   space 512K,   0% used [0x24cd0000, 0x24cd0000, 0x24d50000)
 tenured generation   total 10944K, used 9103K [0x29d50000, 0x2a800000, 0x34800000)
   the space 10944K,  83% used [0x29d50000, 0x2a633dd8, 0x2a633e00, 0x2a800000)
 compacting perm gen  total 12288K, used 5388K [0x34800000, 0x35400000, 0x38800000)
   the space 12288K,  43% used [0x34800000, 0x34d43330, 0x34d43400, 0x35400000)
    ro space 10240K,  42% used [0x38800000, 0x38c3e578, 0x38c3e600, 0x39200000)
    rw space 12288K,  54% used [0x39200000, 0x3987f0e8, 0x3987f200, 0x39e00000)
}
Event: 332.364 GC heap before
{Heap before GC invocations=30 (full 0):
 def new generation   total 4928K, used 2743K [0x24800000, 0x24d50000, 0x29d50000)
  eden space 4416K,  60% used [0x24800000, 0x24a9e308, 0x24c50000)
  from space 512K,  12% used [0x24c50000, 0x24c5fbc8, 0x24cd0000)
  to   space 512K,   0% used [0x24cd0000, 0x24cd0000, 0x24d50000)
 tenured generation   total 10944K, used 9103K [0x29d50000, 0x2a800000, 0x34800000)
   the space 10944K,  83% used [0x29d50000, 0x2a633dd8, 0x2a633e00, 0x2a800000)
 compacting perm gen  total 12288K, used 5388K [0x34800000, 0x35400000, 0x38800000)
   the space 12288K,  43% used [0x34800000, 0x34d43330, 0x34d43400, 0x35400000)
    ro space 10240K,  42% used [0x38800000, 0x38c3e578, 0x38c3e600, 0x39200000)
    rw space 12288K,  54% used [0x39200000, 0x3987f0e8, 0x3987f200, 0x39e00000)
Event: 332.367 GC heap after
Heap after GC invocations=31 (full 0):
 def new generation   total 4928K, used 63K [0x24800000, 0x24d50000, 0x29d50000)
  eden space 4416K,   0% used [0x24800000, 0x24800000, 0x24c50000)
  from space 512K,  12% used [0x24cd0000, 0x24cdfca8, 0x24d50000)
  to   space 512K,   0% used [0x24c50000, 0x24c50000, 0x24cd0000)
 tenured generation   total 10944K, used 9103K [0x29d50000, 0x2a800000, 0x34800000)
   the space 10944K,  83% used [0x29d50000, 0x2a633dd8, 0x2a633e00, 0x2a800000)
 compacting perm gen  total 12288K, used 5388K [0x34800000, 0x35400000, 0x38800000)
   the space 12288K,  43% used [0x34800000, 0x34d43330, 0x34d43400, 0x35400000)
    ro space 10240K,  42% used [0x38800000, 0x38c3e578, 0x38c3e600, 0x39200000)
    rw space 12288K,  54% used [0x39200000, 0x3987f0e8, 0x3987f200, 0x39e00000)
}
Event: 336.059 GC heap before
{Heap before GC invocations=31 (full 0):
 def new generation   total 4928K, used 4475K [0x24800000, 0x24d50000, 0x29d50000)
  eden space 4416K,  99% used [0x24800000, 0x24c4f350, 0x24c50000)
  from space 512K,  12% used [0x24cd0000, 0x24cdfca8, 0x24d50000)
  to   space 512K,   0% used [0x24c50000, 0x24c50000, 0x24cd0000)
 tenured generation   total 10944K, used 9103K [0x29d50000, 0x2a800000, 0x34800000)
   the space 10944K,  83% used [0x29d50000, 0x2a633dd8, 0x2a633e00, 0x2a800000)
 compacting perm gen  total 12288K, used 5388K [0x34800000, 0x35400000, 0x38800000)
   the space 12288K,  43% used [0x34800000, 0x34d43330, 0x34d43400, 0x35400000)
    ro space 10240K,  42% used [0x38800000, 0x38c3e578, 0x38c3e600, 0x39200000)
    rw space 12288K,  54% used [0x39200000, 0x3987f0e8, 0x3987f200, 0x39e00000)
Event: 336.062 GC heap after
Heap after GC invocations=32 (full 0):
 def new generation   total 4928K, used 478K [0x24800000, 0x24d50000, 0x29d50000)
  eden space 4416K,   0% used [0x24800000, 0x24800000, 0x24c50000)
  from space 512K,  93% used [0x24c50000, 0x24cc7a00, 0x24cd0000)
  to   space 512K,   0% used [0x24cd0000, 0x24cd0000, 0x24d50000)
 tenured generation   total 10944K, used 9345K [0x29d50000, 0x2a800000, 0x34800000)
   the space 10944K,  85% used [0x29d50000, 0x2a670488, 0x2a670600, 0x2a800000)
 compacting perm gen  total 12288K, used 5388K [0x34800000, 0x35400000, 0x38800000)
   the space 12288K,  43% used [0x34800000, 0x34d43330, 0x34d43400, 0x35400000)
    ro space 10240K,  42% used [0x38800000, 0x38c3e578, 0x38c3e600, 0x39200000)
    rw space 12288K,  54% used [0x39200000, 0x3987f0e8, 0x3987f200, 0x39e00000)
}
Event: 336.730 GC heap before
{Heap before GC invocations=32 (full 0):
 def new generation   total 4928K, used 4894K [0x24800000, 0x24d50000, 0x29d50000)
  eden space 4416K, 100% used [0x24800000, 0x24c50000, 0x24c50000)
  from space 512K,  93% used [0x24c50000, 0x24cc7a00, 0x24cd0000)
  to   space 512K,   0% used [0x24cd0000, 0x24cd0000, 0x24d50000)
 tenured generation   total 10944K, used 9345K [0x29d50000, 0x2a800000, 0x34800000)
   the space 10944K,  85% used [0x29d50000, 0x2a670488, 0x2a670600, 0x2a800000)
 compacting perm gen  total 12288K, used 5388K [0x34800000, 0x35400000, 0x38800000)
   the space 12288K,  43% used [0x34800000, 0x34d43330, 0x34d43400, 0x35400000)
    ro space 10240K,  42% used [0x38800000, 0x38c3e578, 0x38c3e600, 0x39200000)
    rw space 12288K,  54% used [0x39200000, 0x3987f0e8, 0x3987f200, 0x39e00000)
Event: 336.733 GC heap after
Heap after GC invocations=33 (full 0):
 def new generation   total 4928K, used 36K [0x24800000, 0x24d50000, 0x29d50000)
  eden space 4416K,   0% used [0x24800000, 0x24800000, 0x24c50000)
  from space 512K,   7% used [0x24cd0000, 0x24cd9220, 0x24d50000)
  to   space 512K,   0% used [0x24c50000, 0x24c50000, 0x24cd0000)
 tenured generation   total 10944K, used 9800K [0x29d50000, 0x2a800000, 0x34800000)
   the space 10944K,  89% used [0x29d50000, 0x2a6e2358, 0x2a6e2400, 0x2a800000)
 compacting perm gen  total 12288K, used 5388K [0x34800000, 0x35400000, 0x38800000)
   the space 12288K,  43% used [0x34800000, 0x34d43330, 0x34d43400, 0x35400000)
    ro space 10240K,  42% used [0x38800000, 0x38c3e578, 0x38c3e600, 0x39200000)
    rw space 12288K,  54% used [0x39200000, 0x3987f0e8, 0x3987f200, 0x39e00000)
}

Deoptimization events (0 events):
No events

Internal exceptions (10 events):
Event: 31.212 Thread 0x048a0c00 Threw 0x24b0d138 at C:\jdk7u2_32P\jdk7u4\hotspot\src\share\vm\classfile\systemDictionary.cpp:179
Event: 31.297 Thread 0x048a0c00 Threw 0x24b7eb80 at C:\jdk7u2_32P\jdk7u4\hotspot\src\share\vm\classfile\systemDictionary.cpp:179
Event: 42.254 Thread 0x048a0c00 Threw 0x24a5a278 at C:\jdk7u2_32P\jdk7u4\hotspot\src\share\vm\classfile\systemDictionary.cpp:179
Event: 42.329 Thread 0x048a0c00 Threw 0x24ac6010 at C:\jdk7u2_32P\jdk7u4\hotspot\src\share\vm\classfile\systemDictionary.cpp:179
Event: 75.770 Thread 0x048a0c00 Threw 0x24c362a8 at C:\jdk7u2_32P\jdk7u4\hotspot\src\share\vm\classfile\systemDictionary.cpp:179
Event: 75.855 Thread 0x048a0c00 Threw 0x248528a0 at C:\jdk7u2_32P\jdk7u4\hotspot\src\share\vm\classfile\systemDictionary.cpp:179
Event: 117.403 Thread 0x048a0c00 Threw 0x24ae4c98 at C:\jdk7u2_32P\jdk7u4\hotspot\src\share\vm\classfile\systemDictionary.cpp:179
Event: 117.478 Thread 0x048a0c00 Threw 0x24b4f9f8 at C:\jdk7u2_32P\jdk7u4\hotspot\src\share\vm\classfile\systemDictionary.cpp:179
Event: 300.387 Thread 0x048a0c00 Threw 0x24bf7dd0 at C:\jdk7u2_32P\jdk7u4\hotspot\src\share\vm\classfile\systemDictionary.cpp:179
Event: 300.470 Thread 0x048a0c00 Threw 0x24813670 at C:\jdk7u2_32P\jdk7u4\hotspot\src\share\vm\classfile\systemDictionary.cpp:179

Events (10 events):
Event: 336.733 Executing VM operation: RevokeBias
Event: 336.734 Executing VM operation: RevokeBias done
Event: 336.734 Executing VM operation: RevokeBias
Event: 336.734 Executing VM operation: RevokeBias done
Event: 336.734 Executing VM operation: RevokeBias
Event: 336.734 Executing VM operation: RevokeBias done
Event: 336.734 Executing VM operation: RevokeBias
Event: 336.735 Executing VM operation: RevokeBias done
Event: 336.735 Executing VM operation: RevokeBias
Event: 336.735 Executing VM operation: RevokeBias done


Dynamic libraries:
0x00df0000 - 0x00e1f000 	C:\Program Files (x86)\Java\jre7\bin\javaw.exe
0x779d0000 - 0x77b50000 	C:\Windows\SysWOW64\ntdll.dll
0x75790000 - 0x75890000 	C:\Windows\syswow64\kernel32.dll
0x756b0000 - 0x756f6000 	C:\Windows\syswow64\KERNELBASE.dll
0x75f00000 - 0x75fa0000 	C:\Windows\syswow64\ADVAPI32.dll
0x773c0000 - 0x7746c000 	C:\Windows\syswow64\msvcrt.dll
0x76210000 - 0x76229000 	C:\Windows\SysWOW64\sechost.dll
0x75920000 - 0x75a10000 	C:\Windows\syswow64\RPCRT4.dll
0x75540000 - 0x755a0000 	C:\Windows\syswow64\SspiCli.dll
0x75530000 - 0x7553c000 	C:\Windows\syswow64\CRYPTBASE.dll
0x774d0000 - 0x775d0000 	C:\Windows\syswow64\USER32.dll
0x75890000 - 0x75920000 	C:\Windows\syswow64\GDI32.dll
0x76430000 - 0x7643a000 	C:\Windows\syswow64\LPK.dll
0x75dd0000 - 0x75e6d000 	C:\Windows\syswow64\USP10.dll
0x642d0000 - 0x6446e000 	C:\Windows\WinSxS\x86_microsoft.windows.common-controls_6595b64144ccf1df_6.0.7600.16385_none_421189da2b7fabfc\COMCTL32.dll
0x75fa0000 - 0x75ff7000 	C:\Windows\syswow64\SHLWAPI.dll
0x77470000 - 0x774d0000 	C:\Windows\system32\IMM32.DLL
0x755a0000 - 0x7566c000 	C:\Windows\syswow64\MSCTF.dll
0x77c70000 - 0x77d2e000 	C:\Program Files (x86)\Java\jre7\bin\msvcr100.dll
0x6cec0000 - 0x6d20a000 	C:\Program Files (x86)\Java\jre7\bin\client\jvm.dll
0x75160000 - 0x75167000 	C:\Windows\system32\WSOCK32.dll
0x75be0000 - 0x75c15000 	C:\Windows\syswow64\WS2_32.dll
0x756a0000 - 0x756a6000 	C:\Windows\syswow64\NSI.dll
0x75040000 - 0x75072000 	C:\Windows\system32\WINMM.dll
0x75ef0000 - 0x75ef5000 	C:\Windows\syswow64\PSAPI.DLL
0x6d470000 - 0x6d47c000 	C:\Program Files (x86)\Java\jre7\bin\verify.dll
0x6c670000 - 0x6c690000 	C:\Program Files (x86)\Java\jre7\bin\java.dll
0x6c9f0000 - 0x6ca03000 	C:\Program Files (x86)\Java\jre7\bin\zip.dll
0x10000000 - 0x10119000 	C:\Program Files (x86)\tesseract-2.04\tessdll.dll
0x74860000 - 0x74903000 	C:\Windows\WinSxS\x86_microsoft.vc90.crt_1fc8b3b9a1e18e3b_9.0.30729.4926_none_508ed732bcbc0e5a\MSVCR90.dll
0x73e60000 - 0x73eee000 	C:\Windows\WinSxS\x86_microsoft.vc90.crt_1fc8b3b9a1e18e3b_9.0.30729.4926_none_508ed732bcbc0e5a\MSVCP90.dll
0x68ec0000 - 0x68ecc000 	C:\Users\Michael\Coding\Libraries\tesjeract-0.3.3\tesjeract.dll
0x5b290000 - 0x5b3d2000 	C:\Program Files (x86)\Java\jre7\bin\awt.dll
0x76180000 - 0x7620f000 	C:\Windows\syswow64\OLEAUT32.dll
0x77260000 - 0x773bc000 	C:\Windows\syswow64\ole32.dll
0x63fc0000 - 0x63fd3000 	C:\Windows\system32\DWMAPI.DLL
0x76460000 - 0x770a9000 	C:\Windows\syswow64\SHELL32.dll
0x70e70000 - 0x70e9a000 	C:\Program Files (x86)\Java\jre7\bin\fontmanager.dll
0x6d250000 - 0x6d264000 	C:\Program Files (x86)\Java\jre7\bin\net.dll
0x74750000 - 0x7478c000 	C:\Windows\system32\mswsock.dll
0x74730000 - 0x74736000 	C:\Windows\System32\wship6.dll
0x00c30000 - 0x00c3f000 	C:\Program Files (x86)\Java\jre7\bin\nio.dll
0x61cc0000 - 0x61cf1000 	C:\Program Files (x86)\Java\jre7\bin\t2k.dll
0x75700000 - 0x75783000 	C:\Windows\syswow64\CLBCatQ.DLL
0x575d0000 - 0x576cb000 	C:\Windows\system32\WindowsCodecs.dll
0x746e0000 - 0x7472b000 	C:\Windows\system32\apphelp.dll
0x04300000 - 0x04317000 	C:\Users\Michael\AppData\Roaming\Dropbox\bin\DropboxExt.14.dll
0x65ed0000 - 0x65fbb000 	C:\Windows\system32\dbghelp.dll
0x7c3a0000 - 0x7c41b000 	C:\Users\Michael\AppData\Roaming\Dropbox\bin\MSVCP71.dll
0x7c340000 - 0x7c396000 	C:\Users\Michael\AppData\Roaming\Dropbox\bin\MSVCR71.dll
0x0bbb0000 - 0x0bbe1000 	C:\Windows\system32\EhStorShell.dll
0x75a40000 - 0x75bdd000 	C:\Windows\syswow64\SETUPAPI.dll
0x75a10000 - 0x75a37000 	C:\Windows\syswow64\CFGMGR32.dll
0x76440000 - 0x76452000 	C:\Windows\syswow64\DEVOBJ.dll
0x51c40000 - 0x51d35000 	C:\Windows\system32\PROPSYS.dll
0x6eb70000 - 0x6ebdf000 	C:\Windows\system32\ntshrui.dll
0x75110000 - 0x75129000 	C:\Windows\system32\srvcli.dll
0x742e0000 - 0x742eb000 	C:\Windows\system32\cscapi.dll
0x6a840000 - 0x6a84a000 	C:\Windows\system32\slc.dll
0x5d5e0000 - 0x5d66e000 	C:\Program Files (x86)\Java\jre7\bin\mlib_image.dll
0x736b0000 - 0x736c6000 	C:\Windows\system32\CRYPTSP.dll
0x71880000 - 0x718bb000 	C:\Windows\system32\rsaenh.dll
0x71450000 - 0x71467000 	C:\Windows\system32\USERENV.dll
0x74120000 - 0x7412b000 	C:\Windows\system32\profapi.dll
0x74010000 - 0x74020000 	C:\Windows\system32\NLAapi.dll
0x745e0000 - 0x74624000 	C:\Windows\system32\DNSAPI.dll
0x71900000 - 0x71908000 	C:\Windows\System32\winrnr.dll
0x71870000 - 0x71880000 	C:\Windows\system32\napinsp.dll
0x74740000 - 0x74745000 	C:\Windows\System32\wshtcpip.dll
0x750d0000 - 0x750ec000 	C:\Windows\system32\IPHLPAPI.DLL
0x750c0000 - 0x750c7000 	C:\Windows\system32\WINNSI.DLL
0x745d0000 - 0x745d6000 	C:\Windows\system32\rasadhlp.dll
0x71240000 - 0x71278000 	C:\Windows\System32\fwpuclnt.dll
0x577b0000 - 0x577d0000 	C:\Program Files (x86)\Java\jre7\bin\sunec.dll
0x70eb0000 - 0x70eb9000 	C:\Program Files (x86)\Java\jre7\bin\sunmscapi.dll
0x75c20000 - 0x75d3c000 	C:\Windows\syswow64\CRYPT32.dll
0x779a0000 - 0x779ac000 	C:\Windows\syswow64\MSASN1.dll

VM Arguments:
jvm_args: -Djava.library.path=C:\Users\Michael\Coding\Libraries\tesjeract-0.3.3;C:\Users\skellystudios\Dev\Itbox\Asprise-OCR-Java-MacOSX_SnowLeopard-4.0.zip Folder;C:\Program Files (x86)\tesseract-2.04 -Dfile.encoding=Cp1252 
java_command: donQuizote_v2.DonQuizote
Launcher Type: SUN_STANDARD

Environment Variables:
PATH=C:/Program Files (x86)/Java/jre7/bin/client;C:/Program Files (x86)/Java/jre7/bin;C:/Program Files (x86)/Java/jre7/lib/i386;C:\Windows\system32;C:\Windows;C:\Windows\System32\Wbem;C:\Windows\System32\WindowsPowerShell\v1.0\;C:\Program Files (x86)\apache-ant-1.8.3\bin\;C:\Program Files (x86)\tesseract-2.04;C:\Program Files (x86)\Java\jdk1.7.0_04\bin;C:\Program Files (x86)\Java\jre7\bin;C:\Program Files (x86)\eclipse;
USERNAME=Michael
OS=Windows_NT
PROCESSOR_IDENTIFIER=AMD64 Family 16 Model 2 Stepping 3, AuthenticAMD



---------------  S Y S T E M  ---------------

OS: Windows NT 6.1 , 64 bit Build 7600 

CPU:total 8 (4 cores per cpu, 1 threads per core) family 16 model 2 stepping 3, cmov, cx8, fxsr, mmx, sse, sse2, sse3, popcnt, mmxext, 3dnowpref, lzcnt, sse4a, tsc, tscinvbit, tscinv

Memory: 4k page, physical 2097148k(2097148k free), swap 33549680k(19666768k free)

vm_info: Java HotSpot(TM) Client VM (23.0-b21) for windows-x86 JRE (1.7.0_04-b22), built on May  3 2012 00:03:48 by "java_re" with unknown MS VC++:1600

time: Mon Jul 09 18:14:32 2012
elapsed time: 337 seconds

