#
# A fatal error has been detected by the Java Runtime Environment:
#
#  EXCEPTION_ACCESS_VIOLATION (0xc0000005) at pc=0x1002790a, pid=27140, tid=9124
#
# JRE version: 7.0_04-b22
# Java VM: Java HotSpot(TM) Client VM (23.0-b21 mixed mode, sharing windows-x86 )
# Problematic frame:
# C  [tessdll.dll+0x2790a]  TessDllBeginPageBPP+0x25f8a
#
# Core dump written. Default location: C:\Users\Michael\git\DonQuizote\DonQuizote\hs_err_pid27140.mdmp
#
# If you would like to submit a bug report, please visit:
#   http://bugreport.sun.com/bugreport/crash.jsp
# The crash happened outside the Java Virtual Machine in native code.
# See problematic frame for where to report the bug.
#

---------------  T H R E A D  ---------------

Current thread (0x04894800):  JavaThread "AWT-EventQueue-0" [_thread_in_native, id=9124, stack(0x04af0000,0x04b40000)]

siginfo: ExceptionCode=0xc0000005, reading address 0x616e6f00

Registers:
EAX=0x616e6f00, EBX=0x00000000, ECX=0x05f7e008, EDX=0x01220048
ESP=0x04b3e7cc, EBP=0x04b3e908, ESI=0x05f7e000, EDI=0x00000022
EIP=0x1002790a, EFLAGS=0x00010246

Top of Stack: (sp=0x04b3e7cc)
0x04b3e7cc:   3afecf8b 01337520 0000012d 05f7e000
0x04b3e7dc:   616e6f00 ffffffff 04b3e804 74703a58
0x04b3e7ec:   01330000 00000000 00000010 00000022
0x04b3e7fc:   0000012d 01337520 04b3e81c 74703b58
0x04b3e80c:   00000010 00000000 04b3e838 10082706
0x04b3e81c:   ffffffff 100011a3 616e6f00 3afec077
0x04b3e82c:   01337520 05f13e00 05f7e000 04b3e888
0x04b3e83c:   10080bd3 00000001 100015cd 3afec017 

Instructions: (pc=0x1002790a)
0x100278ea:   50 8d 44 24 48 64 a3 00 00 00 00 8b f1 89 74 24
0x100278fa:   0c 8d 4e 08 33 db 89 19 8b 44 24 58 89 44 24 10
0x1002790a:   8b 10 89 54 24 14 89 5c 24 50 39 18 74 14 8b 00
0x1002791a:   8b 10 89 54 24 18 3b d3 74 0e 8b 02 89 44 24 1c 


Register to memory mapping:

EAX=0x616e6f00 is an unknown value
EBX=0x00000000 is an unknown value
ECX=0x05f7e008 is an unknown value
EDX=0x01220048 is an unknown value
ESP=0x04b3e7cc is pointing into the stack for thread: 0x04894800
EBP=0x04b3e908 is pointing into the stack for thread: 0x04894800
ESI=0x05f7e000 is an unknown value
EDI=0x00000022 is an unknown value


Stack: [0x04af0000,0x04b40000],  sp=0x04b3e7cc,  free space=313k
Native frames: (J=compiled Java code, j=interpreted, Vv=VM code, C=native code)
C  [tessdll.dll+0x2790a]  TessDllBeginPageBPP+0x25f8a
j  net.gencsoy.tesjeract.Tesjeract.recognizeAllWords(Ljava/nio/ByteBuffer;)[Lnet/gencsoy/tesjeract/EANYCodeChar;+0
j  donQuizote_v2.TesjeractOCR.recognise(Ljava/awt/image/BufferedImage;)Ljava/lang/String;+50
j  donQuizote_v2.DonQuizote.getQAString()[Ljava/lang/String;+69
j  donQuizote_v2.DonQuizote.answerQuestion()V+5
j  donQuizote_v2.DQWindow$4.actionPerformed(Ljava/awt/event/ActionEvent;)V+7
j  javax.swing.AbstractButton.fireActionPerformed(Ljava/awt/event/ActionEvent;)V+84
j  javax.swing.AbstractButton$Handler.actionPerformed(Ljava/awt/event/ActionEvent;)V+5
j  javax.swing.DefaultButtonModel.fireActionPerformed(Ljava/awt/event/ActionEvent;)V+35
j  javax.swing.DefaultButtonModel.setPressed(Z)V+117
j  javax.swing.plaf.basic.BasicButtonListener.mouseReleased(Ljava/awt/event/MouseEvent;)V+35
j  java.awt.Component.processMouseEvent(Ljava/awt/event/MouseEvent;)V+64
j  javax.swing.JComponent.processMouseEvent(Ljava/awt/event/MouseEvent;)V+23
j  java.awt.Component.processEvent(Ljava/awt/AWTEvent;)V+81
j  java.awt.Container.processEvent(Ljava/awt/AWTEvent;)V+18
j  java.awt.Component.dispatchEventImpl(Ljava/awt/AWTEvent;)V+581
j  java.awt.Container.dispatchEventImpl(Ljava/awt/AWTEvent;)V+42
j  java.awt.Component.dispatchEvent(Ljava/awt/AWTEvent;)V+2
j  java.awt.LightweightDispatcher.retargetMouseEvent(Ljava/awt/Component;ILjava/awt/event/MouseEvent;)V+327
j  java.awt.LightweightDispatcher.processMouseEvent(Ljava/awt/event/MouseEvent;)Z+139
j  java.awt.LightweightDispatcher.dispatchEvent(Ljava/awt/AWTEvent;)Z+50
j  java.awt.Container.dispatchEventImpl(Ljava/awt/AWTEvent;)V+12
j  java.awt.Window.dispatchEventImpl(Ljava/awt/AWTEvent;)V+19
j  java.awt.Component.dispatchEvent(Ljava/awt/AWTEvent;)V+2
j  java.awt.EventQueue.dispatchEventImpl(Ljava/awt/AWTEvent;Ljava/lang/Object;)V+41
j  java.awt.EventQueue.access$000(Ljava/awt/EventQueue;Ljava/awt/AWTEvent;Ljava/lang/Object;)V+3
j  java.awt.EventQueue$3.run()Ljava/lang/Void;+12
j  java.awt.EventQueue$3.run()Ljava/lang/Object;+1
v  ~StubRoutines::call_stub
V  [jvm.dll+0x1296da]
V  [jvm.dll+0x1d837e]
V  [jvm.dll+0x12975d]
V  [jvm.dll+0xd914a]
C  [java.dll+0x102f]  Java_java_security_AccessController_doPrivileged__Ljava_security_PrivilegedAction_2Ljava_security_AccessControlContext_2+0x17
j  java.security.ProtectionDomain$1.doIntersectionPrivilege(Ljava/security/PrivilegedAction;Ljava/security/AccessControlContext;Ljava/security/AccessControlContext;)Ljava/lang/Object;+28
j  java.security.ProtectionDomain$1.doIntersectionPrivilege(Ljava/security/PrivilegedAction;Ljava/security/AccessControlContext;)Ljava/lang/Object;+6
j  java.awt.EventQueue$4.run()Ljava/lang/Void;+11
j  java.awt.EventQueue$4.run()Ljava/lang/Object;+1
v  ~StubRoutines::call_stub
V  [jvm.dll+0x1296da]
V  [jvm.dll+0x1d837e]
V  [jvm.dll+0x12975d]
V  [jvm.dll+0xd914a]
C  [java.dll+0x102f]  Java_java_security_AccessController_doPrivileged__Ljava_security_PrivilegedAction_2Ljava_security_AccessControlContext_2+0x17
j  java.security.ProtectionDomain$1.doIntersectionPrivilege(Ljava/security/PrivilegedAction;Ljava/security/AccessControlContext;Ljava/security/AccessControlContext;)Ljava/lang/Object;+28
j  java.awt.EventQueue.dispatchEvent(Ljava/awt/AWTEvent;)V+73
j  java.awt.EventDispatchThread.pumpOneEventForFilters(I)V+245
j  java.awt.EventDispatchThread.pumpEventsForFilter(ILjava/awt/Conditional;Ljava/awt/EventFilter;)V+48
j  java.awt.EventDispatchThread.pumpEventsForHierarchy(ILjava/awt/Conditional;Ljava/awt/Component;)V+11
j  java.awt.EventDispatchThread.pumpEvents(ILjava/awt/Conditional;)V+4
j  java.awt.EventDispatchThread.pumpEvents(Ljava/awt/Conditional;)V+3
j  java.awt.EventDispatchThread.run()V+9
v  ~StubRoutines::call_stub
V  [jvm.dll+0x1296da]
V  [jvm.dll+0x1d837e]
V  [jvm.dll+0x1298c3]
V  [jvm.dll+0x129927]
V  [jvm.dll+0xd24af]
V  [jvm.dll+0x149987]
V  [jvm.dll+0x149af0]
V  [jvm.dll+0x17df89]
C  [msvcr100.dll+0x5c6de]  endthreadex+0x3a
C  [msvcr100.dll+0x5c788]  endthreadex+0xe4
C  [kernel32.dll+0x13677]  BaseThreadInitThunk+0x12
C  [ntdll.dll+0x39f42]  RtlInitializeExceptionChain+0x63
C  [ntdll.dll+0x39f15]  RtlInitializeExceptionChain+0x36

Java frames: (J=compiled Java code, j=interpreted, Vv=VM code)
j  net.gencsoy.tesjeract.Tesjeract.recognizeAllWords(Ljava/nio/ByteBuffer;)[Lnet/gencsoy/tesjeract/EANYCodeChar;+0
j  donQuizote_v2.TesjeractOCR.recognise(Ljava/awt/image/BufferedImage;)Ljava/lang/String;+50
j  donQuizote_v2.DonQuizote.getQAString()[Ljava/lang/String;+69
j  donQuizote_v2.DonQuizote.answerQuestion()V+5
j  donQuizote_v2.DQWindow$4.actionPerformed(Ljava/awt/event/ActionEvent;)V+7
j  javax.swing.AbstractButton.fireActionPerformed(Ljava/awt/event/ActionEvent;)V+84
j  javax.swing.AbstractButton$Handler.actionPerformed(Ljava/awt/event/ActionEvent;)V+5
j  javax.swing.DefaultButtonModel.fireActionPerformed(Ljava/awt/event/ActionEvent;)V+35
j  javax.swing.DefaultButtonModel.setPressed(Z)V+117
j  javax.swing.plaf.basic.BasicButtonListener.mouseReleased(Ljava/awt/event/MouseEvent;)V+35
j  java.awt.Component.processMouseEvent(Ljava/awt/event/MouseEvent;)V+64
j  javax.swing.JComponent.processMouseEvent(Ljava/awt/event/MouseEvent;)V+23
j  java.awt.Component.processEvent(Ljava/awt/AWTEvent;)V+81
j  java.awt.Container.processEvent(Ljava/awt/AWTEvent;)V+18
j  java.awt.Component.dispatchEventImpl(Ljava/awt/AWTEvent;)V+581
j  java.awt.Container.dispatchEventImpl(Ljava/awt/AWTEvent;)V+42
j  java.awt.Component.dispatchEvent(Ljava/awt/AWTEvent;)V+2
j  java.awt.LightweightDispatcher.retargetMouseEvent(Ljava/awt/Component;ILjava/awt/event/MouseEvent;)V+327
j  java.awt.LightweightDispatcher.processMouseEvent(Ljava/awt/event/MouseEvent;)Z+139
j  java.awt.LightweightDispatcher.dispatchEvent(Ljava/awt/AWTEvent;)Z+50
j  java.awt.Container.dispatchEventImpl(Ljava/awt/AWTEvent;)V+12
j  java.awt.Window.dispatchEventImpl(Ljava/awt/AWTEvent;)V+19
j  java.awt.Component.dispatchEvent(Ljava/awt/AWTEvent;)V+2
j  java.awt.EventQueue.dispatchEventImpl(Ljava/awt/AWTEvent;Ljava/lang/Object;)V+41
j  java.awt.EventQueue.access$000(Ljava/awt/EventQueue;Ljava/awt/AWTEvent;Ljava/lang/Object;)V+3
j  java.awt.EventQueue$3.run()Ljava/lang/Void;+12
j  java.awt.EventQueue$3.run()Ljava/lang/Object;+1
v  ~StubRoutines::call_stub
j  java.security.AccessController.doPrivileged(Ljava/security/PrivilegedAction;Ljava/security/AccessControlContext;)Ljava/lang/Object;+0
j  java.security.ProtectionDomain$1.doIntersectionPrivilege(Ljava/security/PrivilegedAction;Ljava/security/AccessControlContext;Ljava/security/AccessControlContext;)Ljava/lang/Object;+28
j  java.security.ProtectionDomain$1.doIntersectionPrivilege(Ljava/security/PrivilegedAction;Ljava/security/AccessControlContext;)Ljava/lang/Object;+6
j  java.awt.EventQueue$4.run()Ljava/lang/Void;+11
j  java.awt.EventQueue$4.run()Ljava/lang/Object;+1
v  ~StubRoutines::call_stub
j  java.security.AccessController.doPrivileged(Ljava/security/PrivilegedAction;Ljava/security/AccessControlContext;)Ljava/lang/Object;+0
j  java.security.ProtectionDomain$1.doIntersectionPrivilege(Ljava/security/PrivilegedAction;Ljava/security/AccessControlContext;Ljava/security/AccessControlContext;)Ljava/lang/Object;+28
j  java.awt.EventQueue.dispatchEvent(Ljava/awt/AWTEvent;)V+73
j  java.awt.EventDispatchThread.pumpOneEventForFilters(I)V+245
j  java.awt.EventDispatchThread.pumpEventsForFilter(ILjava/awt/Conditional;Ljava/awt/EventFilter;)V+48
j  java.awt.EventDispatchThread.pumpEventsForHierarchy(ILjava/awt/Conditional;Ljava/awt/Component;)V+11
j  java.awt.EventDispatchThread.pumpEvents(ILjava/awt/Conditional;)V+4
j  java.awt.EventDispatchThread.pumpEvents(Ljava/awt/Conditional;)V+3
j  java.awt.EventDispatchThread.run()V+9
v  ~StubRoutines::call_stub

---------------  P R O C E S S  ---------------

Java Threads: ( => current thread )
  0x04981400 JavaThread "SwingWorker-pool-1-thread-2" daemon [_thread_blocked, id=7480, stack(0x05bf0000,0x05c40000)]
  0x0496c000 JavaThread "SwingWorker-pool-1-thread-1" daemon [_thread_blocked, id=38644, stack(0x05450000,0x054a0000)]
  0x04950000 JavaThread "TimerQueue" daemon [_thread_blocked, id=33284, stack(0x056a0000,0x056f0000)]
  0x0084ac00 JavaThread "DestroyJavaVM" [_thread_blocked, id=31480, stack(0x007c0000,0x00810000)]
  0x04907800 JavaThread "Abandoned connection cleanup thread" daemon [_thread_blocked, id=28576, stack(0x057a0000,0x057f0000)]
=>0x04894800 JavaThread "AWT-EventQueue-0" [_thread_in_native, id=9124, stack(0x04af0000,0x04b40000)]
  0x0481bc00 JavaThread "AWT-Windows" daemon [_thread_in_native, id=9816, stack(0x04cc0000,0x04d10000)]
  0x0481b000 JavaThread "AWT-Shutdown" [_thread_blocked, id=18724, stack(0x04a70000,0x04ac0000)]
  0x04818400 JavaThread "Java2D Disposer" daemon [_thread_blocked, id=38352, stack(0x01090000,0x010e0000)]
  0x009eb800 JavaThread "Service Thread" daemon [_thread_blocked, id=29968, stack(0x01170000,0x011c0000)]
  0x009e6400 JavaThread "C1 CompilerThread0" daemon [_thread_blocked, id=38896, stack(0x010e0000,0x01130000)]
  0x009e5000 JavaThread "Attach Listener" daemon [_thread_blocked, id=35868, stack(0x00bf0000,0x00c40000)]
  0x009e2000 JavaThread "Signal Dispatcher" daemon [_thread_blocked, id=7500, stack(0x00f30000,0x00f80000)]
  0x009ce400 JavaThread "Finalizer" daemon [_thread_blocked, id=42388, stack(0x00b30000,0x00b80000)]
  0x009ccc00 JavaThread "Reference Handler" daemon [_thread_blocked, id=32368, stack(0x00d70000,0x00dc0000)]

Other Threads:
  0x009cb000 VMThread [stack: 0x00d20000,0x00d70000] [id=32360]
  0x04798800 WatcherThread [stack: 0x00df0000,0x00e40000] [id=33520]

VM state:not at safepoint (normal execution)

VM Mutex/Monitor currently owned by a thread: None

Heap
 def new generation   total 4928K, used 645K [0x24800000, 0x24d50000, 0x29d50000)
  eden space 4416K,   5% used [0x24800000, 0x248403e8, 0x24c50000)
  from space 512K,  75% used [0x24c50000, 0x24cb12d0, 0x24cd0000)
  to   space 512K,   0% used [0x24cd0000, 0x24cd0000, 0x24d50000)
 tenured generation   total 10944K, used 4630K [0x29d50000, 0x2a800000, 0x34800000)
   the space 10944K,  42% used [0x29d50000, 0x2a1d58e0, 0x2a1d5a00, 0x2a800000)
 compacting perm gen  total 12288K, used 3248K [0x34800000, 0x35400000, 0x38800000)
   the space 12288K,  26% used [0x34800000, 0x34b2c0e0, 0x34b2c200, 0x35400000)
    ro space 10240K,  42% used [0x38800000, 0x38c3e578, 0x38c3e600, 0x39200000)
    rw space 12288K,  54% used [0x39200000, 0x3987f0e8, 0x3987f200, 0x39e00000)

Code Cache  [0x02790000, 0x02880000, 0x04790000)
 total_blobs=434 nmethods=198 adapters=171 free_code_cache=31825Kb largest_free_block=32589696

Compilation events (10 events):
Event: 41.944 Thread 0x009e6400  191             sun.nio.cs.SingleByte$Encoder::encode (114 bytes)
Event: 41.946 Thread 0x009e6400 nmethod 191 0x02874648 code [0x02874760, 0x02874a30]
Event: 42.006 Thread 0x009e6400  192             java.lang.String::endsWith (15 bytes)
Event: 42.007 Thread 0x009e6400 nmethod 192 0x02874dc8 code [0x02874ed0, 0x02874f6c]
Event: 42.017 Thread 0x009e6400  193             java.awt.image.SinglePixelPackedSampleModel::getPixels (227 bytes)
Event: 42.019 Thread 0x009e6400 nmethod 193 0x02875148 code [0x02875280, 0x02875618]
Event: 42.019 Thread 0x009e6400  194             com.sun.imageio.plugins.bmp.BMPImageWriter::writePixels (1193 bytes)
Event: 42.026 Thread 0x009e6400 nmethod 194 0x02875a88 code [0x02875db0, 0x02877338]
Event: 42.026 Thread 0x009e6400  195             java.awt.image.SinglePixelPackedSampleModel::<init> (277 bytes)
Event: 42.028 Thread 0x009e6400 nmethod 195 0x0287a448 code [0x0287a620, 0x0287ae20]

GC Heap History (8 events):
Event: 2.600 GC heap before
{Heap before GC invocations=0 (full 0):
 def new generation   total 4928K, used 4416K [0x24800000, 0x24d50000, 0x29d50000)
  eden space 4416K, 100% used [0x24800000, 0x24c50000, 0x24c50000)
  from space 512K,   0% used [0x24c50000, 0x24c50000, 0x24cd0000)
  to   space 512K,   0% used [0x24cd0000, 0x24cd0000, 0x24d50000)
 tenured generation   total 10944K, used 0K [0x29d50000, 0x2a800000, 0x34800000)
   the space 10944K,   0% used [0x29d50000, 0x29d50000, 0x29d50200, 0x2a800000)
 compacting perm gen  total 12288K, used 1980K [0x34800000, 0x35400000, 0x38800000)
   the space 12288K,  16% used [0x34800000, 0x349ef128, 0x349ef200, 0x35400000)
    ro space 10240K,  42% used [0x38800000, 0x38c3e578, 0x38c3e600, 0x39200000)
    rw space 12288K,  54% used [0x39200000, 0x3987f0e8, 0x3987f200, 0x39e00000)
Event: 2.620 GC heap after
Heap after GC invocations=1 (full 0):
 def new generation   total 4928K, used 512K [0x24800000, 0x24d50000, 0x29d50000)
  eden space 4416K,   0% used [0x24800000, 0x24800000, 0x24c50000)
  from space 512K, 100% used [0x24cd0000, 0x24d50000, 0x24d50000)
  to   space 512K,   0% used [0x24c50000, 0x24c50000, 0x24cd0000)
 tenured generation   total 10944K, used 1179K [0x29d50000, 0x2a800000, 0x34800000)
   the space 10944K,  10% used [0x29d50000, 0x29e76c60, 0x29e76e00, 0x2a800000)
 compacting perm gen  total 12288K, used 1980K [0x34800000, 0x35400000, 0x38800000)
   the space 12288K,  16% used [0x34800000, 0x349ef128, 0x349ef200, 0x35400000)
    ro space 10240K,  42% used [0x38800000, 0x38c3e578, 0x38c3e600, 0x39200000)
    rw space 12288K,  54% used [0x39200000, 0x3987f0e8, 0x3987f200, 0x39e00000)
}
Event: 25.648 GC heap before
{Heap before GC invocations=1 (full 0):
 def new generation   total 4928K, used 4363K [0x24800000, 0x24d50000, 0x29d50000)
  eden space 4416K,  87% used [0x24800000, 0x24bc2f60, 0x24c50000)
  from space 512K, 100% used [0x24cd0000, 0x24d50000, 0x24d50000)
  to   space 512K,   0% used [0x24c50000, 0x24c50000, 0x24cd0000)
 tenured generation   total 10944K, used 1179K [0x29d50000, 0x2a800000, 0x34800000)
   the space 10944K,  10% used [0x29d50000, 0x29e76c60, 0x29e76e00, 0x2a800000)
 compacting perm gen  total 12288K, used 2982K [0x34800000, 0x35400000, 0x38800000)
   the space 12288K,  24% used [0x34800000, 0x34ae9ad0, 0x34ae9c00, 0x35400000)
    ro space 10240K,  42% used [0x38800000, 0x38c3e578, 0x38c3e600, 0x39200000)
    rw space 12288K,  54% used [0x39200000, 0x3987f0e8, 0x3987f200, 0x39e00000)
Event: 25.666 GC heap after
Heap after GC invocations=2 (full 0):
 def new generation   total 4928K, used 512K [0x24800000, 0x24d50000, 0x29d50000)
  eden space 4416K,   0% used [0x24800000, 0x24800000, 0x24c50000)
  from space 512K, 100% used [0x24c50000, 0x24cd0000, 0x24cd0000)
  to   space 512K,   0% used [0x24cd0000, 0x24cd0000, 0x24d50000)
 tenured generation   total 10944K, used 2090K [0x29d50000, 0x2a800000, 0x34800000)
   the space 10944K,  19% used [0x29d50000, 0x29f5aa38, 0x29f5ac00, 0x2a800000)
 compacting perm gen  total 12288K, used 2982K [0x34800000, 0x35400000, 0x38800000)
   the space 12288K,  24% used [0x34800000, 0x34ae9ad0, 0x34ae9c00, 0x35400000)
    ro space 10240K,  42% used [0x38800000, 0x38c3e578, 0x38c3e600, 0x39200000)
    rw space 12288K,  54% used [0x39200000, 0x3987f0e8, 0x3987f200, 0x39e00000)
}
Event: 31.819 GC heap before
{Heap before GC invocations=2 (full 0):
 def new generation   total 4928K, used 2895K [0x24800000, 0x24d50000, 0x29d50000)
  eden space 4416K,  53% used [0x24800000, 0x24a53d38, 0x24c50000)
  from space 512K, 100% used [0x24c50000, 0x24cd0000, 0x24cd0000)
  to   space 512K,   0% used [0x24cd0000, 0x24cd0000, 0x24d50000)
 tenured generation   total 10944K, used 2090K [0x29d50000, 0x2a800000, 0x34800000)
   the space 10944K,  19% used [0x29d50000, 0x29f5aa38, 0x29f5ac00, 0x2a800000)
 compacting perm gen  total 12288K, used 2986K [0x34800000, 0x35400000, 0x38800000)
   the space 12288K,  24% used [0x34800000, 0x34aeaab0, 0x34aeac00, 0x35400000)
    ro space 10240K,  42% used [0x38800000, 0x38c3e578, 0x38c3e600, 0x39200000)
    rw space 12288K,  54% used [0x39200000, 0x3987f0e8, 0x3987f200, 0x39e00000)
Event: 31.831 GC heap after
Heap after GC invocations=3 (full 0):
 def new generation   total 4928K, used 14K [0x24800000, 0x24d50000, 0x29d50000)
  eden space 4416K,   0% used [0x24800000, 0x24800000, 0x24c50000)
  from space 512K,   2% used [0x24cd0000, 0x24cd38a8, 0x24d50000)
  to   space 512K,   0% used [0x24c50000, 0x24c50000, 0x24cd0000)
 tenured generation   total 10944K, used 4630K [0x29d50000, 0x2a800000, 0x34800000)
   the space 10944K,  42% used [0x29d50000, 0x2a1d58e0, 0x2a1d5a00, 0x2a800000)
 compacting perm gen  total 12288K, used 2986K [0x34800000, 0x35400000, 0x38800000)
   the space 12288K,  24% used [0x34800000, 0x34aeaab0, 0x34aeac00, 0x35400000)
    ro space 10240K,  42% used [0x38800000, 0x38c3e578, 0x38c3e600, 0x39200000)
    rw space 12288K,  54% used [0x39200000, 0x3987f0e8, 0x3987f200, 0x39e00000)
}
Event: 42.252 GC heap before
{Heap before GC invocations=3 (full 0):
 def new generation   total 4928K, used 4430K [0x24800000, 0x24d50000, 0x29d50000)
  eden space 4416K, 100% used [0x24800000, 0x24c50000, 0x24c50000)
  from space 512K,   2% used [0x24cd0000, 0x24cd38a8, 0x24d50000)
  to   space 512K,   0% used [0x24c50000, 0x24c50000, 0x24cd0000)
 tenured generation   total 10944K, used 4630K [0x29d50000, 0x2a800000, 0x34800000)
   the space 10944K,  42% used [0x29d50000, 0x2a1d58e0, 0x2a1d5a00, 0x2a800000)
 compacting perm gen  total 12288K, used 3248K [0x34800000, 0x35400000, 0x38800000)
   the space 12288K,  26% used [0x34800000, 0x34b2c0e0, 0x34b2c200, 0x35400000)
    ro space 10240K,  42% used [0x38800000, 0x38c3e578, 0x38c3e600, 0x39200000)
    rw space 12288K,  54% used [0x39200000, 0x3987f0e8, 0x3987f200, 0x39e00000)
Event: 42.259 GC heap after
Heap after GC invocations=4 (full 0):
 def new generation   total 4928K, used 388K [0x24800000, 0x24d50000, 0x29d50000)
  eden space 4416K,   0% used [0x24800000, 0x24800000, 0x24c50000)
  from space 512K,  75% used [0x24c50000, 0x24cb12d0, 0x24cd0000)
  to   space 512K,   0% used [0x24cd0000, 0x24cd0000, 0x24d50000)
 tenured generation   total 10944K, used 4630K [0x29d50000, 0x2a800000, 0x34800000)
   the space 10944K,  42% used [0x29d50000, 0x2a1d58e0, 0x2a1d5a00, 0x2a800000)
 compacting perm gen  total 12288K, used 3248K [0x34800000, 0x35400000, 0x38800000)
   the space 12288K,  26% used [0x34800000, 0x34b2c0e0, 0x34b2c200, 0x35400000)
    ro space 10240K,  42% used [0x38800000, 0x38c3e578, 0x38c3e600, 0x39200000)
    rw space 12288K,  54% used [0x39200000, 0x3987f0e8, 0x3987f200, 0x39e00000)
}

Deoptimization events (0 events):
No events

Internal exceptions (10 events):
Event: 3.129 Thread 0x0084ac00 Threw 0x24b05eb8 at C:\jdk7u2_32P\jdk7u4\hotspot\src\share\vm\prims\jvm.cpp:1166
Event: 3.157 Thread 0x0084ac00 Threw 0x24b35958 at C:\jdk7u2_32P\jdk7u4\hotspot\src\share\vm\prims\jvm.cpp:1166
Event: 3.160 Thread 0x0084ac00 Threw 0x24b603e0 at C:\jdk7u2_32P\jdk7u4\hotspot\src\share\vm\prims\jvm.cpp:1166
Event: 3.161 Thread 0x0084ac00 Threw 0x24b64618 at C:\jdk7u2_32P\jdk7u4\hotspot\src\share\vm\prims\jvm.cpp:1166
Event: 3.164 Thread 0x0084ac00 Threw 0x24b67e90 at C:\jdk7u2_32P\jdk7u4\hotspot\src\share\vm\prims\jvm.cpp:1166
Event: 24.975 Thread 0x0496c000 Threw 0x24ba5950 at C:\jdk7u2_32P\jdk7u4\hotspot\src\share\vm\prims\jvm.cpp:1166
Event: 41.789 Thread 0x04894800 Threw 0x24a1f460 at C:\jdk7u2_32P\jdk7u4\hotspot\src\share\vm\prims\jvm.cpp:1166
Event: 41.792 Thread 0x04975000 Threw 0x24a25048 at C:\jdk7u2_32P\jdk7u4\hotspot\src\share\vm\prims\jvm.cpp:1166
Event: 42.050 Thread 0x04894800 Threw 0x24c0ba68 at C:\jdk7u2_32P\jdk7u4\hotspot\src\share\vm\prims\jvm.cpp:1166
Event: 42.241 Thread 0x04894800 Threw 0x24c13680 at C:\jdk7u2_32P\jdk7u4\hotspot\src\share\vm\prims\jvm.cpp:1166

Events (10 events):
Event: 42.269 Executing VM operation: RevokeBias
Event: 42.269 Executing VM operation: RevokeBias done
Event: 42.269 Executing VM operation: RevokeBias
Event: 42.269 Executing VM operation: RevokeBias done
Event: 42.269 Executing VM operation: RevokeBias
Event: 42.269 Executing VM operation: RevokeBias done
Event: 42.270 Executing VM operation: RevokeBias
Event: 42.270 Executing VM operation: RevokeBias done
Event: 42.270 Executing VM operation: RevokeBias
Event: 42.270 Executing VM operation: RevokeBias done


Dynamic libraries:
0x01360000 - 0x0138f000 	C:\Program Files (x86)\Java\jre7\bin\javaw.exe
0x77830000 - 0x779b0000 	C:\Windows\SysWOW64\ntdll.dll
0x757a0000 - 0x758a0000 	C:\Windows\syswow64\kernel32.dll
0x75600000 - 0x75646000 	C:\Windows\syswow64\KERNELBASE.dll
0x758c0000 - 0x75960000 	C:\Windows\syswow64\ADVAPI32.dll
0x77150000 - 0x771fc000 	C:\Windows\syswow64\msvcrt.dll
0x75720000 - 0x75739000 	C:\Windows\SysWOW64\sechost.dll
0x75ae0000 - 0x75bd0000 	C:\Windows\syswow64\RPCRT4.dll
0x753a0000 - 0x75400000 	C:\Windows\syswow64\SspiCli.dll
0x75390000 - 0x7539c000 	C:\Windows\syswow64\CRYPTBASE.dll
0x77200000 - 0x77300000 	C:\Windows\syswow64\USER32.dll
0x76380000 - 0x76410000 	C:\Windows\syswow64\GDI32.dll
0x75710000 - 0x7571a000 	C:\Windows\syswow64\LPK.dll
0x77390000 - 0x7742d000 	C:\Windows\syswow64\USP10.dll
0x57700000 - 0x5789e000 	C:\Windows\WinSxS\x86_microsoft.windows.common-controls_6595b64144ccf1df_6.0.7600.16385_none_421189da2b7fabfc\COMCTL32.dll
0x756b0000 - 0x75707000 	C:\Windows\syswow64\SHLWAPI.dll
0x76410000 - 0x76470000 	C:\Windows\system32\IMM32.DLL
0x75990000 - 0x75a5c000 	C:\Windows\syswow64\MSCTF.dll
0x57c60000 - 0x57d1e000 	C:\Program Files (x86)\Java\jre7\bin\msvcr100.dll
0x557c0000 - 0x55b0a000 	C:\Program Files (x86)\Java\jre7\bin\client\jvm.dll
0x74fc0000 - 0x74fc7000 	C:\Windows\system32\WSOCK32.dll
0x75750000 - 0x75785000 	C:\Windows\syswow64\WS2_32.dll
0x75bd0000 - 0x75bd6000 	C:\Windows\syswow64\NSI.dll
0x74ea0000 - 0x74ed2000 	C:\Windows\system32\WINMM.dll
0x75790000 - 0x75795000 	C:\Windows\syswow64\PSAPI.DLL
0x58370000 - 0x5837c000 	C:\Program Files (x86)\Java\jre7\bin\verify.dll
0x58350000 - 0x58370000 	C:\Program Files (x86)\Java\jre7\bin\java.dll
0x58030000 - 0x58043000 	C:\Program Files (x86)\Java\jre7\bin\zip.dll
0x10000000 - 0x10119000 	C:\Program Files (x86)\tesseract-2.04\tessdll.dll
0x746a0000 - 0x74743000 	C:\Windows\WinSxS\x86_microsoft.vc90.crt_1fc8b3b9a1e18e3b_9.0.30729.4926_none_508ed732bcbc0e5a\MSVCR90.dll
0x73b80000 - 0x73c0e000 	C:\Windows\WinSxS\x86_microsoft.vc90.crt_1fc8b3b9a1e18e3b_9.0.30729.4926_none_508ed732bcbc0e5a\MSVCP90.dll
0x68ec0000 - 0x68ecc000 	C:\Users\Michael\Coding\Libraries\tesjeract-0.3.3\tesjeract.dll
0x5ae30000 - 0x5af72000 	C:\Program Files (x86)\Java\jre7\bin\awt.dll
0x762a0000 - 0x7632f000 	C:\Windows\syswow64\OLEAUT32.dll
0x75f70000 - 0x760cc000 	C:\Windows\syswow64\ole32.dll
0x53680000 - 0x53693000 	C:\Windows\system32\DWMAPI.DLL
0x76470000 - 0x770b9000 	C:\Windows\syswow64\SHELL32.dll
0x645b0000 - 0x645da000 	C:\Program Files (x86)\Java\jre7\bin\fontmanager.dll
0x770c0000 - 0x77143000 	C:\Windows\syswow64\CLBCatQ.DLL
0x57600000 - 0x576fb000 	C:\Windows\system32\WindowsCodecs.dll
0x74540000 - 0x7458b000 	C:\Windows\system32\apphelp.dll
0x00f00000 - 0x00f17000 	C:\Users\Michael\AppData\Roaming\Dropbox\bin\DropboxExt.14.dll
0x6f160000 - 0x6f24b000 	C:\Windows\system32\dbghelp.dll
0x7c3a0000 - 0x7c41b000 	C:\Users\Michael\AppData\Roaming\Dropbox\bin\MSVCP71.dll
0x7c340000 - 0x7c396000 	C:\Users\Michael\AppData\Roaming\Dropbox\bin\MSVCR71.dll
0x59b00000 - 0x59b31000 	C:\Windows\system32\EhStorShell.dll
0x760d0000 - 0x7626d000 	C:\Windows\syswow64\SETUPAPI.dll
0x75960000 - 0x75987000 	C:\Windows\syswow64\CFGMGR32.dll
0x758a0000 - 0x758b2000 	C:\Windows\syswow64\DEVOBJ.dll
0x58380000 - 0x58475000 	C:\Windows\system32\PROPSYS.dll
0x55e70000 - 0x55edf000 	C:\Windows\system32\ntshrui.dll
0x74f70000 - 0x74f89000 	C:\Windows\system32\srvcli.dll
0x74140000 - 0x7414b000 	C:\Windows\system32\cscapi.dll
0x6a760000 - 0x6a76a000 	C:\Windows\system32\slc.dll
0x6b0e0000 - 0x6b160000 	C:\Windows\system32\UxTheme.dll
0x58010000 - 0x58024000 	C:\Program Files (x86)\Java\jre7\bin\net.dll
0x745b0000 - 0x745ec000 	C:\Windows\system32\mswsock.dll
0x74590000 - 0x74596000 	C:\Windows\System32\wship6.dll
0x58340000 - 0x5834f000 	C:\Program Files (x86)\Java\jre7\bin\nio.dll
0x63c20000 - 0x63c51000 	C:\Program Files (x86)\Java\jre7\bin\t2k.dll
0x745a0000 - 0x745a5000 	C:\Windows\System32\wshtcpip.dll
0x74620000 - 0x74664000 	C:\Windows\system32\DNSAPI.dll
0x74f30000 - 0x74f4c000 	C:\Windows\system32\IPHLPAPI.DLL
0x74f20000 - 0x74f27000 	C:\Windows\system32\WINNSI.DLL
0x74610000 - 0x74616000 	C:\Windows\system32\rasadhlp.dll
0x6f9e0000 - 0x6fa18000 	C:\Windows\System32\fwpuclnt.dll
0x5be60000 - 0x5beee000 	C:\Program Files (x86)\Java\jre7\bin\mlib_image.dll
0x70da0000 - 0x70db6000 	C:\Windows\system32\CRYPTSP.dll
0x70d60000 - 0x70d9b000 	C:\Windows\system32\rsaenh.dll
0x6f6f0000 - 0x6f707000 	C:\Windows\system32\USERENV.dll
0x732a0000 - 0x732ab000 	C:\Windows\system32\profapi.dll
0x732c0000 - 0x732d0000 	C:\Windows\system32\NLAapi.dll
0x732b0000 - 0x732b8000 	C:\Windows\System32\winrnr.dll
0x714a0000 - 0x714b0000 	C:\Windows\system32\napinsp.dll

VM Arguments:
jvm_args: -Djava.library.path=C:\Users\Michael\Coding\Libraries\tesjeract-0.3.3;C:\Users\skellystudios\Dev\Itbox\Asprise-OCR-Java-MacOSX_SnowLeopard-4.0.zip Folder;C:\Program Files (x86)\tesseract-2.04 -Dfile.encoding=Cp1252 
java_command: donQuizote_v2.DonQuizote
Launcher Type: SUN_STANDARD

Environment Variables:
PATH=C:/Program Files (x86)/Java/jre7/bin/client;C:/Program Files (x86)/Java/jre7/bin;C:/Program Files (x86)/Java/jre7/lib/i386;C:\Program Files (x86)\PHP\;C:\Windows\system32;C:\Windows;C:\Windows\System32\Wbem;C:\Windows\System32\WindowsPowerShell\v1.0\;C:\Program Files (x86)\apache-ant-1.8.3\bin\;C:\Program Files (x86)\tesseract-2.04;C:\Program Files (x86)\Java\jdk1.7.0_04\bin;C:\Program Files (x86)\Java\jre7\bin;C:\Program Files\Lynx;C:\Ruby193\bin;C:\Program Files (x86)\eclipse;
USERNAME=Michael
OS=Windows_NT
PROCESSOR_IDENTIFIER=AMD64 Family 16 Model 2 Stepping 3, AuthenticAMD



---------------  S Y S T E M  ---------------

OS: Windows NT 6.1 , 64 bit Build 7600 

CPU:total 8 (4 cores per cpu, 1 threads per core) family 16 model 2 stepping 3, cmov, cx8, fxsr, mmx, sse, sse2, sse3, popcnt, mmxext, 3dnowpref, lzcnt, sse4a, tsc, tscinvbit, tscinv

Memory: 4k page, physical 2097148k(2097148k free), swap 33549684k(16824800k free)

vm_info: Java HotSpot(TM) Client VM (23.0-b21) for windows-x86 JRE (1.7.0_04-b22), built on May  3 2012 00:03:48 by "java_re" with unknown MS VC++:1600

time: Tue Oct 30 12:29:44 2012
elapsed time: 46 seconds

