#
# A fatal error has been detected by the Java Runtime Environment:
#
#  EXCEPTION_ACCESS_VIOLATION (0xc0000005) at pc=0x1002790a, pid=33676, tid=33576
#
# JRE version: 7.0_04-b22
# Java VM: Java HotSpot(TM) Client VM (23.0-b21 mixed mode, sharing windows-x86 )
# Problematic frame:
# C  [tessdll.dll+0x2790a]  TessDllBeginPageBPP+0x25f8a
#
# Core dump written. Default location: C:\Users\Michael\git\DonQuizote\DonQuizote\hs_err_pid33676.mdmp
#
# If you would like to submit a bug report, please visit:
#   http://bugreport.sun.com/bugreport/crash.jsp
# The crash happened outside the Java Virtual Machine in native code.
# See problematic frame for where to report the bug.
#

---------------  T H R E A D  ---------------

Current thread (0x00994800):  JavaThread "AWT-EventQueue-0" [_thread_in_native, id=33576, stack(0x050b0000,0x05100000)]

siginfo: ExceptionCode=0xc0000005, reading address 0x616e6f00

Registers:
EAX=0x616e6f00, EBX=0x00000000, ECX=0x068589d8, EDX=0x04880048
ESP=0x050fe34c, EBP=0x050fe488, ESI=0x068589d0, EDI=0x0000001b
EIP=0x1002790a, EFLAGS=0x00010246

Top of Stack: (sp=0x050fe34c)
0x050fe34c:   8b58bed0 04b07708 000000f2 068589d0
0x050fe35c:   616e6f00 ffffffff 050fe384 74653a58
0x050fe36c:   04b00000 00000000 00000010 0000001b
0x050fe37c:   000000f2 04b07708 050fe39c 74653b58
0x050fe38c:   00000010 00000000 050fe3b8 10082706
0x050fe39c:   ffffffff 100011a3 616e6f00 8b58be2c
0x050fe3ac:   04b07708 06854438 068589d0 050fe408
0x050fe3bc:   10080bd3 00000001 100015cd 8b58be4c 

Instructions: (pc=0x1002790a)
0x100278ea:   50 8d 44 24 48 64 a3 00 00 00 00 8b f1 89 74 24
0x100278fa:   0c 8d 4e 08 33 db 89 19 8b 44 24 58 89 44 24 10
0x1002790a:   8b 10 89 54 24 14 89 5c 24 50 39 18 74 14 8b 00
0x1002791a:   8b 10 89 54 24 18 3b d3 74 0e 8b 02 89 44 24 1c 


Register to memory mapping:

EAX=0x616e6f00 is an unknown value
EBX=0x00000000 is an unknown value
ECX=0x068589d8 is an unknown value
EDX=0x04880048 is an unknown value
ESP=0x050fe34c is pointing into the stack for thread: 0x00994800
EBP=0x050fe488 is pointing into the stack for thread: 0x00994800
ESI=0x068589d0 is an unknown value
EDI=0x0000001b is an unknown value


Stack: [0x050b0000,0x05100000],  sp=0x050fe34c,  free space=312k
Native frames: (J=compiled Java code, j=interpreted, Vv=VM code, C=native code)
C  [tessdll.dll+0x2790a]  TessDllBeginPageBPP+0x25f8a
j  net.gencsoy.tesjeract.Tesjeract.recognizeAllWords(Ljava/nio/ByteBuffer;)[Lnet/gencsoy/tesjeract/EANYCodeChar;+0
j  donQuizote_v2.TesjeractOCR.recognise(Ljava/awt/image/BufferedImage;)Ljava/lang/String;+50
j  donQuizote_v2.DonQuizote.getQAString()[Ljava/lang/String;+69
j  donQuizote_v2.DonQuizote.answerQuestion()V+13
j  donQuizote_v2.FiniteStateMachine.doAction()V+334
j  donQuizote_v2.DonQuizote.startProcessing()V+7
j  donQuizote_v2.DQWindow$5.actionPerformed(Ljava/awt/event/ActionEvent;)V+7
j  javax.swing.AbstractButton.fireActionPerformed(Ljava/awt/event/ActionEvent;)V+84
j  javax.swing.AbstractButton$Handler.actionPerformed(Ljava/awt/event/ActionEvent;)V+5
j  javax.swing.DefaultButtonModel.fireActionPerformed(Ljava/awt/event/ActionEvent;)V+35
j  javax.swing.DefaultButtonModel.setPressed(Z)V+117
j  javax.swing.plaf.basic.BasicButtonListener.mouseReleased(Ljava/awt/event/MouseEvent;)V+35
j  java.awt.Component.processMouseEvent(Ljava/awt/event/MouseEvent;)V+64
j  javax.swing.JComponent.processMouseEvent(Ljava/awt/event/MouseEvent;)V+23
j  java.awt.Component.processEvent(Ljava/awt/AWTEvent;)V+81
j  java.awt.Container.processEvent(Ljava/awt/AWTEvent;)V+18
j  java.awt.Component.dispatchEventImpl(Ljava/awt/AWTEvent;)V+581
j  java.awt.Container.dispatchEventImpl(Ljava/awt/AWTEvent;)V+42
j  java.awt.Component.dispatchEvent(Ljava/awt/AWTEvent;)V+2
j  java.awt.LightweightDispatcher.retargetMouseEvent(Ljava/awt/Component;ILjava/awt/event/MouseEvent;)V+327
j  java.awt.LightweightDispatcher.processMouseEvent(Ljava/awt/event/MouseEvent;)Z+139
j  java.awt.LightweightDispatcher.dispatchEvent(Ljava/awt/AWTEvent;)Z+50
j  java.awt.Container.dispatchEventImpl(Ljava/awt/AWTEvent;)V+12
j  java.awt.Window.dispatchEventImpl(Ljava/awt/AWTEvent;)V+19
j  java.awt.Component.dispatchEvent(Ljava/awt/AWTEvent;)V+2
j  java.awt.EventQueue.dispatchEventImpl(Ljava/awt/AWTEvent;Ljava/lang/Object;)V+41
j  java.awt.EventQueue.access$000(Ljava/awt/EventQueue;Ljava/awt/AWTEvent;Ljava/lang/Object;)V+3
j  java.awt.EventQueue$3.run()Ljava/lang/Void;+12
j  java.awt.EventQueue$3.run()Ljava/lang/Object;+1
v  ~StubRoutines::call_stub
V  [jvm.dll+0x1296da]
V  [jvm.dll+0x1d837e]
V  [jvm.dll+0x12975d]
V  [jvm.dll+0xd914a]
C  [java.dll+0x102f]  Java_java_security_AccessController_doPrivileged__Ljava_security_PrivilegedAction_2Ljava_security_AccessControlContext_2+0x17
j  java.security.ProtectionDomain$1.doIntersectionPrivilege(Ljava/security/PrivilegedAction;Ljava/security/AccessControlContext;Ljava/security/AccessControlContext;)Ljava/lang/Object;+28
j  java.security.ProtectionDomain$1.doIntersectionPrivilege(Ljava/security/PrivilegedAction;Ljava/security/AccessControlContext;)Ljava/lang/Object;+6
j  java.awt.EventQueue$4.run()Ljava/lang/Void;+11
j  java.awt.EventQueue$4.run()Ljava/lang/Object;+1
v  ~StubRoutines::call_stub
V  [jvm.dll+0x1296da]
V  [jvm.dll+0x1d837e]
V  [jvm.dll+0x12975d]
V  [jvm.dll+0xd914a]
C  [java.dll+0x102f]  Java_java_security_AccessController_doPrivileged__Ljava_security_PrivilegedAction_2Ljava_security_AccessControlContext_2+0x17
j  java.security.ProtectionDomain$1.doIntersectionPrivilege(Ljava/security/PrivilegedAction;Ljava/security/AccessControlContext;Ljava/security/AccessControlContext;)Ljava/lang/Object;+28
j  java.awt.EventQueue.dispatchEvent(Ljava/awt/AWTEvent;)V+73
j  java.awt.EventDispatchThread.pumpOneEventForFilters(I)V+245
j  java.awt.EventDispatchThread.pumpEventsForFilter(ILjava/awt/Conditional;Ljava/awt/EventFilter;)V+48
j  java.awt.EventDispatchThread.pumpEventsForHierarchy(ILjava/awt/Conditional;Ljava/awt/Component;)V+11
j  java.awt.EventDispatchThread.pumpEvents(ILjava/awt/Conditional;)V+4
j  java.awt.EventDispatchThread.pumpEvents(Ljava/awt/Conditional;)V+3
j  java.awt.EventDispatchThread.run()V+9
v  ~StubRoutines::call_stub
V  [jvm.dll+0x1296da]
V  [jvm.dll+0x1d837e]
V  [jvm.dll+0x1298c3]
V  [jvm.dll+0x129927]
V  [jvm.dll+0xd24af]
V  [jvm.dll+0x149987]
V  [jvm.dll+0x149af0]
V  [jvm.dll+0x17df89]
C  [msvcr100.dll+0x5c6de]  endthreadex+0x3a
C  [msvcr100.dll+0x5c788]  endthreadex+0xe4
C  [kernel32.dll+0x13677]  BaseThreadInitThunk+0x12
C  [ntdll.dll+0x39f42]  RtlInitializeExceptionChain+0x63
C  [ntdll.dll+0x39f15]  RtlInitializeExceptionChain+0x36

Java frames: (J=compiled Java code, j=interpreted, Vv=VM code)
j  net.gencsoy.tesjeract.Tesjeract.recognizeAllWords(Ljava/nio/ByteBuffer;)[Lnet/gencsoy/tesjeract/EANYCodeChar;+0
j  donQuizote_v2.TesjeractOCR.recognise(Ljava/awt/image/BufferedImage;)Ljava/lang/String;+50
j  donQuizote_v2.DonQuizote.getQAString()[Ljava/lang/String;+69
j  donQuizote_v2.DonQuizote.answerQuestion()V+13
j  donQuizote_v2.FiniteStateMachine.doAction()V+334
j  donQuizote_v2.DonQuizote.startProcessing()V+7
j  donQuizote_v2.DQWindow$5.actionPerformed(Ljava/awt/event/ActionEvent;)V+7
j  javax.swing.AbstractButton.fireActionPerformed(Ljava/awt/event/ActionEvent;)V+84
j  javax.swing.AbstractButton$Handler.actionPerformed(Ljava/awt/event/ActionEvent;)V+5
j  javax.swing.DefaultButtonModel.fireActionPerformed(Ljava/awt/event/ActionEvent;)V+35
j  javax.swing.DefaultButtonModel.setPressed(Z)V+117
j  javax.swing.plaf.basic.BasicButtonListener.mouseReleased(Ljava/awt/event/MouseEvent;)V+35
j  java.awt.Component.processMouseEvent(Ljava/awt/event/MouseEvent;)V+64
j  javax.swing.JComponent.processMouseEvent(Ljava/awt/event/MouseEvent;)V+23
j  java.awt.Component.processEvent(Ljava/awt/AWTEvent;)V+81
j  java.awt.Container.processEvent(Ljava/awt/AWTEvent;)V+18
j  java.awt.Component.dispatchEventImpl(Ljava/awt/AWTEvent;)V+581
j  java.awt.Container.dispatchEventImpl(Ljava/awt/AWTEvent;)V+42
j  java.awt.Component.dispatchEvent(Ljava/awt/AWTEvent;)V+2
j  java.awt.LightweightDispatcher.retargetMouseEvent(Ljava/awt/Component;ILjava/awt/event/MouseEvent;)V+327
j  java.awt.LightweightDispatcher.processMouseEvent(Ljava/awt/event/MouseEvent;)Z+139
j  java.awt.LightweightDispatcher.dispatchEvent(Ljava/awt/AWTEvent;)Z+50
j  java.awt.Container.dispatchEventImpl(Ljava/awt/AWTEvent;)V+12
j  java.awt.Window.dispatchEventImpl(Ljava/awt/AWTEvent;)V+19
j  java.awt.Component.dispatchEvent(Ljava/awt/AWTEvent;)V+2
j  java.awt.EventQueue.dispatchEventImpl(Ljava/awt/AWTEvent;Ljava/lang/Object;)V+41
j  java.awt.EventQueue.access$000(Ljava/awt/EventQueue;Ljava/awt/AWTEvent;Ljava/lang/Object;)V+3
j  java.awt.EventQueue$3.run()Ljava/lang/Void;+12
j  java.awt.EventQueue$3.run()Ljava/lang/Object;+1
v  ~StubRoutines::call_stub
j  java.security.AccessController.doPrivileged(Ljava/security/PrivilegedAction;Ljava/security/AccessControlContext;)Ljava/lang/Object;+0
j  java.security.ProtectionDomain$1.doIntersectionPrivilege(Ljava/security/PrivilegedAction;Ljava/security/AccessControlContext;Ljava/security/AccessControlContext;)Ljava/lang/Object;+28
j  java.security.ProtectionDomain$1.doIntersectionPrivilege(Ljava/security/PrivilegedAction;Ljava/security/AccessControlContext;)Ljava/lang/Object;+6
j  java.awt.EventQueue$4.run()Ljava/lang/Void;+11
j  java.awt.EventQueue$4.run()Ljava/lang/Object;+1
v  ~StubRoutines::call_stub
j  java.security.AccessController.doPrivileged(Ljava/security/PrivilegedAction;Ljava/security/AccessControlContext;)Ljava/lang/Object;+0
j  java.security.ProtectionDomain$1.doIntersectionPrivilege(Ljava/security/PrivilegedAction;Ljava/security/AccessControlContext;Ljava/security/AccessControlContext;)Ljava/lang/Object;+28
j  java.awt.EventQueue.dispatchEvent(Ljava/awt/AWTEvent;)V+73
j  java.awt.EventDispatchThread.pumpOneEventForFilters(I)V+245
j  java.awt.EventDispatchThread.pumpEventsForFilter(ILjava/awt/Conditional;Ljava/awt/EventFilter;)V+48
j  java.awt.EventDispatchThread.pumpEventsForHierarchy(ILjava/awt/Conditional;Ljava/awt/Component;)V+11
j  java.awt.EventDispatchThread.pumpEvents(ILjava/awt/Conditional;)V+4
j  java.awt.EventDispatchThread.pumpEvents(Ljava/awt/Conditional;)V+3
j  java.awt.EventDispatchThread.run()V+9
v  ~StubRoutines::call_stub

---------------  P R O C E S S  ---------------

Java Threads: ( => current thread )
  0x00996000 JavaThread "SwingWorker-pool-1-thread-1" daemon [_thread_blocked, id=23848, stack(0x06450000,0x064a0000)]
  0x00995800 JavaThread "TimerQueue" daemon [_thread_blocked, id=39148, stack(0x05b70000,0x05bc0000)]
  0x00995400 JavaThread "DestroyJavaVM" [_thread_blocked, id=38744, stack(0x001a0000,0x001f0000)]
  0x00994c00 JavaThread "Abandoned connection cleanup thread" daemon [_thread_blocked, id=6372, stack(0x05980000,0x059d0000)]
=>0x00994800 JavaThread "AWT-EventQueue-0" [_thread_in_native, id=33576, stack(0x050b0000,0x05100000)]
  0x00994000 JavaThread "AWT-Windows" daemon [_thread_in_native, id=30548, stack(0x04d40000,0x04d90000)]
  0x00993c00 JavaThread "AWT-Shutdown" [_thread_blocked, id=26168, stack(0x04b40000,0x04b90000)]
  0x00993400 JavaThread "Java2D Disposer" daemon [_thread_blocked, id=37632, stack(0x047c0000,0x04810000)]
  0x00992c00 JavaThread "Service Thread" daemon [_thread_blocked, id=39340, stack(0x01110000,0x01160000)]
  0x0099e000 JavaThread "C1 CompilerThread0" daemon [_thread_blocked, id=37368, stack(0x010b0000,0x01100000)]
  0x00992800 JavaThread "Attach Listener" daemon [_thread_blocked, id=32684, stack(0x01020000,0x01070000)]
  0x00992000 JavaThread "Signal Dispatcher" daemon [_thread_blocked, id=36504, stack(0x00eb0000,0x00f00000)]
  0x00981c00 JavaThread "Finalizer" daemon [_thread_blocked, id=5436, stack(0x00ba0000,0x00bf0000)]
  0x0097cc00 JavaThread "Reference Handler" daemon [_thread_blocked, id=37416, stack(0x00de0000,0x00e30000)]

Other Threads:
  0x0097b000 VMThread [stack: 0x00c80000,0x00cd0000] [id=35176]
  0x045c8400 WatcherThread [stack: 0x04980000,0x049d0000] [id=33252]

VM state:not at safepoint (normal execution)

VM Mutex/Monitor currently owned by a thread: None

Heap
 def new generation   total 4928K, used 428K [0x24800000, 0x24d50000, 0x29d50000)
  eden space 4416K,   3% used [0x24800000, 0x24826f60, 0x24c50000)
  from space 512K,  53% used [0x24cd0000, 0x24d14268, 0x24d50000)
  to   space 512K,   0% used [0x24c50000, 0x24c50000, 0x24cd0000)
 tenured generation   total 10944K, used 5818K [0x29d50000, 0x2a800000, 0x34800000)
   the space 10944K,  53% used [0x29d50000, 0x2a2fea20, 0x2a2fec00, 0x2a800000)
 compacting perm gen  total 12288K, used 7507K [0x34800000, 0x35400000, 0x38800000)
   the space 12288K,  61% used [0x34800000, 0x34f54eb0, 0x34f55000, 0x35400000)
    ro space 10240K,  42% used [0x38800000, 0x38c3e578, 0x38c3e600, 0x39200000)
    rw space 12288K,  54% used [0x39200000, 0x3987f0e8, 0x3987f200, 0x39e00000)

Code Cache  [0x025c0000, 0x02758000, 0x045c0000)
 total_blobs=833 nmethods=592 adapters=175 free_code_cache=31162Kb largest_free_block=31908608

Compilation events (10 events):
Event: 51.233 Thread 0x0099e000  591             sun.awt.image.SunWritableRaster::stealData (11 bytes)
Event: 51.233 Thread 0x0099e000 nmethod 591 0x02750888 code [0x02750990, 0x02750a50]
Event: 51.233 Thread 0x0099e000  592             java.awt.image.DataBuffer$1::getData (7 bytes)
Event: 51.233 Thread 0x0099e000 nmethod 592 0x02750b88 code [0x02750c80, 0x02750d30]
Event: 51.287 Thread 0x0099e000  593             java.awt.image.SampleModel::getNumBands (5 bytes)
Event: 51.287 Thread 0x0099e000 nmethod 593 0x02750e08 code [0x02750f00, 0x02750f80]
Event: 51.288 Thread 0x0099e000  594             java.awt.image.Raster::getSampleModel (5 bytes)
Event: 51.288 Thread 0x0099e000 nmethod 594 0x02750fc8 code [0x027510c0, 0x02751140]
Event: 51.290 Thread 0x0099e000  595             java.nio.Buffer::<init> (121 bytes)
Event: 51.291 Thread 0x0099e000 nmethod 595 0x02751188 code [0x02751340, 0x0275186c]

GC Heap History (10 events):
Event: 46.417 GC heap before
{Heap before GC invocations=6 (full 0):
 def new generation   total 4928K, used 4695K [0x24800000, 0x24d50000, 0x29d50000)
  eden space 4416K, 100% used [0x24800000, 0x24c50000, 0x24c50000)
  from space 512K,  54% used [0x24c50000, 0x24c95e10, 0x24cd0000)
  to   space 512K,   0% used [0x24cd0000, 0x24cd0000, 0x24d50000)
 tenured generation   total 10944K, used 2748K [0x29d50000, 0x2a800000, 0x34800000)
   the space 10944K,  25% used [0x29d50000, 0x29fff0b0, 0x29fff200, 0x2a800000)
 compacting perm gen  total 12288K, used 5409K [0x34800000, 0x35400000, 0x38800000)
   the space 12288K,  44% used [0x34800000, 0x34d484b0, 0x34d48600, 0x35400000)
    ro space 10240K,  42% used [0x38800000, 0x38c3e578, 0x38c3e600, 0x39200000)
    rw space 12288K,  54% used [0x39200000, 0x3987f0e8, 0x3987f200, 0x39e00000)
Event: 46.429 GC heap after
Heap after GC invocations=7 (full 0):
 def new generation   total 4928K, used 512K [0x24800000, 0x24d50000, 0x29d50000)
  eden space 4416K,   0% used [0x24800000, 0x24800000, 0x24c50000)
  from space 512K, 100% used [0x24cd0000, 0x24d50000, 0x24d50000)
  to   space 512K,   0% used [0x24c50000, 0x24c50000, 0x24cd0000)
 tenured generation   total 10944K, used 3216K [0x29d50000, 0x2a800000, 0x34800000)
   the space 10944K,  29% used [0x29d50000, 0x2a074240, 0x2a074400, 0x2a800000)
 compacting perm gen  total 12288K, used 5409K [0x34800000, 0x35400000, 0x38800000)
   the space 12288K,  44% used [0x34800000, 0x34d484b0, 0x34d48600, 0x35400000)
    ro space 10240K,  42% used [0x38800000, 0x38c3e578, 0x38c3e600, 0x39200000)
    rw space 12288K,  54% used [0x39200000, 0x3987f0e8, 0x3987f200, 0x39e00000)
}
Event: 46.711 GC heap before
{Heap before GC invocations=7 (full 0):
 def new generation   total 4928K, used 4928K [0x24800000, 0x24d50000, 0x29d50000)
  eden space 4416K, 100% used [0x24800000, 0x24c50000, 0x24c50000)
  from space 512K, 100% used [0x24cd0000, 0x24d50000, 0x24d50000)
  to   space 512K,   0% used [0x24c50000, 0x24c50000, 0x24cd0000)
 tenured generation   total 10944K, used 3216K [0x29d50000, 0x2a800000, 0x34800000)
   the space 10944K,  29% used [0x29d50000, 0x2a074240, 0x2a074400, 0x2a800000)
 compacting perm gen  total 12288K, used 6176K [0x34800000, 0x35400000, 0x38800000)
   the space 12288K,  50% used [0x34800000, 0x34e08010, 0x34e08200, 0x35400000)
    ro space 10240K,  42% used [0x38800000, 0x38c3e578, 0x38c3e600, 0x39200000)
    rw space 12288K,  54% used [0x39200000, 0x3987f0e8, 0x3987f200, 0x39e00000)
Event: 46.730 GC heap after
Heap after GC invocations=8 (full 0):
 def new generation   total 4928K, used 512K [0x24800000, 0x24d50000, 0x29d50000)
  eden space 4416K,   0% used [0x24800000, 0x24800000, 0x24c50000)
  from space 512K, 100% used [0x24c50000, 0x24cd0000, 0x24cd0000)
  to   space 512K,   0% used [0x24cd0000, 0x24cd0000, 0x24d50000)
 tenured generation   total 10944K, used 4256K [0x29d50000, 0x2a800000, 0x34800000)
   the space 10944K,  38% used [0x29d50000, 0x2a178318, 0x2a178400, 0x2a800000)
 compacting perm gen  total 12288K, used 6176K [0x34800000, 0x35400000, 0x38800000)
   the space 12288K,  50% used [0x34800000, 0x34e08010, 0x34e08200, 0x35400000)
    ro space 10240K,  42% used [0x38800000, 0x38c3e578, 0x38c3e600, 0x39200000)
    rw space 12288K,  54% used [0x39200000, 0x3987f0e8, 0x3987f200, 0x39e00000)
}
Event: 46.983 GC heap before
{Heap before GC invocations=8 (full 0):
 def new generation   total 4928K, used 4928K [0x24800000, 0x24d50000, 0x29d50000)
  eden space 4416K, 100% used [0x24800000, 0x24c50000, 0x24c50000)
  from space 512K, 100% used [0x24c50000, 0x24cd0000, 0x24cd0000)
  to   space 512K,   0% used [0x24cd0000, 0x24cd0000, 0x24d50000)
 tenured generation   total 10944K, used 4256K [0x29d50000, 0x2a800000, 0x34800000)
   the space 10944K,  38% used [0x29d50000, 0x2a178318, 0x2a178400, 0x2a800000)
 compacting perm gen  total 12288K, used 6559K [0x34800000, 0x35400000, 0x38800000)
   the space 12288K,  53% used [0x34800000, 0x34e67c18, 0x34e67e00, 0x35400000)
    ro space 10240K,  42% used [0x38800000, 0x38c3e578, 0x38c3e600, 0x39200000)
    rw space 12288K,  54% used [0x39200000, 0x3987f0e8, 0x3987f200, 0x39e00000)
Event: 47.003 GC heap after
Heap after GC invocations=9 (full 0):
 def new generation   total 4928K, used 512K [0x24800000, 0x24d50000, 0x29d50000)
  eden space 4416K,   0% used [0x24800000, 0x24800000, 0x24c50000)
  from space 512K, 100% used [0x24cd0000, 0x24d50000, 0x24d50000)
  to   space 512K,   0% used [0x24c50000, 0x24c50000, 0x24cd0000)
 tenured generation   total 10944K, used 5320K [0x29d50000, 0x2a800000, 0x34800000)
   the space 10944K,  48% used [0x29d50000, 0x2a282068, 0x2a282200, 0x2a800000)
 compacting perm gen  total 12288K, used 6559K [0x34800000, 0x35400000, 0x38800000)
   the space 12288K,  53% used [0x34800000, 0x34e67c18, 0x34e67e00, 0x35400000)
    ro space 10240K,  42% used [0x38800000, 0x38c3e578, 0x38c3e600, 0x39200000)
    rw space 12288K,  54% used [0x39200000, 0x3987f0e8, 0x3987f200, 0x39e00000)
}
Event: 49.707 GC heap before
{Heap before GC invocations=9 (full 0):
 def new generation   total 4928K, used 4928K [0x24800000, 0x24d50000, 0x29d50000)
  eden space 4416K, 100% used [0x24800000, 0x24c50000, 0x24c50000)
  from space 512K, 100% used [0x24cd0000, 0x24d50000, 0x24d50000)
  to   space 512K,   0% used [0x24c50000, 0x24c50000, 0x24cd0000)
 tenured generation   total 10944K, used 5320K [0x29d50000, 0x2a800000, 0x34800000)
   the space 10944K,  48% used [0x29d50000, 0x2a282068, 0x2a282200, 0x2a800000)
 compacting perm gen  total 12288K, used 7479K [0x34800000, 0x35400000, 0x38800000)
   the space 12288K,  60% used [0x34800000, 0x34f4dd60, 0x34f4de00, 0x35400000)
    ro space 10240K,  42% used [0x38800000, 0x38c3e578, 0x38c3e600, 0x39200000)
    rw space 12288K,  54% used [0x39200000, 0x3987f0e8, 0x3987f200, 0x39e00000)
Event: 49.720 GC heap after
Heap after GC invocations=10 (full 0):
 def new generation   total 4928K, used 273K [0x24800000, 0x24d50000, 0x29d50000)
  eden space 4416K,   0% used [0x24800000, 0x24800000, 0x24c50000)
  from space 512K,  53% used [0x24c50000, 0x24c94748, 0x24cd0000)
  to   space 512K,   0% used [0x24cd0000, 0x24cd0000, 0x24d50000)
 tenured generation   total 10944K, used 5647K [0x29d50000, 0x2a800000, 0x34800000)
   the space 10944K,  51% used [0x29d50000, 0x2a2d3d48, 0x2a2d3e00, 0x2a800000)
 compacting perm gen  total 12288K, used 7479K [0x34800000, 0x35400000, 0x38800000)
   the space 12288K,  60% used [0x34800000, 0x34f4dd60, 0x34f4de00, 0x35400000)
    ro space 10240K,  42% used [0x38800000, 0x38c3e578, 0x38c3e600, 0x39200000)
    rw space 12288K,  54% used [0x39200000, 0x3987f0e8, 0x3987f200, 0x39e00000)
}
Event: 51.465 GC heap before
{Heap before GC invocations=10 (full 0):
 def new generation   total 4928K, used 4689K [0x24800000, 0x24d50000, 0x29d50000)
  eden space 4416K, 100% used [0x24800000, 0x24c50000, 0x24c50000)
  from space 512K,  53% used [0x24c50000, 0x24c94748, 0x24cd0000)
  to   space 512K,   0% used [0x24cd0000, 0x24cd0000, 0x24d50000)
 tenured generation   total 10944K, used 5647K [0x29d50000, 0x2a800000, 0x34800000)
   the space 10944K,  51% used [0x29d50000, 0x2a2d3d48, 0x2a2d3e00, 0x2a800000)
 compacting perm gen  total 12288K, used 7501K [0x34800000, 0x35400000, 0x38800000)
   the space 12288K,  61% used [0x34800000, 0x34f53588, 0x34f53600, 0x35400000)
    ro space 10240K,  42% used [0x38800000, 0x38c3e578, 0x38c3e600, 0x39200000)
    rw space 12288K,  54% used [0x39200000, 0x3987f0e8, 0x3987f200, 0x39e00000)
Event: 51.471 GC heap after
Heap after GC invocations=11 (full 0):
 def new generation   total 4928K, used 272K [0x24800000, 0x24d50000, 0x29d50000)
  eden space 4416K,   0% used [0x24800000, 0x24800000, 0x24c50000)
  from space 512K,  53% used [0x24cd0000, 0x24d14268, 0x24d50000)
  to   space 512K,   0% used [0x24c50000, 0x24c50000, 0x24cd0000)
 tenured generation   total 10944K, used 5818K [0x29d50000, 0x2a800000, 0x34800000)
   the space 10944K,  53% used [0x29d50000, 0x2a2fea20, 0x2a2fec00, 0x2a800000)
 compacting perm gen  total 12288K, used 7501K [0x34800000, 0x35400000, 0x38800000)
   the space 12288K,  61% used [0x34800000, 0x34f53588, 0x34f53600, 0x35400000)
    ro space 10240K,  42% used [0x38800000, 0x38c3e578, 0x38c3e600, 0x39200000)
    rw space 12288K,  54% used [0x39200000, 0x3987f0e8, 0x3987f200, 0x39e00000)
}

Deoptimization events (0 events):
No events

Internal exceptions (10 events):
Event: 47.180 Thread 0x00994800 Threw 0x248e6fb8 at C:\jdk7u2_32P\jdk7u4\hotspot\src\share\vm\classfile\systemDictionary.cpp:179
Event: 47.237 Thread 0x00994800 Threw 0x24912190 at C:\jdk7u2_32P\jdk7u4\hotspot\src\share\vm\classfile\systemDictionary.cpp:179
Event: 47.250 Thread 0x00994800 Threw 0x2493f9f8 at C:\jdk7u2_32P\jdk7u4\hotspot\src\share\vm\classfile\systemDictionary.cpp:179
Event: 47.292 Thread 0x00994800 Threw 0x24966b98 at C:\jdk7u2_32P\jdk7u4\hotspot\src\share\vm\classfile\systemDictionary.cpp:179
Event: 47.302 Thread 0x00994800 Threw 0x24991188 at C:\jdk7u2_32P\jdk7u4\hotspot\src\share\vm\classfile\systemDictionary.cpp:179
Event: 47.340 Thread 0x00994800 Threw 0x249badd0 at C:\jdk7u2_32P\jdk7u4\hotspot\src\share\vm\classfile\systemDictionary.cpp:179
Event: 47.351 Thread 0x00994800 Threw 0x249e56f8 at C:\jdk7u2_32P\jdk7u4\hotspot\src\share\vm\classfile\systemDictionary.cpp:179
Event: 47.392 Thread 0x00994800 Threw 0x24a0cd48 at C:\jdk7u2_32P\jdk7u4\hotspot\src\share\vm\classfile\systemDictionary.cpp:179
Event: 47.403 Thread 0x00994800 Threw 0x24a37030 at C:\jdk7u2_32P\jdk7u4\hotspot\src\share\vm\prims\jvm.cpp:1166
Event: 50.829 Thread 0x00994800 Threw 0x249f2838 at C:\jdk7u2_32P\jdk7u4\hotspot\src\share\vm\prims\jvm.cpp:1166

Events (10 events):
Event: 51.465 Executing VM operation: GenCollectForAllocation
Event: 51.472 Executing VM operation: GenCollectForAllocation done
Event: 51.472 Executing VM operation: RevokeBias
Event: 51.474 Executing VM operation: RevokeBias done
Event: 51.474 Executing VM operation: RevokeBias
Event: 51.474 Executing VM operation: RevokeBias done
Event: 51.475 Executing VM operation: RevokeBias
Event: 51.475 Executing VM operation: RevokeBias done
Event: 51.475 Executing VM operation: RevokeBias
Event: 51.475 Executing VM operation: RevokeBias done


Dynamic libraries:
0x01190000 - 0x011bf000 	C:\Program Files (x86)\Java\jre7\bin\javaw.exe
0x77760000 - 0x778e0000 	C:\Windows\SysWOW64\ntdll.dll
0x757c0000 - 0x758c0000 	C:\Windows\syswow64\kernel32.dll
0x763f0000 - 0x76436000 	C:\Windows\syswow64\KERNELBASE.dll
0x75ca0000 - 0x75d40000 	C:\Windows\syswow64\ADVAPI32.dll
0x75fb0000 - 0x7605c000 	C:\Windows\syswow64\msvcrt.dll
0x75d40000 - 0x75d59000 	C:\Windows\SysWOW64\sechost.dll
0x75bb0000 - 0x75ca0000 	C:\Windows\syswow64\RPCRT4.dll
0x752d0000 - 0x75330000 	C:\Windows\syswow64\SspiCli.dll
0x752c0000 - 0x752cc000 	C:\Windows\syswow64\CRYPTBASE.dll
0x76260000 - 0x76360000 	C:\Windows\syswow64\USER32.dll
0x772d0000 - 0x77360000 	C:\Windows\syswow64\GDI32.dll
0x75610000 - 0x7561a000 	C:\Windows\syswow64\LPK.dll
0x754e0000 - 0x7557d000 	C:\Windows\syswow64\USP10.dll
0x5d2e0000 - 0x5d47e000 	C:\Windows\WinSxS\x86_microsoft.windows.common-controls_6595b64144ccf1df_6.0.7600.16385_none_421189da2b7fabfc\COMCTL32.dll
0x75990000 - 0x759e7000 	C:\Windows\syswow64\SHLWAPI.dll
0x75f50000 - 0x75fb0000 	C:\Windows\system32\IMM32.DLL
0x758c0000 - 0x7598c000 	C:\Windows\syswow64\MSCTF.dll
0x5ef30000 - 0x5efee000 	C:\Program Files (x86)\Java\jre7\bin\msvcr100.dll
0x52ec0000 - 0x5320a000 	C:\Program Files (x86)\Java\jre7\bin\client\jvm.dll
0x74ef0000 - 0x74ef7000 	C:\Windows\system32\WSOCK32.dll
0x765c0000 - 0x765f5000 	C:\Windows\syswow64\WS2_32.dll
0x77730000 - 0x77736000 	C:\Windows\syswow64\NSI.dll
0x74dd0000 - 0x74e02000 	C:\Windows\system32\WINMM.dll
0x75a80000 - 0x75a85000 	C:\Windows\syswow64\PSAPI.DLL
0x71cc0000 - 0x71ccc000 	C:\Program Files (x86)\Java\jre7\bin\verify.dll
0x719b0000 - 0x719d0000 	C:\Program Files (x86)\Java\jre7\bin\java.dll
0x71770000 - 0x71783000 	C:\Program Files (x86)\Java\jre7\bin\zip.dll
0x10000000 - 0x10119000 	C:\Program Files (x86)\tesseract-2.04\tessdll.dll
0x745f0000 - 0x74693000 	C:\Windows\WinSxS\x86_microsoft.vc90.crt_1fc8b3b9a1e18e3b_9.0.30729.4926_none_508ed732bcbc0e5a\MSVCR90.dll
0x72e60000 - 0x72eee000 	C:\Windows\WinSxS\x86_microsoft.vc90.crt_1fc8b3b9a1e18e3b_9.0.30729.4926_none_508ed732bcbc0e5a\MSVCP90.dll
0x68ec0000 - 0x68ecc000 	C:\Users\Michael\Coding\Libraries\tesjeract-0.3.3\tesjeract.dll
0x62d90000 - 0x62ed2000 	C:\Program Files (x86)\Java\jre7\bin\awt.dll
0x75580000 - 0x7560f000 	C:\Windows\syswow64\OLEAUT32.dll
0x75380000 - 0x754dc000 	C:\Windows\syswow64\ole32.dll
0x76680000 - 0x772c9000 	C:\Windows\syswow64\SHELL32.dll
0x6bc60000 - 0x6bc73000 	C:\Windows\system32\DWMAPI.DLL
0x715b0000 - 0x715da000 	C:\Program Files (x86)\Java\jre7\bin\fontmanager.dll
0x71d00000 - 0x71d14000 	C:\Program Files (x86)\Java\jre7\bin\net.dll
0x744e0000 - 0x7451c000 	C:\Windows\system32\mswsock.dll
0x744c0000 - 0x744c6000 	C:\Windows\System32\wship6.dll
0x72d90000 - 0x72d9f000 	C:\Program Files (x86)\Java\jre7\bin\nio.dll
0x76360000 - 0x763e3000 	C:\Windows\syswow64\CLBCatQ.DLL
0x5ebf0000 - 0x5eceb000 	C:\Windows\system32\WindowsCodecs.dll
0x74470000 - 0x744bb000 	C:\Windows\system32\apphelp.dll
0x00e30000 - 0x00e47000 	C:\Users\Michael\AppData\Roaming\Dropbox\bin\DropboxExt.14.dll
0x6f9e0000 - 0x6facb000 	C:\Windows\system32\dbghelp.dll
0x7c3a0000 - 0x7c41b000 	C:\Users\Michael\AppData\Roaming\Dropbox\bin\MSVCP71.dll
0x7c340000 - 0x7c396000 	C:\Users\Michael\AppData\Roaming\Dropbox\bin\MSVCR71.dll
0x69c30000 - 0x69c61000 	C:\Windows\system32\EhStorShell.dll
0x75620000 - 0x757bd000 	C:\Windows\syswow64\SETUPAPI.dll
0x75eb0000 - 0x75ed7000 	C:\Windows\syswow64\CFGMGR32.dll
0x75b90000 - 0x75ba2000 	C:\Windows\syswow64\DEVOBJ.dll
0x5cfa0000 - 0x5d095000 	C:\Windows\system32\PROPSYS.dll
0x5d930000 - 0x5d99f000 	C:\Windows\system32\ntshrui.dll
0x74ea0000 - 0x74eb9000 	C:\Windows\system32\srvcli.dll
0x73d70000 - 0x73d7b000 	C:\Windows\system32\cscapi.dll
0x71ca0000 - 0x71caa000 	C:\Windows\system32\slc.dll
0x6f980000 - 0x6f9b1000 	C:\Program Files (x86)\Java\jre7\bin\t2k.dll
0x744d0000 - 0x744d5000 	C:\Windows\System32\wshtcpip.dll
0x745a0000 - 0x745e4000 	C:\Windows\system32\DNSAPI.dll
0x74e60000 - 0x74e7c000 	C:\Windows\system32\IPHLPAPI.DLL
0x74e50000 - 0x74e57000 	C:\Windows\system32\WINNSI.DLL
0x74740000 - 0x74746000 	C:\Windows\system32\rasadhlp.dll
0x719e0000 - 0x71a18000 	C:\Windows\System32\fwpuclnt.dll
0x5eb60000 - 0x5ebee000 	C:\Program Files (x86)\Java\jre7\bin\mlib_image.dll
0x72bc0000 - 0x72bd6000 	C:\Windows\system32\CRYPTSP.dll
0x72b80000 - 0x72bbb000 	C:\Windows\system32\rsaenh.dll
0x6f780000 - 0x6f797000 	C:\Windows\system32\USERENV.dll
0x719d0000 - 0x719db000 	C:\Windows\system32\profapi.dll
0x737f0000 - 0x73800000 	C:\Windows\system32\NLAapi.dll
0x737e0000 - 0x737e8000 	C:\Windows\System32\winrnr.dll
0x737d0000 - 0x737e0000 	C:\Windows\system32\napinsp.dll
0x71800000 - 0x71820000 	C:\Program Files (x86)\Java\jre7\bin\sunec.dll
0x71650000 - 0x71659000 	C:\Program Files (x86)\Java\jre7\bin\sunmscapi.dll
0x75d90000 - 0x75eae000 	C:\Windows\syswow64\CRYPT32.dll
0x75ee0000 - 0x75eec000 	C:\Windows\syswow64\MSASN1.dll

VM Arguments:
jvm_args: -Djava.library.path=C:\Users\Michael\Coding\Libraries\tesjeract-0.3.3;C:\Users\skellystudios\Dev\Itbox\Asprise-OCR-Java-MacOSX_SnowLeopard-4.0.zip Folder;C:\Program Files (x86)\tesseract-2.04 -Dfile.encoding=Cp1252 
java_command: donQuizote_v2.DonQuizote
Launcher Type: SUN_STANDARD

Environment Variables:
PATH=C:/Program Files (x86)/Java/jre7/bin/client;C:/Program Files (x86)/Java/jre7/bin;C:/Program Files (x86)/Java/jre7/lib/i386;C:\Program Files (x86)\PHP\;C:\Windows\system32;C:\Windows;C:\Windows\System32\Wbem;C:\Windows\System32\WindowsPowerShell\v1.0\;C:\Program Files (x86)\apache-ant-1.8.3\bin\;C:\Program Files (x86)\tesseract-2.04;C:\Program Files (x86)\Java\jdk1.7.0_04\bin;C:\Program Files (x86)\Java\jre7\bin;C:\Program Files\Lynx;C:\Ruby193\bin;C:\Program Files\Microsoft\Web Platform Installer\;C:\Program Files (x86)\Microsoft ASP.NET\ASP.NET Web Pages\v1.0\;C:\Program Files\Microsoft SQL Server\110\Tools\Binn\;C:\Program Files (x86)\eclipse;
USERNAME=Michael
OS=Windows_NT
PROCESSOR_IDENTIFIER=AMD64 Family 16 Model 2 Stepping 3, AuthenticAMD



---------------  S Y S T E M  ---------------

OS: Windows NT 6.1 , 64 bit Build 7600 

CPU:total 8 (4 cores per cpu, 1 threads per core) family 16 model 2 stepping 3, cmov, cx8, fxsr, mmx, sse, sse2, sse3, popcnt, mmxext, 3dnowpref, lzcnt, sse4a, tsc, tscinvbit, tscinv

Memory: 4k page, physical 2097148k(2097148k free), swap 33549684k(19849980k free)

vm_info: Java HotSpot(TM) Client VM (23.0-b21) for windows-x86 JRE (1.7.0_04-b22), built on May  3 2012 00:03:48 by "java_re" with unknown MS VC++:1600

time: Wed Dec 05 18:10:18 2012
elapsed time: 54 seconds

